#
# A fatal error has been detected by the Java Runtime Environment:
#
#  SIGSEGV (0xb) at pc=0x00007fff777dfa1d, pid=12492, tid=0x0000000000000307
#
# JRE version: Java(TM) SE Runtime Environment (8.0_111-b14) (build 1.8.0_111-b14)
# Java VM: Java HotSpot(TM) 64-Bit Server VM (25.111-b14 mixed mode bsd-amd64 compressed oops)
# Problematic frame:
# C  [libobjc.A.dylib+0x7a1d]  objc_msgSend+0x1d
#
# Failed to write core dump. Core dumps have been disabled. To enable core dumping, try "ulimit -c unlimited" before starting Java again
#
# If you would like to submit a bug report, please visit:
#   http://bugreport.java.com/bugreport/crash.jsp
# The crash happened outside the Java Virtual Machine in native code.
# See problematic frame for where to report the bug.
#

---------------  T H R E A D  ---------------

Current thread (0x00007ffc6198a800):  JavaThread "AWT-AppKit" daemon [_thread_in_native, id=775, stack(0x00007ffee5047000,0x00007ffee5847000)]

siginfo: si_signo: 11 (SIGSEGV), si_code: 1 (SEGV_MAPERR), si_addr: 0x0000000000000018

Registers:
RAX=0x00007ffc663e5c90, RBX=0x000000012aa78450, RCX=0x0000000000000001, RDX=0x0000000000000000
RSP=0x00007ffee58420e8, RBP=0x00007ffee58421a0, RSI=0x00007fff49824a0b, RDI=0x00007ffc66494bb0
R8 =0x0000000000000000, R9 =0x0000000000000000, R10=0x0000000000000000, R11=0x00007fff49824a0b
R12=0x0000000000000000, R13=0x000000016d99de38, R14=0x000000012aa78440, R15=0x00007ffc6198a800
RIP=0x00007fff777dfa1d, EFLAGS=0x0000000000010246, ERR=0x0000000000000004
  TRAPNO=0x000000000000000e

Top of Stack: (sp=0x00007ffee58420e8)
0x00007ffee58420e8:   000000012aa76157 00007ffee5842140
0x00007ffee58420f8:   0000000000000003 00007ffee5842120
0x00007ffee5842108:   000000010b5f27be 000000016d99de38
0x00007ffee5842118:   000000016d99de38 00007ffc663e5c90
0x00007ffee5842128:   000000012aa786a0 000000012aa78710
0x00007ffee5842138:   00007fffa40efca8 00007fffa57e5e48
0x00007ffee5842148:   000000012aa78450 000000012aa78690
0x00007ffee5842158:   00007ffc663e5c90 00007ffc66494bb0
0x00007ffee5842168:   00007ffc6168d700 00007ffc663e5c90
0x00007ffee5842178:   00007ffc66494bb0 00007ffee5842228
0x00007ffee5842188:   00007ffc6198a9f8 000000016d99de38
0x00007ffee5842198:   00007ffee5842250 00007ffee5842218
0x00007ffee58421a8:   0000000116d9b9f4 000000016d99de38
0x00007ffee58421b8:   00007ffee5842250 00007ffee5842218
0x00007ffee58421c8:   0000000116d9b787 0000000116d9b742
0x00007ffee58421d8:   00007ffee58421d8 000000016d99de38
0x00007ffee58421e8:   00007ffee5842250 000000016d9a0a70
0x00007ffee58421f8:   0000000000000000 000000016d99de38
0x00007ffee5842208:   0000000000000000 00007ffee5842238
0x00007ffee5842218:   00007ffee5842298 0000000116d8c2bd
0x00007ffee5842228:   000000076ee516e8 0000000116d95538
0x00007ffee5842238:   00007ffc663e5c90 00007ffee5842298
0x00007ffee5842248:   00007ffc66494bb0 0000000116d96e02
0x00007ffee5842258:   00007ffee5842258 000000016d99e002
0x00007ffee5842268:   00007ffee58422c0 000000016d9a0a70
0x00007ffee5842278:   0000000000000000 000000016d99e010
0x00007ffee5842288:   00007ffee5842238 00007ffee58422a8
0x00007ffee5842298:   00007ffee5842308 0000000116d8c2bd
0x00007ffee58422a8:   00007ffc663e5c90 000000076ec32650
0x00007ffee58422b8:   00007ffc66494bb0 000000076ec32650
0x00007ffee58422c8:   00007ffee58422c8 0000000170d408b6
0x00007ffee58422d8:   00007ffee5842318 0000000170d40970 

Instructions: (pc=0x00007fff777dfa1d)
0x00007fff777df9fd:   0f 1f 00 48 85 ff 2e 74 62 40 f6 c7 01 2e 75 66
0x00007fff777dfa0d:   49 ba f8 ff ff ff ff 7f 00 00 4c 23 17 49 89 f3
0x00007fff777dfa1d:   45 23 5a 18 49 c1 e3 04 4d 03 5a 10 49 3b 33 75
0x00007fff777dfa2d:   04 41 ff 63 08 49 83 3b 01 76 0d 49 83 c3 10 49 

Register to memory mapping:

RAX=0x00007ffc663e5c90 is an unknown value
RBX=0x000000012aa78450: Java_jogamp_nativewindow_macosx_OSXUtil_GetScreenRefreshRate0+0x1cf0 in /private/var/folders/_p/b5qcm4c96mngd1b05mm2b76c0000gp/T/jogamp_0000/file_cache/jln6793677606387127338/jln3191230355733291164/libnativewindow_macosx.jnilib at 0x000000012aa71000
RCX=0x0000000000000001 is an unknown value
RDX=0x0000000000000000 is an unknown value
RSP=0x00007ffee58420e8 is pointing into the stack for thread: 0x00007ffc6198a800
RBP=0x00007ffee58421a0 is pointing into the stack for thread: 0x00007ffc6198a800
RSI=0x00007fff49824a0b: GCC_except_table7+0x9eaf in /System/Library/Frameworks/AppKit.framework/Versions/C/AppKit at 0x00007fff48c16000
RDI=0x00007ffc66494bb0 is an unknown value
R8 =0x0000000000000000 is an unknown value
R9 =0x0000000000000000 is an unknown value
R10=0x0000000000000000 is an unknown value
R11=0x00007fff49824a0b: GCC_except_table7+0x9eaf in /System/Library/Frameworks/AppKit.framework/Versions/C/AppKit at 0x00007fff48c16000
R12=0x0000000000000000 is an unknown value
R13={method} {0x000000016d99de38} 'UnsetJAWTRootSurfaceLayer0' '(JJ)V' in 'jogamp/nativewindow/jawt/macosx/MacOSXJAWTWindow'
R14=0x000000012aa78440: Java_jogamp_nativewindow_macosx_OSXUtil_GetScreenRefreshRate0+0x1ce0 in /private/var/folders/_p/b5qcm4c96mngd1b05mm2b76c0000gp/T/jogamp_0000/file_cache/jln6793677606387127338/jln3191230355733291164/libnativewindow_macosx.jnilib at 0x000000012aa71000
R15=0x00007ffc6198a800 is a thread


Stack: [0x00007ffee5047000,0x00007ffee5847000],  sp=0x00007ffee58420e8,  free space=8172k
Native frames: (J=compiled Java code, j=interpreted, Vv=VM code, C=native code)
C  [libobjc.A.dylib+0x7a1d]  objc_msgSend+0x1d
j  jogamp.nativewindow.jawt.macosx.MacOSXJAWTWindow.UnsetJAWTRootSurfaceLayer0(JJ)V+0
j  jogamp.nativewindow.jawt.macosx.MacOSXJAWTWindow.access$200(JJ)V+2
j  jogamp.nativewindow.jawt.macosx.MacOSXJAWTWindow$1.run()V+38
J 1772 C1 com.jogamp.common.util.RunnableTask.run()V (345 bytes) @ 0x00000001173b0274 [0x00000001173b00e0+0x194]
v  ~StubRoutines::call_stub
V  [libjvm.dylib+0x2ecf8a]  JavaCalls::call_helper(JavaValue*, methodHandle*, JavaCallArguments*, Thread*)+0x6ae
V  [libjvm.dylib+0x324119]  jni_invoke_nonstatic(JNIEnv_*, JavaValue*, _jobject*, JNICallType, _jmethodID*, JNI_ArgumentPusher*, Thread*)+0x2ec
V  [libjvm.dylib+0x3168e7]  jni_CallVoidMethod+0x16b
C  [libnativewindow_macosx.jnilib+0x5326]  Java_jogamp_nativewindow_jawt_macosx_MacOSXJAWTWindow_UnsetJAWTRootSurfaceLayer0+0x2b6
C  [Foundation+0xb1abb]  __NSThreadPerformPerform+0x147
C  [CoreFoundation+0x58155]  __CFRUNLOOP_IS_CALLING_OUT_TO_A_SOURCE0_PERFORM_FUNCTION__+0x11
C  [CoreFoundation+0x580fb]  __CFRunLoopDoSource0+0x6c
C  [CoreFoundation+0x3bb95]  __CFRunLoopDoSources0+0xc3
C  [CoreFoundation+0x3b13e]  __CFRunLoopRun+0x4c3
C  [CoreFoundation+0x3aa28]  CFRunLoopRunSpecific+0x1cf
C  [HIToolbox+0xab35]  RunCurrentEventLoopInMode+0x125
C  [HIToolbox+0xa774]  ReceiveNextEventCommon+0x173
C  [HIToolbox+0xa5e8]  _BlockUntilNextEventMatchingListInModeWithFilter+0x40
C  [AppKit+0x1aeb7]  _DPSNextEvent+0x3e5
C  [AppKit+0x19c56]  -[NSApplication(NSEvent) _nextEventMatchingEventMask:untilDate:inMode:dequeue:]+0x552
C  [libosxapp.dylib+0x23aa]  -[NSApplicationAWT nextEventMatchingMask:untilDate:inMode:dequeue:]+0x7c
C  [AppKit+0x13cb9]  -[NSApplication run]+0x2bb
C  [libosxapp.dylib+0x214d]  +[NSApplicationAWT runAWTLoopWithApp:]+0x9c
C  [libawt_lwawt.dylib+0x444b3]  -[AWTStarter starter:]+0x389
C  [Foundation+0xb1abb]  __NSThreadPerformPerform+0x147
C  [CoreFoundation+0x58155]  __CFRUNLOOP_IS_CALLING_OUT_TO_A_SOURCE0_PERFORM_FUNCTION__+0x11
C  [CoreFoundation+0x580fb]  __CFRunLoopDoSource0+0x6c
C  [CoreFoundation+0x3bb95]  __CFRunLoopDoSources0+0xc3
C  [CoreFoundation+0x3b13e]  __CFRunLoopRun+0x4c3
C  [CoreFoundation+0x3aa28]  CFRunLoopRunSpecific+0x1cf
C  [java+0x6465]  CreateExecutionEnvironment+0x367
C  [java+0x218c]  JLI_Launch+0x7a0
C  [java+0x84c2]  main+0x65
C  [java+0x19e4]  start+0x34
C  0x0000000000000007

Java frames: (J=compiled Java code, j=interpreted, Vv=VM code)
j  jogamp.nativewindow.jawt.macosx.MacOSXJAWTWindow.UnsetJAWTRootSurfaceLayer0(JJ)V+0
j  jogamp.nativewindow.jawt.macosx.MacOSXJAWTWindow.access$200(JJ)V+2
j  jogamp.nativewindow.jawt.macosx.MacOSXJAWTWindow$1.run()V+38
J 1772 C1 com.jogamp.common.util.RunnableTask.run()V (345 bytes) @ 0x00000001173b0274 [0x00000001173b00e0+0x194]
v  ~StubRoutines::call_stub

---------------  P R O C E S S  ---------------

Java Threads: ( => current thread )
  0x00007ffc649d5800 JavaThread "Thread-28" [_thread_blocked, id=57403, stack(0x000070000cfb0000,0x000070000d0b0000)]
  0x00007ffc62a38000 JavaThread "AWT-EventQueue-1" [_thread_in_native, id=68131, stack(0x000070000ce2a000,0x000070000cf2a000)]
  0x00007ffc64a58000 JavaThread "DestroyJavaVM" [_thread_blocked, id=9731, stack(0x000070000b0c7000,0x000070000b1c7000)]
  0x00007ffc62189000 JavaThread "AWT-EventQueue-0" [_thread_blocked, id=75059, stack(0x000070000cba1000,0x000070000cca1000)]
  0x00007ffc6385d800 JavaThread "Java2D Disposer" daemon [_thread_blocked, id=51475, stack(0x000070000c918000,0x000070000ca18000)]
  0x00007ffc65008000 JavaThread "Java2D Queue Flusher" daemon [_thread_blocked, id=77839, stack(0x000070000c815000,0x000070000c915000)]
  0x00007ffc62103800 JavaThread "AWT-Shutdown" [_thread_blocked, id=38695, stack(0x000070000c400000,0x000070000c500000)]
=>0x00007ffc6198a800 JavaThread "AWT-AppKit" daemon [_thread_in_native, id=775, stack(0x00007ffee5047000,0x00007ffee5847000)]
  0x00007ffc620a0800 JavaThread "Service Thread" daemon [_thread_blocked, id=14851, stack(0x000070000c1fa000,0x000070000c2fa000)]
  0x00007ffc64000800 JavaThread "C1 CompilerThread3" daemon [_thread_blocked, id=14339, stack(0x000070000c0f7000,0x000070000c1f7000)]
  0x00007ffc61820000 JavaThread "C2 CompilerThread2" daemon [_thread_blocked, id=16131, stack(0x000070000bff4000,0x000070000c0f4000)]
  0x00007ffc6181f000 JavaThread "C2 CompilerThread1" daemon [_thread_blocked, id=16387, stack(0x000070000bef1000,0x000070000bff1000)]
  0x00007ffc62037000 JavaThread "C2 CompilerThread0" daemon [_thread_blocked, id=16643, stack(0x000070000bdee000,0x000070000beee000)]
  0x00007ffc62036800 JavaThread "Signal Dispatcher" daemon [_thread_blocked, id=13315, stack(0x000070000bceb000,0x000070000bdeb000)]
  0x00007ffc62829000 JavaThread "Finalizer" daemon [_thread_blocked, id=18691, stack(0x000070000bbe8000,0x000070000bce8000)]
  0x00007ffc62826800 JavaThread "Reference Handler" daemon [_thread_blocked, id=19203, stack(0x000070000bae5000,0x000070000bbe5000)]

Other Threads:
  0x00007ffc62821800 VMThread [stack: 0x000070000b9e2000,0x000070000bae2000] [id=19715]
  0x00007ffc61830800 WatcherThread [stack: 0x000070000c2fd000,0x000070000c3fd000] [id=15619]

VM state:not at safepoint (normal execution)

VM Mutex/Monitor currently owned by a thread: None

Heap:
 PSYoungGen      total 76288K, used 46361K [0x000000076ab00000, 0x0000000770000000, 0x00000007c0000000)
  eden space 65536K, 54% used [0x000000076ab00000,0x000000076cdcc448,0x000000076eb00000)
  from space 10752K, 99% used [0x000000076eb00000,0x000000076f57a0a0,0x000000076f580000)
  to   space 10752K, 0% used [0x000000076f580000,0x000000076f580000,0x0000000770000000)
 ParOldGen       total 175104K, used 6764K [0x00000006c0000000, 0x00000006cab00000, 0x000000076ab00000)
  object space 175104K, 3% used [0x00000006c0000000,0x00000006c069b008,0x00000006cab00000)
 Metaspace       used 19345K, capacity 19553K, committed 19712K, reserved 1067008K
  class space    used 1911K, capacity 1989K, committed 2048K, reserved 1048576K

Card table byte_map: [0x000000010c7df000,0x000000010cfe0000] byte_map_base: 0x00000001091df000

Marking Bits: (ParMarkBitMap*) 0x000000010bcefd20
 Begin Bits: [0x000000010d536000, 0x0000000111536000)
 End Bits:   [0x0000000111536000, 0x0000000115536000)

Polling page: 0x000000010a3f6000

CodeCache: size=245760Kb used=7104Kb max_used=7110Kb free=238655Kb
 bounds [0x0000000116d84000, 0x0000000117484000, 0x0000000125d84000]
 total_blobs=2834 nmethods=1961 adapters=787
 compilation: enabled

Compilation events (10 events):
Event: 20.706 Thread 0x00007ffc64000800 2135       3       java.lang.StringBuilder::<init> (6 bytes)
Event: 20.706 Thread 0x00007ffc64000800 nmethod 2135 0x0000000117146b90 code [0x0000000117146d00, 0x0000000117146fb0]
Event: 20.706 Thread 0x00007ffc64000800 2137       3       jdk.internal.org.objectweb.asm.AnnotationWriter::visitEnd (43 bytes)
Event: 20.706 Thread 0x00007ffc64000800 nmethod 2137 0x0000000117146710 code [0x0000000117146880, 0x0000000117146a70]
Event: 20.706 Thread 0x00007ffc64000800 2138       3       java.lang.Class::checkMemberAccess (49 bytes)
Event: 20.707 Thread 0x00007ffc64000800 nmethod 2138 0x000000011745dcd0 code [0x000000011745de80, 0x000000011745e438]
Event: 20.824 Thread 0x00007ffc64000800 2140       3       sun.java2d.pipe.RenderBuffer::putFloat (26 bytes)
Event: 20.824 Thread 0x00007ffc64000800 nmethod 2140 0x0000000117146350 code [0x00000001171464c0, 0x0000000117146650]
Event: 20.824 Thread 0x00007ffc64000800 2139       1       sun.java2d.SurfaceData::isValid (5 bytes)
Event: 20.824 Thread 0x00007ffc64000800 nmethod 2139 0x000000011745da10 code [0x000000011745db60, 0x000000011745dc70]

GC Heap History (6 events):
Event: 3.839 GC heap before
{Heap before GC invocations=1 (full 0):
 PSYoungGen      total 76288K, used 65536K [0x000000076ab00000, 0x0000000770000000, 0x00000007c0000000)
  eden space 65536K, 100% used [0x000000076ab00000,0x000000076eb00000,0x000000076eb00000)
  from space 10752K, 0% used [0x000000076f580000,0x000000076f580000,0x0000000770000000)
  to   space 10752K, 0% used [0x000000076eb00000,0x000000076eb00000,0x000000076f580000)
 ParOldGen       total 175104K, used 0K [0x00000006c0000000, 0x00000006cab00000, 0x000000076ab00000)
  object space 175104K, 0% used [0x00000006c0000000,0x00000006c0000000,0x00000006cab00000)
 Metaspace       used 18281K, capacity 18451K, committed 18560K, reserved 1067008K
  class space    used 1855K, capacity 1920K, committed 1920K, reserved 1048576K
Event: 3.854 GC heap after
Heap after GC invocations=1 (full 0):
 PSYoungGen      total 76288K, used 10751K [0x000000076ab00000, 0x0000000770000000, 0x00000007c0000000)
  eden space 65536K, 0% used [0x000000076ab00000,0x000000076ab00000,0x000000076eb00000)
  from space 10752K, 99% used [0x000000076eb00000,0x000000076f57fd58,0x000000076f580000)
  to   space 10752K, 0% used [0x000000076f580000,0x000000076f580000,0x0000000770000000)
 ParOldGen       total 175104K, used 2019K [0x00000006c0000000, 0x00000006cab00000, 0x000000076ab00000)
  object space 175104K, 1% used [0x00000006c0000000,0x00000006c01f8f38,0x00000006cab00000)
 Metaspace       used 18281K, capacity 18451K, committed 18560K, reserved 1067008K
  class space    used 1855K, capacity 1920K, committed 1920K, reserved 1048576K
}
Event: 6.527 GC heap before
{Heap before GC invocations=2 (full 0):
 PSYoungGen      total 76288K, used 76287K [0x000000076ab00000, 0x0000000770000000, 0x00000007c0000000)
  eden space 65536K, 100% used [0x000000076ab00000,0x000000076eb00000,0x000000076eb00000)
  from space 10752K, 99% used [0x000000076eb00000,0x000000076f57fd58,0x000000076f580000)
  to   space 10752K, 0% used [0x000000076f580000,0x000000076f580000,0x0000000770000000)
 ParOldGen       total 175104K, used 2019K [0x00000006c0000000, 0x00000006cab00000, 0x000000076ab00000)
  object space 175104K, 1% used [0x00000006c0000000,0x00000006c01f8f38,0x00000006cab00000)
 Metaspace       used 18853K, capacity 19059K, committed 19200K, reserved 1067008K
  class space    used 1876K, capacity 1952K, committed 2048K, reserved 1048576K
Event: 6.535 GC heap after
Heap after GC invocations=2 (full 0):
 PSYoungGen      total 76288K, used 10742K [0x000000076ab00000, 0x0000000770000000, 0x00000007c0000000)
  eden space 65536K, 0% used [0x000000076ab00000,0x000000076ab00000,0x000000076eb00000)
  from space 10752K, 99% used [0x000000076f580000,0x000000076fffd970,0x0000000770000000)
  to   space 10752K, 0% used [0x000000076eb00000,0x000000076eb00000,0x000000076f580000)
 ParOldGen       total 175104K, used 3387K [0x00000006c0000000, 0x00000006cab00000, 0x000000076ab00000)
  object space 175104K, 1% used [0x00000006c0000000,0x00000006c034ef38,0x00000006cab00000)
 Metaspace       used 18853K, capacity 19059K, committed 19200K, reserved 1067008K
  class space    used 1876K, capacity 1952K, committed 2048K, reserved 1048576K
}
Event: 12.076 GC heap before
{Heap before GC invocations=3 (full 0):
 PSYoungGen      total 76288K, used 76278K [0x000000076ab00000, 0x0000000770000000, 0x00000007c0000000)
  eden space 65536K, 100% used [0x000000076ab00000,0x000000076eb00000,0x000000076eb00000)
  from space 10752K, 99% used [0x000000076f580000,0x000000076fffd970,0x0000000770000000)
  to   space 10752K, 0% used [0x000000076eb00000,0x000000076eb00000,0x000000076f580000)
 ParOldGen       total 175104K, used 3387K [0x00000006c0000000, 0x00000006cab00000, 0x000000076ab00000)
  object space 175104K, 1% used [0x00000006c0000000,0x00000006c034ef38,0x00000006cab00000)
 Metaspace       used 19084K, capacity 19315K, committed 19456K, reserved 1067008K
  class space    used 1876K, capacity 1952K, committed 2048K, reserved 1048576K
Event: 12.085 GC heap after
Heap after GC invocations=3 (full 0):
 PSYoungGen      total 76288K, used 10728K [0x000000076ab00000, 0x0000000770000000, 0x00000007c0000000)
  eden space 65536K, 0% used [0x000000076ab00000,0x000000076ab00000,0x000000076eb00000)
  from space 10752K, 99% used [0x000000076eb00000,0x000000076f57a0a0,0x000000076f580000)
  to   space 10752K, 0% used [0x000000076f580000,0x000000076f580000,0x0000000770000000)
 ParOldGen       total 175104K, used 6764K [0x00000006c0000000, 0x00000006cab00000, 0x000000076ab00000)
  object space 175104K, 3% used [0x00000006c0000000,0x00000006c069b008,0x00000006cab00000)
 Metaspace       used 19084K, capacity 19315K, committed 19456K, reserved 1067008K
  class space    used 1876K, capacity 1952K, committed 2048K, reserved 1048576K
}

Deoptimization events (8 events):
Event: 2.057 Thread 0x00007ffc61a08000 Uncommon trap: reason=unstable_if action=reinterpret pc=0x0000000116f55ec0 method=java.lang.String.toLowerCase(Ljava/util/Locale;)Ljava/lang/String; @ 85
Event: 2.280 Thread 0x00007ffc61a08000 Uncommon trap: reason=unstable_if action=reinterpret pc=0x0000000116fd2b14 method=java.lang.String.indexOf([CII[CIII)I @ 3
Event: 2.280 Thread 0x00007ffc61a08000 Uncommon trap: reason=unstable_if action=reinterpret pc=0x0000000116f41ce0 method=java.lang.String.indexOf([CII[CIII)I @ 3
Event: 3.415 Thread 0x00007ffc62a38000 Uncommon trap: reason=unstable_if action=reinterpret pc=0x0000000116f25e58 method=java.lang.AbstractStringBuilder.append(Ljava/lang/String;)Ljava/lang/AbstractStringBuilder; @ 1
Event: 4.006 Thread 0x00007ffc62a38000 Uncommon trap: reason=unstable_if action=reinterpret pc=0x00000001171bb52c method=java.lang.StrictMath.floorOrCeil(DDDD)D @ 115
Event: 20.791 Thread 0x00007ffc62a38000 Uncommon trap: reason=unstable_if action=reinterpret pc=0x0000000116ef59a8 method=com.jogamp.common.util.VersionNumber.compareTo(Lcom/jogamp/common/util/VersionNumber;)I @ 21
Event: 20.823 Thread 0x00007ffc62177000 Uncommon trap: reason=unstable_if action=reinterpret pc=0x0000000116ff0474 method=java.util.HashMap.putVal(ILjava/lang/Object;Ljava/lang/Object;ZZ)Ljava/lang/Object; @ 81
Event: 20.837 Thread 0x00007ffc62a38000 Uncommon trap: reason=unstable_if action=reinterpret pc=0x0000000117174118 method=java.security.AccessControlContext.optimize()Ljava/security/AccessControlContext; @ 233

Internal exceptions (10 events):
Event: 0.139 Thread 0x00007ffc62803000 Exception <a 'java/lang/NoSuchFieldError': method resolution failed> (0x000000076ada9408) thrown at [/Users/java_re/workspace/8-2-build-macosx-x86_64/jdk8u111/7883/hotspot/src/share/vm/prims/methodHandles.cpp, line 1146]
Event: 0.140 Thread 0x00007ffc62803000 Exception <a 'java/lang/NoSuchFieldError': method resolution failed> (0x000000076adb6bd8) thrown at [/Users/java_re/workspace/8-2-build-macosx-x86_64/jdk8u111/7883/hotspot/src/share/vm/prims/methodHandles.cpp, line 1146]
Event: 0.321 Thread 0x00007ffc62803000 Exception <a 'java/io/FileNotFoundException'> (0x000000076ae32278) thrown at [/Users/java_re/workspace/8-2-build-macosx-x86_64/jdk8u111/7883/hotspot/src/share/vm/prims/jni.cpp, line 709]
Event: 0.321 Thread 0x00007ffc62803000 Exception <a 'java/io/FileNotFoundException'> (0x000000076ae32de0) thrown at [/Users/java_re/workspace/8-2-build-macosx-x86_64/jdk8u111/7883/hotspot/src/share/vm/prims/jni.cpp, line 709]
Event: 0.452 Thread 0x00007ffc62803000 Exception <a 'java/io/FileNotFoundException'> (0x000000076aed0aa0) thrown at [/Users/java_re/workspace/8-2-build-macosx-x86_64/jdk8u111/7883/hotspot/src/share/vm/prims/jni.cpp, line 709]
Event: 2.305 Thread 0x00007ffc61a08000 Exception <a 'java/lang/UnsatisfiedLinkError': com.jogamp.common.util.JarUtil.fixNativeLibAttribs(Ljava/lang/String;)Z> (0x000000076c516af0) thrown at [/Users/java_re/workspace/8-2-build-macosx-x86_64/jdk8u111/7883/hotspot/src/share/vm/prims/nativeLookup.
Event: 3.414 Thread 0x00007ffc62a38000 Exception <a 'java/io/FileNotFoundException'> (0x000000076d8c0ae0) thrown at [/Users/java_re/workspace/8-2-build-macosx-x86_64/jdk8u111/7883/hotspot/src/share/vm/prims/jni.cpp, line 709]
Event: 3.415 Thread 0x00007ffc62a38000 Exception <a 'java/io/FileNotFoundException'> (0x000000076d8c9c90) thrown at [/Users/java_re/workspace/8-2-build-macosx-x86_64/jdk8u111/7883/hotspot/src/share/vm/prims/jni.cpp, line 709]
Event: 3.415 Thread 0x00007ffc62a38000 Implicit null exception at 0x0000000116f25a76 to 0x0000000116f25e41
Event: 3.856 Thread 0x00007ffc62829000 Exception <a 'java/lang/NullPointerException'> (0x000000076ad11fa0) thrown at [/Users/java_re/workspace/8-2-build-macosx-x86_64/jdk8u111/7883/hotspot/src/share/vm/interpreter/linkResolver.cpp, line 1178]

Events (10 events):
Event: 20.837 Thread 0x00007ffc62a38000 DEOPT UNPACKING pc=0x0000000116d89229 sp=0x000070000cf278a0 mode 2
Event: 20.837 loading class java/awt/LightweightDispatcher$2
Event: 20.837 loading class java/awt/LightweightDispatcher$2 done
Event: 20.837 loading class java/awt/event/AWTEventListenerProxy
Event: 20.838 loading class java/awt/event/AWTEventListenerProxy done
Event: 20.838 loading class java/awt/Toolkit$ToolkitEventMulticaster
Event: 20.838 loading class java/awt/Toolkit$ToolkitEventMulticaster done
Event: 20.838 Thread 0x00007ffc62177000 Thread exited: 0x00007ffc62177000
Event: 20.838 loading class java/awt/Window$1DisposeAction
Event: 20.838 loading class java/awt/Window$1DisposeAction done


Dynamic libraries:
0x0000000021436000 	/System/Library/Frameworks/Cocoa.framework/Versions/A/Cocoa
0x0000000021436000 	/System/Library/Frameworks/Security.framework/Versions/A/Security
0x0000000021436000 	/System/Library/Frameworks/ApplicationServices.framework/Versions/A/ApplicationServices
0x0000000021436000 	/usr/lib/libz.1.dylib
0x0000000021436000 	/usr/lib/libSystem.B.dylib
0x0000000021436000 	/usr/lib/libobjc.A.dylib
0x0000000021436000 	/System/Library/Frameworks/CoreFoundation.framework/Versions/A/CoreFoundation
0x0000000021436000 	/System/Library/Frameworks/Foundation.framework/Versions/C/Foundation
0x0000000021436000 	/System/Library/Frameworks/AppKit.framework/Versions/C/AppKit
0x0000000021436000 	/System/Library/Frameworks/CoreData.framework/Versions/A/CoreData
0x0000000021436000 	/System/Library/PrivateFrameworks/RemoteViewServices.framework/Versions/A/RemoteViewServices
0x0000000021436000 	/System/Library/PrivateFrameworks/UIFoundation.framework/Versions/A/UIFoundation
0x0000000021436000 	/System/Library/PrivateFrameworks/XCTTargetBootstrap.framework/Versions/A/XCTTargetBootstrap
0x0000000021436000 	/System/Library/PrivateFrameworks/IconServices.framework/Versions/A/IconServices
0x0000000021436000 	/System/Library/Frameworks/Metal.framework/Versions/A/Metal
0x0000000021436000 	/System/Library/PrivateFrameworks/DesktopServicesPriv.framework/Versions/A/DesktopServicesPriv
0x0000000021436000 	/usr/lib/libenergytrace.dylib
0x0000000021436000 	/System/Library/PrivateFrameworks/SkyLight.framework/Versions/A/SkyLight
0x0000000021436000 	/System/Library/Frameworks/CoreGraphics.framework/Versions/A/CoreGraphics
0x0000000021436000 	/System/Library/Frameworks/Accelerate.framework/Versions/A/Accelerate
0x0000000021436000 	/System/Library/Frameworks/IOSurface.framework/Versions/A/IOSurface
0x0000000021436000 	/System/Library/PrivateFrameworks/DFRFoundation.framework/Versions/A/DFRFoundation
0x0000000021436000 	/System/Library/Frameworks/AudioToolbox.framework/Versions/A/AudioToolbox
0x0000000021436000 	/System/Library/Frameworks/AudioUnit.framework/Versions/A/AudioUnit
0x0000000021436000 	/System/Library/PrivateFrameworks/DataDetectorsCore.framework/Versions/A/DataDetectorsCore
0x0000000021436000 	/System/Library/Frameworks/Carbon.framework/Versions/A/Frameworks/HIToolbox.framework/Versions/A/HIToolbox
0x0000000021436000 	/usr/lib/libicucore.A.dylib
0x0000000021436000 	/System/Library/Frameworks/QuartzCore.framework/Versions/A/QuartzCore
0x0000000021436000 	/System/Library/Frameworks/Carbon.framework/Versions/A/Frameworks/SpeechRecognition.framework/Versions/A/SpeechRecognition
0x0000000021436000 	/usr/lib/libauto.dylib
0x0000000021436000 	/usr/lib/libxml2.2.dylib
0x0000000021436000 	/System/Library/PrivateFrameworks/CoreUI.framework/Versions/A/CoreUI
0x0000000021436000 	/System/Library/Frameworks/CoreAudio.framework/Versions/A/CoreAudio
0x0000000021436000 	/System/Library/Frameworks/DiskArbitration.framework/Versions/A/DiskArbitration
0x0000000021436000 	/usr/lib/liblangid.dylib
0x0000000021436000 	/System/Library/PrivateFrameworks/MultitouchSupport.framework/Versions/A/MultitouchSupport
0x0000000021436000 	/System/Library/Frameworks/IOKit.framework/Versions/A/IOKit
0x0000000021436000 	/usr/lib/libDiagnosticMessagesClient.dylib
0x0000000021436000 	/System/Library/Frameworks/CoreServices.framework/Versions/A/CoreServices
0x0000000021436000 	/System/Library/PrivateFrameworks/PerformanceAnalysis.framework/Versions/A/PerformanceAnalysis
0x0000000021436000 	/System/Library/Frameworks/OpenGL.framework/Versions/A/OpenGL
0x0000000021436000 	/System/Library/Frameworks/ColorSync.framework/Versions/A/ColorSync
0x0000000021436000 	/System/Library/Frameworks/CoreImage.framework/Versions/A/CoreImage
0x0000000021436000 	/System/Library/Frameworks/CoreText.framework/Versions/A/CoreText
0x0000000021436000 	/System/Library/Frameworks/ImageIO.framework/Versions/A/ImageIO
0x0000000021436000 	/System/Library/PrivateFrameworks/Backup.framework/Versions/A/Backup
0x0000000021436000 	/usr/lib/libarchive.2.dylib
0x0000000021436000 	/System/Library/Frameworks/CFNetwork.framework/Versions/A/CFNetwork
0x0000000021436000 	/System/Library/Frameworks/SystemConfiguration.framework/Versions/A/SystemConfiguration
0x0000000021436000 	/usr/lib/libCRFSuite.dylib
0x0000000021436000 	/usr/lib/libc++.1.dylib
0x0000000021436000 	/usr/lib/libc++abi.dylib
0x0000000021436000 	/usr/lib/system/libcache.dylib
0x0000000021436000 	/usr/lib/system/libcommonCrypto.dylib
0x0000000021436000 	/usr/lib/system/libcompiler_rt.dylib
0x0000000021436000 	/usr/lib/system/libcopyfile.dylib
0x0000000021436000 	/usr/lib/system/libcorecrypto.dylib
0x0000000021436000 	/usr/lib/system/libdispatch.dylib
0x0000000021436000 	/usr/lib/system/libdyld.dylib
0x0000000021436000 	/usr/lib/system/libkeymgr.dylib
0x0000000021436000 	/usr/lib/system/liblaunch.dylib
0x0000000021436000 	/usr/lib/system/libmacho.dylib
0x0000000021436000 	/usr/lib/system/libquarantine.dylib
0x0000000021436000 	/usr/lib/system/libremovefile.dylib
0x0000000021436000 	/usr/lib/system/libsystem_asl.dylib
0x0000000021436000 	/usr/lib/system/libsystem_blocks.dylib
0x0000000021436000 	/usr/lib/system/libsystem_c.dylib
0x0000000021436000 	/usr/lib/system/libsystem_configuration.dylib
0x0000000021436000 	/usr/lib/system/libsystem_coreservices.dylib
0x0000000021436000 	/usr/lib/system/libsystem_darwin.dylib
0x0000000021436000 	/usr/lib/system/libsystem_dnssd.dylib
0x0000000021436000 	/usr/lib/system/libsystem_info.dylib
0x0000000021436000 	/usr/lib/system/libsystem_m.dylib
0x0000000021436000 	/usr/lib/system/libsystem_malloc.dylib
0x0000000021436000 	/usr/lib/system/libsystem_networkextension.dylib
0x0000000021436000 	/usr/lib/system/libsystem_notify.dylib
0x0000000021436000 	/usr/lib/system/libsystem_sandbox.dylib
0x0000000021436000 	/usr/lib/system/libsystem_secinit.dylib
0x0000000021436000 	/usr/lib/system/libsystem_kernel.dylib
0x0000000021436000 	/usr/lib/system/libsystem_platform.dylib
0x0000000021436000 	/usr/lib/system/libsystem_pthread.dylib
0x0000000021436000 	/usr/lib/system/libsystem_symptoms.dylib
0x0000000021436000 	/usr/lib/system/libsystem_trace.dylib
0x0000000021436000 	/usr/lib/system/libunwind.dylib
0x0000000021436000 	/usr/lib/system/libxpc.dylib
0x0000000021436000 	/usr/lib/libbsm.0.dylib
0x0000000021436000 	/usr/lib/system/libkxld.dylib
0x0000000021436000 	/System/Library/PrivateFrameworks/AppleFSCompression.framework/Versions/A/AppleFSCompression
0x0000000021436000 	/usr/lib/libOpenScriptingUtil.dylib
0x0000000021436000 	/usr/lib/libcoretls.dylib
0x0000000021436000 	/usr/lib/libcoretls_cfhelpers.dylib
0x0000000021436000 	/usr/lib/libpam.2.dylib
0x0000000021436000 	/usr/lib/libsqlite3.dylib
0x0000000021436000 	/usr/lib/libxar.1.dylib
0x0000000021436000 	/usr/lib/libbz2.1.0.dylib
0x0000000021436000 	/usr/lib/liblzma.5.dylib
0x0000000021436000 	/usr/lib/libnetwork.dylib
0x0000000021436000 	/usr/lib/libapple_nghttp2.dylib
0x0000000021436000 	/usr/lib/libpcap.A.dylib
0x0000000021436000 	/System/Library/Frameworks/CoreServices.framework/Versions/A/Frameworks/FSEvents.framework/Versions/A/FSEvents
0x0000000021436000 	/System/Library/Frameworks/CoreServices.framework/Versions/A/Frameworks/CarbonCore.framework/Versions/A/CarbonCore
0x0000000021436000 	/System/Library/Frameworks/CoreServices.framework/Versions/A/Frameworks/Metadata.framework/Versions/A/Metadata
0x0000000021436000 	/System/Library/Frameworks/CoreServices.framework/Versions/A/Frameworks/OSServices.framework/Versions/A/OSServices
0x0000000021436000 	/System/Library/Frameworks/CoreServices.framework/Versions/A/Frameworks/SearchKit.framework/Versions/A/SearchKit
0x0000000021436000 	/System/Library/Frameworks/CoreServices.framework/Versions/A/Frameworks/AE.framework/Versions/A/AE
0x0000000021436000 	/System/Library/Frameworks/CoreServices.framework/Versions/A/Frameworks/LaunchServices.framework/Versions/A/LaunchServices
0x0000000021436000 	/System/Library/Frameworks/CoreServices.framework/Versions/A/Frameworks/DictionaryServices.framework/Versions/A/DictionaryServices
0x0000000021436000 	/System/Library/Frameworks/CoreServices.framework/Versions/A/Frameworks/SharedFileList.framework/Versions/A/SharedFileList
0x0000000021436000 	/System/Library/Frameworks/NetFS.framework/Versions/A/NetFS
0x0000000021436000 	/System/Library/PrivateFrameworks/NetAuth.framework/Versions/A/NetAuth
0x0000000021436000 	/System/Library/PrivateFrameworks/login.framework/Versions/A/Frameworks/loginsupport.framework/Versions/A/loginsupport
0x0000000021436000 	/System/Library/PrivateFrameworks/TCC.framework/Versions/A/TCC
0x0000000021436000 	/System/Library/PrivateFrameworks/CoreNLP.framework/Versions/A/CoreNLP
0x0000000021436000 	/System/Library/PrivateFrameworks/MetadataUtilities.framework/Versions/A/MetadataUtilities
0x0000000021436000 	/usr/lib/libmecabra.dylib
0x0000000021436000 	/System/Library/Frameworks/ApplicationServices.framework/Versions/A/Frameworks/ATS.framework/Versions/A/ATS
0x0000000021436000 	/System/Library/Frameworks/ApplicationServices.framework/Versions/A/Frameworks/ColorSyncLegacy.framework/Versions/A/ColorSyncLegacy
0x0000000021436000 	/System/Library/Frameworks/ApplicationServices.framework/Versions/A/Frameworks/HIServices.framework/Versions/A/HIServices
0x0000000021436000 	/System/Library/Frameworks/ApplicationServices.framework/Versions/A/Frameworks/LangAnalysis.framework/Versions/A/LangAnalysis
0x0000000021436000 	/System/Library/Frameworks/ApplicationServices.framework/Versions/A/Frameworks/PrintCore.framework/Versions/A/PrintCore
0x0000000021436000 	/System/Library/Frameworks/ApplicationServices.framework/Versions/A/Frameworks/QD.framework/Versions/A/QD
0x0000000021436000 	/System/Library/Frameworks/ApplicationServices.framework/Versions/A/Frameworks/SpeechSynthesis.framework/Versions/A/SpeechSynthesis
0x0000000021436000 	/usr/lib/libcompression.dylib
0x0000000021436000 	/System/Library/Frameworks/CoreDisplay.framework/Versions/A/CoreDisplay
0x0000000021436000 	/System/Library/Frameworks/MetalPerformanceShaders.framework/Versions/A/MetalPerformanceShaders
0x0000000021436000 	/System/Library/Frameworks/Accelerate.framework/Versions/A/Frameworks/vImage.framework/Versions/A/vImage
0x0000000021436000 	/System/Library/Frameworks/Accelerate.framework/Versions/A/Frameworks/vecLib.framework/Versions/A/vecLib
0x0000000021436000 	/System/Library/Frameworks/Accelerate.framework/Versions/A/Frameworks/vecLib.framework/Versions/A/libvMisc.dylib
0x0000000021436000 	/System/Library/Frameworks/Accelerate.framework/Versions/A/Frameworks/vecLib.framework/Versions/A/libvDSP.dylib
0x0000000021436000 	/System/Library/Frameworks/Accelerate.framework/Versions/A/Frameworks/vecLib.framework/Versions/A/libBLAS.dylib
0x0000000021436000 	/System/Library/Frameworks/Accelerate.framework/Versions/A/Frameworks/vecLib.framework/Versions/A/libLAPACK.dylib
0x0000000021436000 	/System/Library/Frameworks/Accelerate.framework/Versions/A/Frameworks/vecLib.framework/Versions/A/libLinearAlgebra.dylib
0x0000000021436000 	/System/Library/Frameworks/Accelerate.framework/Versions/A/Frameworks/vecLib.framework/Versions/A/libSparseBLAS.dylib
0x0000000021436000 	/System/Library/Frameworks/Accelerate.framework/Versions/A/Frameworks/vecLib.framework/Versions/A/libQuadrature.dylib
0x0000000021436000 	/System/Library/Frameworks/Accelerate.framework/Versions/A/Frameworks/vecLib.framework/Versions/A/libBNNS.dylib
0x0000000021436000 	/System/Library/Frameworks/Accelerate.framework/Versions/A/Frameworks/vecLib.framework/Versions/A/libSparse.dylib
0x0000000021436000 	/System/Library/PrivateFrameworks/GPUWrangler.framework/Versions/A/GPUWrangler
0x0000000021436000 	/System/Library/PrivateFrameworks/IOAccelerator.framework/Versions/A/IOAccelerator
0x0000000021436000 	/System/Library/PrivateFrameworks/IOPresentment.framework/Versions/A/IOPresentment
0x0000000021436000 	/System/Library/PrivateFrameworks/DSExternalDisplay.framework/Versions/A/DSExternalDisplay
0x0000000021436000 	/System/Library/Frameworks/OpenGL.framework/Versions/A/Libraries/libCoreFSCache.dylib
0x0000000021436000 	/System/Library/Frameworks/MetalPerformanceShaders.framework/Frameworks/MPSCore.framework/Versions/A/MPSCore
0x0000000021436000 	/System/Library/Frameworks/MetalPerformanceShaders.framework/Frameworks/MPSImage.framework/Versions/A/MPSImage
0x0000000021436000 	/System/Library/Frameworks/MetalPerformanceShaders.framework/Frameworks/MPSNeuralNetwork.framework/Versions/A/MPSNeuralNetwork
0x0000000021436000 	/System/Library/Frameworks/MetalPerformanceShaders.framework/Frameworks/MPSMatrix.framework/Versions/A/MPSMatrix
0x0000000021436000 	/System/Library/Frameworks/MetalPerformanceShaders.framework/Frameworks/MPSRayIntersector.framework/Versions/A/MPSRayIntersector
0x0000000021436000 	/System/Library/PrivateFrameworks/MetalTools.framework/Versions/A/MetalTools
0x0000000021436000 	/System/Library/PrivateFrameworks/AggregateDictionary.framework/Versions/A/AggregateDictionary
0x0000000021436000 	/usr/lib/libMobileGestalt.dylib
0x0000000021436000 	/System/Library/Frameworks/CoreVideo.framework/Versions/A/CoreVideo
0x0000000021436000 	/System/Library/PrivateFrameworks/GraphVisualizer.framework/Versions/A/GraphVisualizer
0x0000000021436000 	/System/Library/PrivateFrameworks/FaceCore.framework/Versions/A/FaceCore
0x0000000021436000 	/System/Library/Frameworks/OpenCL.framework/Versions/A/OpenCL
0x0000000021436000 	/usr/lib/libFosl_dynamic.dylib
0x0000000021436000 	/System/Library/PrivateFrameworks/OTSVG.framework/Versions/A/OTSVG
0x0000000021436000 	/System/Library/Frameworks/ApplicationServices.framework/Versions/A/Frameworks/ATS.framework/Versions/A/Resources/libFontParser.dylib
0x0000000021436000 	/System/Library/Frameworks/ApplicationServices.framework/Versions/A/Frameworks/ATS.framework/Versions/A/Resources/libFontRegistry.dylib
0x0000000021436000 	/System/Library/Frameworks/ImageIO.framework/Versions/A/Resources/libJPEG.dylib
0x0000000021436000 	/System/Library/Frameworks/ImageIO.framework/Versions/A/Resources/libTIFF.dylib
0x0000000021436000 	/System/Library/Frameworks/ImageIO.framework/Versions/A/Resources/libPng.dylib
0x0000000021436000 	/System/Library/Frameworks/ImageIO.framework/Versions/A/Resources/libGIF.dylib
0x0000000021436000 	/System/Library/Frameworks/ImageIO.framework/Versions/A/Resources/libJP2.dylib
0x0000000021436000 	/System/Library/Frameworks/ImageIO.framework/Versions/A/Resources/libRadiance.dylib
0x0000000021436000 	/System/Library/PrivateFrameworks/AppleJPEG.framework/Versions/A/AppleJPEG
0x0000000021436000 	/System/Library/Frameworks/OpenGL.framework/Versions/A/Libraries/libGFXShared.dylib
0x0000000021436000 	/System/Library/Frameworks/OpenGL.framework/Versions/A/Libraries/libGLU.dylib
0x0000000021436000 	/System/Library/Frameworks/OpenGL.framework/Versions/A/Libraries/libGL.dylib
0x0000000021436000 	/System/Library/Frameworks/OpenGL.framework/Versions/A/Libraries/libGLImage.dylib
0x0000000021436000 	/System/Library/Frameworks/OpenGL.framework/Versions/A/Libraries/libCVMSPluginSupport.dylib
0x0000000021436000 	/System/Library/Frameworks/OpenGL.framework/Versions/A/Libraries/libCoreVMClient.dylib
0x0000000021436000 	/usr/lib/libcups.2.dylib
0x0000000021436000 	/System/Library/Frameworks/Kerberos.framework/Versions/A/Kerberos
0x0000000021436000 	/System/Library/Frameworks/GSS.framework/Versions/A/GSS
0x0000000021436000 	/usr/lib/libresolv.9.dylib
0x0000000021436000 	/usr/lib/libiconv.2.dylib
0x0000000021436000 	/System/Library/PrivateFrameworks/Heimdal.framework/Versions/A/Heimdal
0x0000000021436000 	/usr/lib/libheimdal-asn1.dylib
0x0000000021436000 	/System/Library/Frameworks/OpenDirectory.framework/Versions/A/OpenDirectory
0x0000000021436000 	/System/Library/PrivateFrameworks/CommonAuth.framework/Versions/A/CommonAuth
0x0000000021436000 	/System/Library/Frameworks/OpenDirectory.framework/Versions/A/Frameworks/CFOpenDirectory.framework/Versions/A/CFOpenDirectory
0x0000000021436000 	/System/Library/Frameworks/SecurityFoundation.framework/Versions/A/SecurityFoundation
0x0000000021436000 	/System/Library/PrivateFrameworks/APFS.framework/Versions/A/APFS
0x0000000021436000 	/usr/lib/libutil.dylib
0x0000000021436000 	/usr/lib/libcharset.1.dylib
0x0000000021436000 	/System/Library/PrivateFrameworks/AppleSauce.framework/Versions/A/AppleSauce
0x0000000021436000 	/System/Library/PrivateFrameworks/AssertionServices.framework/Versions/A/AssertionServices
0x0000000021436000 	/System/Library/PrivateFrameworks/BaseBoard.framework/Versions/A/BaseBoard
0x0000000021436000 	/usr/lib/libmecab.1.0.0.dylib
0x0000000021436000 	/usr/lib/libgermantok.dylib
0x0000000021436000 	/usr/lib/libThaiTokenizer.dylib
0x0000000021436000 	/usr/lib/libChineseTokenizer.dylib
0x0000000021436000 	/System/Library/PrivateFrameworks/LanguageModeling.framework/Versions/A/LanguageModeling
0x0000000021436000 	/System/Library/PrivateFrameworks/CoreEmoji.framework/Versions/A/CoreEmoji
0x0000000021436000 	/System/Library/PrivateFrameworks/Lexicon.framework/Versions/A/Lexicon
0x0000000021436000 	/System/Library/PrivateFrameworks/LinguisticData.framework/Versions/A/LinguisticData
0x0000000021436000 	/usr/lib/libcmph.dylib
0x0000000021436000 	/System/Library/Frameworks/ServiceManagement.framework/Versions/A/ServiceManagement
0x0000000021436000 	/System/Library/PrivateFrameworks/BackgroundTaskManagement.framework/Versions/A/BackgroundTaskManagement
0x0000000021436000 	/usr/lib/libxslt.1.dylib
0x0000000021436000 	/System/Library/Frameworks/Carbon.framework/Versions/A/Frameworks/Ink.framework/Versions/A/Ink
0x0000000021436000 	/System/Library/PrivateFrameworks/TextureIO.framework/Versions/A/TextureIO
0x0000000021436000 	/usr/lib/libate.dylib
0x0000000021436000 	/System/Library/PrivateFrameworks/CrashReporterSupport.framework/Versions/A/CrashReporterSupport
0x0000000021436000 	/System/Library/PrivateFrameworks/Sharing.framework/Versions/A/Sharing
0x0000000021436000 	/System/Library/PrivateFrameworks/AuthKit.framework/Versions/A/AuthKit
0x0000000021436000 	/System/Library/PrivateFrameworks/Apple80211.framework/Versions/A/Apple80211
0x0000000021436000 	/System/Library/PrivateFrameworks/CoreUtils.framework/Versions/A/CoreUtils
0x0000000021436000 	/System/Library/Frameworks/CoreWLAN.framework/Versions/A/CoreWLAN
0x0000000021436000 	/System/Library/Frameworks/IOBluetooth.framework/Versions/A/IOBluetooth
0x0000000021436000 	/System/Library/PrivateFrameworks/ProtocolBuffer.framework/Versions/A/ProtocolBuffer
0x0000000021436000 	/System/Library/PrivateFrameworks/MobileKeyBag.framework/Versions/A/MobileKeyBag
0x0000000021436000 	/System/Library/PrivateFrameworks/CorePhoneNumbers.framework/Versions/A/CorePhoneNumbers
0x0000000021436000 	/System/Library/PrivateFrameworks/AppleIDAuthSupport.framework/Versions/A/AppleIDAuthSupport
0x0000000021436000 	/System/Library/PrivateFrameworks/KeychainCircle.framework/Versions/A/KeychainCircle
0x0000000021436000 	/System/Library/PrivateFrameworks/ROCKit.framework/Versions/A/ROCKit
0x0000000021436000 	/System/Library/PrivateFrameworks/CoreWiFi.framework/Versions/A/CoreWiFi
0x0000000021436000 	/System/Library/Frameworks/CoreBluetooth.framework/Versions/A/CoreBluetooth
0x0000000021436000 	/System/Library/PrivateFrameworks/DebugSymbols.framework/Versions/A/DebugSymbols
0x0000000021436000 	/System/Library/PrivateFrameworks/CoreSymbolication.framework/Versions/A/CoreSymbolication
0x0000000021436000 	/System/Library/PrivateFrameworks/Symbolication.framework/Versions/A/Symbolication
0x0000000021436000 	/System/Library/PrivateFrameworks/SpeechRecognitionCore.framework/Versions/A/SpeechRecognitionCore
0x000000010b400000 	/Library/Java/JavaVirtualMachines/jdk1.8.0_111.jdk/Contents/Home/jre/lib/server/libjvm.dylib
0x0000000021436000 	/usr/lib/libstdc++.6.dylib
0x000000010a3e8000 	/Library/Java/JavaVirtualMachines/jdk1.8.0_111.jdk/Contents/Home/jre/lib/libverify.dylib
0x000000010c3a1000 	/Library/Java/JavaVirtualMachines/jdk1.8.0_111.jdk/Contents/Home/jre/lib/libjava.dylib
0x000000010c416000 	/Library/Java/JavaVirtualMachines/jdk1.8.0_111.jdk/Contents/Home/jre/lib/libzip.dylib
0x0000000021436000 	/System/Library/Frameworks/JavaVM.framework/Versions/A/Frameworks/JavaRuntimeSupport.framework/Versions/A/JavaRuntimeSupport
0x0000000021436000 	/System/Library/Frameworks/JavaVM.framework/Versions/A/Frameworks/JavaNativeFoundation.framework/Versions/A/JavaNativeFoundation
0x0000000021436000 	/System/Library/Frameworks/JavaVM.framework/Versions/A/JavaVM
0x0000000021436000 	/System/Library/Frameworks/Carbon.framework/Versions/A/Carbon
0x0000000021436000 	/System/Library/PrivateFrameworks/JavaLaunching.framework/Versions/A/JavaLaunching
0x0000000021436000 	/System/Library/Frameworks/Carbon.framework/Versions/A/Frameworks/CommonPanels.framework/Versions/A/CommonPanels
0x0000000021436000 	/System/Library/Frameworks/Carbon.framework/Versions/A/Frameworks/Help.framework/Versions/A/Help
0x0000000021436000 	/System/Library/Frameworks/Carbon.framework/Versions/A/Frameworks/ImageCapture.framework/Versions/A/ImageCapture
0x0000000021436000 	/System/Library/Frameworks/Carbon.framework/Versions/A/Frameworks/OpenScripting.framework/Versions/A/OpenScripting
0x0000000021436000 	/System/Library/Frameworks/Carbon.framework/Versions/A/Frameworks/Print.framework/Versions/A/Print
0x0000000021436000 	/System/Library/Frameworks/Carbon.framework/Versions/A/Frameworks/SecurityHI.framework/Versions/A/SecurityHI
0x0000000128fac000 	/Library/Java/JavaVirtualMachines/jdk1.8.0_111.jdk/Contents/Home/jre/lib/libawt.dylib
0x0000000129054000 	/Library/Java/JavaVirtualMachines/jdk1.8.0_111.jdk/Contents/Home/jre/lib/./libmlib_image.dylib
0x0000000129120000 	/Library/Java/JavaVirtualMachines/jdk1.8.0_111.jdk/Contents/Home/jre/lib/libawt_lwawt.dylib
0x00000001291d5000 	/Library/Java/JavaVirtualMachines/jdk1.8.0_111.jdk/Contents/Home/jre/lib/./libosxapp.dylib
0x0000000021436000 	/System/Library/Frameworks/ExceptionHandling.framework/Versions/A/ExceptionHandling
0x0000000021436000 	/System/Library/PrivateFrameworks/CoreServicesInternal.framework/Versions/A/CoreServicesInternal
0x0000000021436000 	/System/Library/CoreServices/RawCamera.bundle/Contents/MacOS/RawCamera
0x0000000021436000 	/System/Library/PrivateFrameworks/MobileAsset.framework/Versions/A/MobileAsset
0x0000000021436000 	/System/Library/PrivateFrameworks/StreamingZip.framework/Versions/A/StreamingZip
0x0000000021436000 	/System/Library/Frameworks/MediaToolbox.framework/Versions/A/MediaToolbox
0x0000000021436000 	/System/Library/PrivateFrameworks/CoreAVCHD.framework/Versions/A/CoreAVCHD
0x0000000021436000 	/System/Library/Frameworks/MediaAccessibility.framework/Versions/A/MediaAccessibility
0x0000000021436000 	/System/Library/PrivateFrameworks/Mangrove.framework/Versions/A/Mangrove
0x0000000021436000 	/System/Library/Frameworks/CoreMedia.framework/Versions/A/CoreMedia
0x0000000021436000 	/System/Library/Frameworks/VideoToolbox.framework/Versions/A/VideoToolbox
0x0000000021436000 	/System/Library/PrivateFrameworks/CoreAUC.framework/Versions/A/CoreAUC
0x0000000021436000 	/usr/lib/libspindump.dylib
0x0000000021436000 	/System/Library/PrivateFrameworks/AppleVA.framework/Versions/A/AppleVA
0x0000000021436000 	/System/Library/Frameworks/Accelerate.framework/Versions/A/Frameworks/vImage.framework/Versions/A/Libraries/libCGInterfaces.dylib
0x0000000021436000 	/System/Library/Frameworks/ApplicationServices.framework/Versions/A/Frameworks/ATS.framework/Versions/A/Resources/libTrueTypeScaler.dylib
0x0000000021436000 	/System/Library/Extensions/AppleIntelHD5000GraphicsMTLDriver.bundle/Contents/MacOS/AppleIntelHD5000GraphicsMTLDriver
0x0000000021436000 	/System/Library/PrivateFrameworks/GPUCompiler.framework/Versions/3902/Libraries/libmetal_timestamp.dylib
0x0000000021436000 	/System/Library/PrivateFrameworks/FamilyControls.framework/Versions/A/FamilyControls
0x0000000021436000 	/System/Library/PrivateFrameworks/CommerceKit.framework/Versions/A/Frameworks/CommerceCore.framework/Versions/A/CommerceCore
0x0000000021436000 	/System/Library/PrivateFrameworks/SystemAdministration.framework/Versions/A/SystemAdministration
0x0000000021436000 	/System/Library/PrivateFrameworks/AppContainer.framework/Versions/A/AppContainer
0x0000000021436000 	/System/Library/PrivateFrameworks/AppSandbox.framework/Versions/A/AppSandbox
0x0000000021436000 	/System/Library/PrivateFrameworks/SecCodeWrapper.framework/Versions/A/SecCodeWrapper
0x0000000021436000 	/usr/lib/libsandbox.1.dylib
0x0000000021436000 	/usr/lib/libMatch.1.dylib
0x0000000021436000 	/System/Library/PrivateFrameworks/DiskManagement.framework/Versions/A/DiskManagement
0x0000000021436000 	/System/Library/Frameworks/DirectoryService.framework/Versions/A/DirectoryService
0x0000000021436000 	/System/Library/PrivateFrameworks/DiskImages.framework/Versions/A/DiskImages
0x0000000021436000 	/System/Library/PrivateFrameworks/LoginUIKit.framework/Versions/A/Frameworks/LoginUICore.framework/Versions/A/LoginUICore
0x0000000021436000 	/usr/lib/libCoreStorage.dylib
0x0000000021436000 	/usr/lib/libcsfde.dylib
0x0000000021436000 	/usr/lib/libodfde.dylib
0x0000000021436000 	/System/Library/PrivateFrameworks/MediaKit.framework/Versions/A/MediaKit
0x0000000021436000 	/System/Library/Frameworks/DiscRecording.framework/Versions/A/DiscRecording
0x0000000021436000 	/System/Library/PrivateFrameworks/EFILogin.framework/Versions/A/EFILogin
0x0000000021436000 	/System/Library/PrivateFrameworks/ProtectedCloudStorage.framework/Versions/A/ProtectedCloudStorage
0x0000000021436000 	/usr/lib/libcurl.4.dylib
0x0000000021436000 	/usr/lib/libcrypto.42.dylib
0x0000000021436000 	/usr/lib/libssl.44.dylib
0x0000000021436000 	/System/Library/Frameworks/LDAP.framework/Versions/A/LDAP
0x0000000021436000 	/System/Library/PrivateFrameworks/TrustEvaluationAgent.framework/Versions/A/TrustEvaluationAgent
0x0000000021436000 	/usr/lib/libsasl2.2.dylib
0x0000000021436000 	/System/Library/PrivateFrameworks/CoreDaemon.framework/Versions/B/CoreDaemon
0x0000000021436000 	/System/Library/PrivateFrameworks/AppleSRP.framework/Versions/A/AppleSRP
0x0000000021436000 	/System/Library/PrivateFrameworks/ViewBridge.framework/Versions/A/ViewBridge
0x0000000021436000 	/System/Library/Frameworks/OpenGL.framework/Versions/A/Resources/GLEngine.bundle/GLEngine
0x0000000021436000 	/System/Library/Frameworks/OpenGL.framework/Versions/A/Libraries/libGLProgrammability.dylib
0x0000000021436000 	/System/Library/Extensions/AppleIntelHD5000GraphicsGLDriver.bundle/Contents/MacOS/AppleIntelHD5000GraphicsGLDriver
0x0000000021436000 	/System/Library/PrivateFrameworks/GPUSupport.framework/Versions/A/Libraries/libGPUSupportMercury.dylib
0x0000000021436000 	/System/Library/Frameworks/OpenGL.framework/Versions/A/Resources/GLRendererFloat.bundle/GLRendererFloat
0x0000000021436000 	/System/Library/Frameworks/OpenCL.framework/Versions/A/Libraries/libcldcpuengine.dylib
0x0000000021436000 	/usr/lib/libcrypto.35.dylib
0x000000012c62a000 	/Library/Java/JavaVirtualMachines/jdk1.8.0_111.jdk/Contents/Home/jre/lib/libfontmanager.dylib
0x000000012c691000 	/usr/lib/libobjc-trampolines.dylib
0x000000012dc36000 	/Library/Java/JavaVirtualMachines/jdk1.8.0_111.jdk/Contents/Home/jre/lib/libosxui.dylib
0x000000012e8f5000 	/Library/Java/JavaVirtualMachines/jdk1.8.0_111.jdk/Contents/Home/jre/lib/libnet.dylib
0x000000012e709000 	/Library/Java/JavaVirtualMachines/jdk1.8.0_111.jdk/Contents/Home/jre/lib/libnio.dylib
0x000000012aa66000 	/private/var/folders/_p/b5qcm4c96mngd1b05mm2b76c0000gp/T/jogamp_0000/file_cache/jln6793677606387127338/jln3191230355733291164/libgluegen-rt.jnilib
0x000000012aa6b000 	/private/var/folders/_p/b5qcm4c96mngd1b05mm2b76c0000gp/T/jogamp_0000/file_cache/jln6793677606387127338/jln3191230355733291164/libnativewindow_awt.jnilib
0x000000012aa6e000 	/Library/Java/JavaVirtualMachines/jdk1.8.0_111.jdk/Contents/Home/jre/lib/libjawt.dylib
0x000000012aa71000 	/private/var/folders/_p/b5qcm4c96mngd1b05mm2b76c0000gp/T/jogamp_0000/file_cache/jln6793677606387127338/jln3191230355733291164/libnativewindow_macosx.jnilib
0x0000000169604000 	/private/var/folders/_p/b5qcm4c96mngd1b05mm2b76c0000gp/T/jogamp_0000/file_cache/jln6793677606387127338/jln3191230355733291164/libjogl_desktop.jnilib
0x0000000171771000 	/Library/Java/JavaVirtualMachines/jdk1.8.0_111.jdk/Contents/Home/jre/lib/libjpeg.dylib

VM Arguments:
jvm_args: -Djava.security.policy=java.policy.applet -Dfile.encoding=UTF-8 
java_command: sun.applet.AppletViewer module1.HelloWorld1559984128368.html
java_class_path (initial): /Users/bosen/Library/Mobile Documents/com~apple~CloudDocs/Coursera_OOP/UCSDUnfoldingMaps/build:/Users/bosen/Library/Mobile Documents/com~apple~CloudDocs/Coursera_OOP/UCSDUnfoldingMaps/lib/core.jar:/Users/bosen/Library/Mobile Documents/com~apple~CloudDocs/Coursera_OOP/UCSDUnfoldingMaps/lib/gluegen-rt.jar:/Users/bosen/Library/Mobile Documents/com~apple~CloudDocs/Coursera_OOP/UCSDUnfoldingMaps/lib/jogl-all.jar:/Users/bosen/Library/Mobile Documents/com~apple~CloudDocs/Coursera_OOP/UCSDUnfoldingMaps/lib/log4j-1.2.15.jar:/Users/bosen/Library/Mobile Documents/com~apple~CloudDocs/Coursera_OOP/UCSDUnfoldingMaps/lib/sqlite-jdbc-3.7.2.jar:/Users/bosen/Library/Mobile Documents/com~apple~CloudDocs/Coursera_OOP/UCSDUnfoldingMaps/lib/json4processing.jar:/Users/bosen/Library/Mobile Documents/com~apple~CloudDocs/Coursera_OOP/UCSDUnfoldingMaps/lib/libTUIO.jar:/Users/bosen/Library/Mobile Documents/com~apple~CloudDocs/Coursera_OOP/UCSDUnfoldingMaps/lib/unfolding.0.9.7-uscd.jar
Launcher Type: SUN_STANDARD

Environment Variables:
PATH=/usr/bin:/bin:/usr/sbin:/sbin
SHELL=/bin/bash

Signal Handlers:
SIGSEGV: [libjvm.dylib+0x5b03ed], sa_mask[0]=11111111011111110111111111111111, sa_flags=SA_ONSTACK|SA_RESTART|SA_SIGINFO
SIGBUS: [libjvm.dylib+0x5b03ed], sa_mask[0]=11111111011111110111111111111111, sa_flags=SA_RESTART|SA_SIGINFO
SIGFPE: [libjvm.dylib+0x48711c], sa_mask[0]=11111111011111110111111111111111, sa_flags=SA_RESTART|SA_SIGINFO
SIGPIPE: [libjvm.dylib+0x48711c], sa_mask[0]=11111111011111110111111111111111, sa_flags=SA_RESTART|SA_SIGINFO
SIGXFSZ: [libjvm.dylib+0x48711c], sa_mask[0]=11111111011111110111111111111111, sa_flags=SA_RESTART|SA_SIGINFO
SIGILL: [libjvm.dylib+0x48711c], sa_mask[0]=11111111011111110111111111111111, sa_flags=SA_RESTART|SA_SIGINFO
SIGUSR1: SIG_DFL, sa_mask[0]=00000000000000000000000000000000, sa_flags=none
SIGUSR2: [libjvm.dylib+0x486c3a], sa_mask[0]=00100000000000000000000000000000, sa_flags=SA_RESTART|SA_SIGINFO
SIGHUP: [libjvm.dylib+0x485211], sa_mask[0]=11111111011111110111111111111111, sa_flags=SA_RESTART|SA_SIGINFO
SIGINT: [libjvm.dylib+0x485211], sa_mask[0]=11111111011111110111111111111111, sa_flags=SA_RESTART|SA_SIGINFO
SIGTERM: [libjvm.dylib+0x485211], sa_mask[0]=11111111011111110111111111111111, sa_flags=SA_RESTART|SA_SIGINFO
SIGQUIT: [libjvm.dylib+0x485211], sa_mask[0]=11111111011111110111111111111111, sa_flags=SA_RESTART|SA_SIGINFO


---------------  S Y S T E M  ---------------

OS:Bsduname:Darwin 18.2.0 Darwin Kernel Version 18.2.0: Fri Oct  5 19:41:49 PDT 2018; root:xnu-4903.221.2~2/RELEASE_X86_64 x86_64
rlimit: STACK 8192k, CORE 0k, NPROC 1418, NOFILE 10240, AS infinity
load average:2.46 2.05 1.97

CPU:total 8 (4 cores per cpu, 2 threads per core) family 6 model 70 stepping 1, cmov, cx8, fxsr, mmx, sse, sse2, sse3, ssse3, sse4.1, sse4.2, popcnt, avx, avx2, aes, clmul, erms, lzcnt, ht, tsc, tscinvbit, bmi1, bmi2

Memory: 4k page, physical 16777216k(21980k free)

/proc/meminfo:


vm_info: Java HotSpot(TM) 64-Bit Server VM (25.111-b14) for bsd-amd64 JRE (1.8.0_111-b14), built on Sep 22 2016 15:31:41 by "java_re" with gcc 4.2.1 (Based on Apple Inc. build 5658) (LLVM build 2336.11.00)

time: Sat Jun  8 16:55:49 2019
elapsed time: 20 seconds (0d 0h 0m 20s)

