#
# A fatal error has been detected by the Java Runtime Environment:
#
#  SIGSEGV (0xb) at pc=0x00007fff777dfa1d, pid=12483, tid=0x0000000000000307
#
# JRE version: Java(TM) SE Runtime Environment (8.0_111-b14) (build 1.8.0_111-b14)
# Java VM: Java HotSpot(TM) 64-Bit Server VM (25.111-b14 mixed mode bsd-amd64 compressed oops)
# Problematic frame:
# C  [libobjc.A.dylib+0x7a1d]  objc_msgSend+0x1d
#
# Failed to write core dump. Core dumps have been disabled. To enable core dumping, try "ulimit -c unlimited" before starting Java again
#
# If you would like to submit a bug report, please visit:
#   http://bugreport.java.com/bugreport/crash.jsp
# The crash happened outside the Java Virtual Machine in native code.
# See problematic frame for where to report the bug.
#

---------------  T H R E A D  ---------------

Current thread (0x00007fc0ae0b1800):  JavaThread "AWT-AppKit" daemon [_thread_in_native, id=775, stack(0x00007ffee51ae000,0x00007ffee59ae000)]

siginfo: si_signo: 11 (SIGSEGV), si_code: 1 (SEGV_MAPERR), si_addr: 0x0000000000000018

Registers:
RAX=0x00007fc0b1520e50, RBX=0x000000012a902450, RCX=0x0000000000000001, RDX=0x0000000000000000
RSP=0x00007ffee59a91d8, RBP=0x00007ffee59a9290, RSI=0x00007fff49824a0b, RDI=0x00007fc0b171eab0
R8 =0x0000000000000000, R9 =0x0000000000000000, R10=0x0000000000000000, R11=0x00007fff49824a0b
R12=0x0000000000000000, R13=0x000000016d0a5c00, R14=0x000000012a902440, R15=0x00007fc0ae0b1800
RIP=0x00007fff777dfa1d, EFLAGS=0x0000000000010246, ERR=0x0000000000000004
  TRAPNO=0x000000000000000e

Top of Stack: (sp=0x00007ffee59a91d8)
0x00007ffee59a91d8:   000000012a900157 00007ffee59a9230
0x00007ffee59a91e8:   0000000000000003 00007ffee59a9210
0x00007ffee59a91f8:   000000010b5f27be 000000016d0a5c00
0x00007ffee59a9208:   000000016d0a5c00 00007fc0b1520e50
0x00007ffee59a9218:   000000012a9026a0 000000012a902710
0x00007ffee59a9228:   00007fffa40efca8 00007fffa57e5e48
0x00007ffee59a9238:   000000012a902450 000000012a902690
0x00007ffee59a9248:   00007fc0b1520e50 00007fc0b171eab0
0x00007ffee59a9258:   00007fc0abc3df60 00007fc0b1520e50
0x00007ffee59a9268:   00007fc0b171eab0 00007ffee59a9318
0x00007ffee59a9278:   00007fc0ae0b19f8 000000016d0a5c00
0x00007ffee59a9288:   00007ffee59a9340 00007ffee59a9308
0x00007ffee59a9298:   000000010d3939f4 000000016d0a5c00
0x00007ffee59a92a8:   00007ffee59a9340 00007ffee59a9308
0x00007ffee59a92b8:   000000010d393787 000000010d393742
0x00007ffee59a92c8:   00007ffee59a92c8 000000016d0a5c00
0x00007ffee59a92d8:   00007ffee59a9340 000000016d0a8838
0x00007ffee59a92e8:   0000000000000000 000000016d0a5c00
0x00007ffee59a92f8:   0000000000000000 00007ffee59a9328
0x00007ffee59a9308:   00007ffee59a9388 000000010d3842bd
0x00007ffee59a9318:   00000006c09a5f80 000000010d38d538
0x00007ffee59a9328:   00007fc0b1520e50 00007ffee59a9388
0x00007ffee59a9338:   00007fc0b171eab0 000000010d38ee02
0x00007ffee59a9348:   00007ffee59a9348 000000016d0a5dca
0x00007ffee59a9358:   00007ffee59a93b0 000000016d0a8838
0x00007ffee59a9368:   0000000000000000 000000016d0a5dd8
0x00007ffee59a9378:   00007ffee59a9328 00007ffee59a9398
0x00007ffee59a9388:   00007ffee59a93f8 000000010d3842bd
0x00007ffee59a9398:   00007fc0b1520e50 00000006c08e0c00
0x00007ffee59a93a8:   00007fc0b171eab0 00000006c08e0c00
0x00007ffee59a93b8:   00007ffee59a93b8 000000016fbcc016
0x00007ffee59a93c8:   00007ffee59a9408 000000016fbcc0d0 

Instructions: (pc=0x00007fff777dfa1d)
0x00007fff777df9fd:   0f 1f 00 48 85 ff 2e 74 62 40 f6 c7 01 2e 75 66
0x00007fff777dfa0d:   49 ba f8 ff ff ff ff 7f 00 00 4c 23 17 49 89 f3
0x00007fff777dfa1d:   45 23 5a 18 49 c1 e3 04 4d 03 5a 10 49 3b 33 75
0x00007fff777dfa2d:   04 41 ff 63 08 49 83 3b 01 76 0d 49 83 c3 10 49 

Register to memory mapping:

RAX=0x00007fc0b1520e50 is an unknown value
RBX=0x000000012a902450: Java_jogamp_nativewindow_macosx_OSXUtil_GetScreenRefreshRate0+0x1cf0 in /private/var/folders/_p/b5qcm4c96mngd1b05mm2b76c0000gp/T/jogamp_0000/file_cache/jln6610373217747957228/jln6185563325646668803/libnativewindow_macosx.jnilib at 0x000000012a8fb000
RCX=0x0000000000000001 is an unknown value
RDX=0x0000000000000000 is an unknown value
RSP=0x00007ffee59a91d8 is pointing into the stack for thread: 0x00007fc0ae0b1800
RBP=0x00007ffee59a9290 is pointing into the stack for thread: 0x00007fc0ae0b1800
RSI=0x00007fff49824a0b: GCC_except_table7+0x9eaf in /System/Library/Frameworks/AppKit.framework/Versions/C/AppKit at 0x00007fff48c16000
RDI=0x00007fc0b171eab0 is an unknown value
R8 =0x0000000000000000 is an unknown value
R9 =0x0000000000000000 is an unknown value
R10=0x0000000000000000 is an unknown value
R11=0x00007fff49824a0b: GCC_except_table7+0x9eaf in /System/Library/Frameworks/AppKit.framework/Versions/C/AppKit at 0x00007fff48c16000
R12=0x0000000000000000 is an unknown value
R13={method} {0x000000016d0a5c00} 'UnsetJAWTRootSurfaceLayer0' '(JJ)V' in 'jogamp/nativewindow/jawt/macosx/MacOSXJAWTWindow'
R14=0x000000012a902440: Java_jogamp_nativewindow_macosx_OSXUtil_GetScreenRefreshRate0+0x1ce0 in /private/var/folders/_p/b5qcm4c96mngd1b05mm2b76c0000gp/T/jogamp_0000/file_cache/jln6610373217747957228/jln6185563325646668803/libnativewindow_macosx.jnilib at 0x000000012a8fb000
R15=0x00007fc0ae0b1800 is a thread


Stack: [0x00007ffee51ae000,0x00007ffee59ae000],  sp=0x00007ffee59a91d8,  free space=8172k
Native frames: (J=compiled Java code, j=interpreted, Vv=VM code, C=native code)
C  [libobjc.A.dylib+0x7a1d]  objc_msgSend+0x1d
j  jogamp.nativewindow.jawt.macosx.MacOSXJAWTWindow.UnsetJAWTRootSurfaceLayer0(JJ)V+0
j  jogamp.nativewindow.jawt.macosx.MacOSXJAWTWindow.access$200(JJ)V+2
j  jogamp.nativewindow.jawt.macosx.MacOSXJAWTWindow$1.run()V+38
j  com.jogamp.common.util.RunnableTask.run()V+24
v  ~StubRoutines::call_stub
V  [libjvm.dylib+0x2ecf8a]
V  [libjvm.dylib+0x324119]
V  [libjvm.dylib+0x3168e7]
C  [libnativewindow_macosx.jnilib+0x5326]  Java_jogamp_nativewindow_jawt_macosx_MacOSXJAWTWindow_UnsetJAWTRootSurfaceLayer0+0x2b6
C  [Foundation+0xb1abb]  __NSThreadPerformPerform+0x147
C  [CoreFoundation+0x58155]  __CFRUNLOOP_IS_CALLING_OUT_TO_A_SOURCE0_PERFORM_FUNCTION__+0x11
C  [CoreFoundation+0x580fb]  __CFRunLoopDoSource0+0x6c
C  [CoreFoundation+0x3bbed]  __CFRunLoopDoSources0+0x11b
C  [CoreFoundation+0x3b13e]  __CFRunLoopRun+0x4c3
C  [CoreFoundation+0x3aa28]  CFRunLoopRunSpecific+0x1cf
C  [HIToolbox+0xab35]  RunCurrentEventLoopInMode+0x125
C  [HIToolbox+0xa774]  ReceiveNextEventCommon+0x173
C  [HIToolbox+0xa5e8]  _BlockUntilNextEventMatchingListInModeWithFilter+0x40
C  [AppKit+0x1aeb7]  _DPSNextEvent+0x3e5
C  [AppKit+0x19c56]  -[NSApplication(NSEvent) _nextEventMatchingEventMask:untilDate:inMode:dequeue:]+0x552
C  [libosxapp.dylib+0x23aa]  -[NSApplicationAWT nextEventMatchingMask:untilDate:inMode:dequeue:]+0x7c
C  [AppKit+0x13cb9]  -[NSApplication run]+0x2bb
C  [libosxapp.dylib+0x214d]  +[NSApplicationAWT runAWTLoopWithApp:]+0x9c
C  [libawt_lwawt.dylib+0x444b3]  -[AWTStarter starter:]+0x389
C  [Foundation+0xb1abb]  __NSThreadPerformPerform+0x147
C  [CoreFoundation+0x58155]  __CFRUNLOOP_IS_CALLING_OUT_TO_A_SOURCE0_PERFORM_FUNCTION__+0x11
C  [CoreFoundation+0x580fb]  __CFRunLoopDoSource0+0x6c
C  [CoreFoundation+0x3bb95]  __CFRunLoopDoSources0+0xc3
C  [CoreFoundation+0x3b13e]  __CFRunLoopRun+0x4c3
C  [CoreFoundation+0x3aa28]  CFRunLoopRunSpecific+0x1cf
C  [java+0x6465]  CreateExecutionEnvironment+0x367
C  [java+0x218c]  JLI_Launch+0x7a0
C  [java+0x84c2]  main+0x65
C  [java+0x19e4]  start+0x34
C  0x0000000000000007

Java frames: (J=compiled Java code, j=interpreted, Vv=VM code)
j  jogamp.nativewindow.jawt.macosx.MacOSXJAWTWindow.UnsetJAWTRootSurfaceLayer0(JJ)V+0
j  jogamp.nativewindow.jawt.macosx.MacOSXJAWTWindow.access$200(JJ)V+2
j  jogamp.nativewindow.jawt.macosx.MacOSXJAWTWindow$1.run()V+38
j  com.jogamp.common.util.RunnableTask.run()V+24
v  ~StubRoutines::call_stub

---------------  P R O C E S S  ---------------

Java Threads: ( => current thread )
  0x00007fc0af00f000 JavaThread "Thread-28" [_thread_blocked, id=27703, stack(0x000070000fda7000,0x000070000fea7000)]
  0x00007fc0ae9b3800 JavaThread "Animation Thread" [_thread_blocked, id=53799, stack(0x00007000104c5000,0x00007000105c5000)]
  0x00007fc0ac198000 JavaThread "AWT-EventQueue-1" [_thread_in_native, id=54555, stack(0x00007000105c8000,0x00007000106c8000)]
  0x00007fc0ae95d000 JavaThread "DestroyJavaVM" [_thread_blocked, id=9731, stack(0x000070000e865000,0x000070000e965000)]
  0x00007fc0ac1df800 JavaThread "AWT-EventQueue-0" [_thread_blocked, id=72455, stack(0x00007000103c2000,0x00007000104c2000)]
  0x00007fc0ad0e6000 JavaThread "Java2D Disposer" daemon [_thread_blocked, id=50963, stack(0x0000700010139000,0x0000700010239000)]
  0x00007fc0ac80c000 JavaThread "Java2D Queue Flusher" daemon [_thread_blocked, id=77583, stack(0x0000700010036000,0x0000700010136000)]
  0x00007fc0ac159000 JavaThread "AWT-Shutdown" [_thread_blocked, id=38439, stack(0x000070000fb9e000,0x000070000fc9e000)]
=>0x00007fc0ae0b1800 JavaThread "AWT-AppKit" daemon [_thread_in_native, id=775, stack(0x00007ffee51ae000,0x00007ffee59ae000)]
  0x00007fc0ae004000 JavaThread "Service Thread" daemon [_thread_blocked, id=14595, stack(0x000070000f998000,0x000070000fa98000)]
  0x00007fc0ae848800 JavaThread "C1 CompilerThread3" daemon [_thread_blocked, id=13315, stack(0x000070000f895000,0x000070000f995000)]
  0x00007fc0ae848000 JavaThread "C2 CompilerThread2" daemon [_thread_blocked, id=12803, stack(0x000070000f792000,0x000070000f892000)]
  0x00007fc0ae847000 JavaThread "C2 CompilerThread1" daemon [_thread_blocked, id=15107, stack(0x000070000f68f000,0x000070000f78f000)]
  0x00007fc0ae845800 JavaThread "C2 CompilerThread0" daemon [_thread_blocked, id=12547, stack(0x000070000f58c000,0x000070000f68c000)]
  0x00007fc0ad00c000 JavaThread "Signal Dispatcher" daemon [_thread_blocked, id=15875, stack(0x000070000f489000,0x000070000f589000)]
  0x00007fc0ae82d800 JavaThread "Finalizer" daemon [_thread_blocked, id=18179, stack(0x000070000f386000,0x000070000f486000)]
  0x00007fc0ae82a800 JavaThread "Reference Handler" daemon [_thread_blocked, id=18691, stack(0x000070000f283000,0x000070000f383000)]

Other Threads:
  0x00007fc0ad004000 VMThread [stack: 0x000070000f180000,0x000070000f280000] [id=11779]
  0x00007fc0ae005000 WatcherThread [stack: 0x000070000fa9b000,0x000070000fb9b000] [id=13827]

VM state:not at safepoint (normal execution)

VM Mutex/Monitor currently owned by a thread: None

Heap:
 PSYoungGen      total 77312K, used 21625K [0x000000076ab00000, 0x0000000770a00000, 0x00000007c0000000)
  eden space 61440K, 34% used [0x000000076ab00000,0x000000076bfde450,0x000000076e700000)
  from space 15872K, 1% used [0x000000076e800000,0x000000076e840000,0x000000076f780000)
  to   space 17920K, 0% used [0x000000076f880000,0x000000076f880000,0x0000000770a00000)
 ParOldGen       total 175104K, used 17314K [0x00000006c0000000, 0x00000006cab00000, 0x000000076ab00000)
  object space 175104K, 9% used [0x00000006c0000000,0x00000006c10e89f0,0x00000006cab00000)
 Metaspace       used 19239K, capacity 19475K, committed 19712K, reserved 1067008K
  class space    used 1897K, capacity 1984K, committed 2048K, reserved 1048576K

Card table byte_map: [0x000000010c761000,0x000000010cf62000] byte_map_base: 0x0000000109161000

Marking Bits: (ParMarkBitMap*) 0x000000010bcefd20
 Begin Bits: [0x000000011c8d2000, 0x00000001208d2000)
 End Bits:   [0x00000001208d2000, 0x00000001248d2000)

Polling page: 0x000000010a2c4000

CodeCache: size=245760Kb used=7979Kb max_used=7991Kb free=237780Kb
 bounds [0x000000010d37c000, 0x000000010db5c000, 0x000000011c37c000]
 total_blobs=3041 nmethods=2167 adapters=787
 compilation: enabled

Compilation events (10 events):
Event: 97.029 Thread 0x00007fc0ae847000 2335       4       sun.awt.image.PixelConverter$ArgbPre::rgbToPixel (100 bytes)
Event: 97.029 Thread 0x00007fc0ae848800 2336       2       java.awt.geom.AffineTransform::getTranslateX (5 bytes)
Event: 97.029 Thread 0x00007fc0ae848800 nmethod 2336 0x000000010d7b3190 code [0x000000010d7b32e0, 0x000000010d7b3430]
Event: 97.029 Thread 0x00007fc0ae848800 2337       2       java.awt.geom.AffineTransform::getTranslateY (5 bytes)
Event: 97.030 Thread 0x00007fc0ae845800 nmethod 2334 0x000000010db2e8d0 code [0x000000010db2ea20, 0x000000010db2eb58]
Event: 97.030 Thread 0x00007fc0ae848800 nmethod 2337 0x000000010db2e5d0 code [0x000000010db2e720, 0x000000010db2e870]
Event: 97.030 Thread 0x00007fc0ae847000 nmethod 2335 0x000000010db2e350 code [0x000000010db2e4a0, 0x000000010db2e558]
Event: 97.031 Thread 0x00007fc0ae848800 2338   !   3       java.awt.AWTEvent::dispatched (47 bytes)
Event: 97.032 Thread 0x00007fc0ae848800 nmethod 2338 0x000000010d785950 code [0x000000010d785b40, 0x000000010d786578]
Event: 97.056 Thread 0x00007fc0ae848000 2339       4       java.lang.String::equalsIgnoreCase (48 bytes)

GC Heap History (10 events):
Event: 23.334 GC heap before
{Heap before GC invocations=3 (full 0):
 PSYoungGen      total 76288K, used 76275K [0x000000076ab00000, 0x0000000770000000, 0x00000007c0000000)
  eden space 65536K, 100% used [0x000000076ab00000,0x000000076eb00000,0x000000076eb00000)
  from space 10752K, 99% used [0x000000076f580000,0x000000076fffcdb0,0x0000000770000000)
  to   space 10752K, 0% used [0x000000076eb00000,0x000000076eb00000,0x000000076f580000)
 ParOldGen       total 175104K, used 6696K [0x00000006c0000000, 0x00000006cab00000, 0x000000076ab00000)
  object space 175104K, 3% used [0x00000006c0000000,0x00000006c068a280,0x00000006cab00000)
 Metaspace       used 19159K, capacity 19411K, committed 19712K, reserved 1067008K
  class space    used 1890K, capacity 1984K, committed 2048K, reserved 1048576K
Event: 23.341 GC heap after
Heap after GC invocations=3 (full 0):
 PSYoungGen      total 76288K, used 10739K [0x000000076ab00000, 0x0000000770000000, 0x00000007c0000000)
  eden space 65536K, 0% used [0x000000076ab00000,0x000000076ab00000,0x000000076eb00000)
  from space 10752K, 99% used [0x000000076eb00000,0x000000076f57cdb0,0x000000076f580000)
  to   space 10752K, 0% used [0x000000076f580000,0x000000076f580000,0x0000000770000000)
 ParOldGen       total 175104K, used 6712K [0x00000006c0000000, 0x00000006cab00000, 0x000000076ab00000)
  object space 175104K, 3% used [0x00000006c0000000,0x00000006c068e280,0x00000006cab00000)
 Metaspace       used 19159K, capacity 19411K, committed 19712K, reserved 1067008K
  class space    used 1890K, capacity 1984K, committed 2048K, reserved 1048576K
}
Event: 40.837 GC heap before
{Heap before GC invocations=4 (full 0):
 PSYoungGen      total 76288K, used 76275K [0x000000076ab00000, 0x0000000770000000, 0x00000007c0000000)
  eden space 65536K, 100% used [0x000000076ab00000,0x000000076eb00000,0x000000076eb00000)
  from space 10752K, 99% used [0x000000076eb00000,0x000000076f57cdb0,0x000000076f580000)
  to   space 10752K, 0% used [0x000000076f580000,0x000000076f580000,0x0000000770000000)
 ParOldGen       total 175104K, used 6712K [0x00000006c0000000, 0x00000006cab00000, 0x000000076ab00000)
  object space 175104K, 3% used [0x00000006c0000000,0x00000006c068e280,0x00000006cab00000)
 Metaspace       used 19172K, capacity 19411K, committed 19712K, reserved 1067008K
  class space    used 1890K, capacity 1984K, committed 2048K, reserved 1048576K
Event: 40.844 GC heap after
Heap after GC invocations=4 (full 0):
 PSYoungGen      total 76288K, used 10707K [0x000000076ab00000, 0x0000000770000000, 0x00000007c0000000)
  eden space 65536K, 0% used [0x000000076ab00000,0x000000076ab00000,0x000000076eb00000)
  from space 10752K, 99% used [0x000000076f580000,0x000000076fff4d90,0x0000000770000000)
  to   space 10752K, 0% used [0x000000076eb00000,0x000000076eb00000,0x000000076f580000)
 ParOldGen       total 175104K, used 6720K [0x00000006c0000000, 0x00000006cab00000, 0x000000076ab00000)
  object space 175104K, 3% used [0x00000006c0000000,0x00000006c0690280,0x00000006cab00000)
 Metaspace       used 19172K, capacity 19411K, committed 19712K, reserved 1067008K
  class space    used 1890K, capacity 1984K, committed 2048K, reserved 1048576K
}
Event: 58.507 GC heap before
{Heap before GC invocations=5 (full 0):
 PSYoungGen      total 76288K, used 76243K [0x000000076ab00000, 0x0000000770000000, 0x00000007c0000000)
  eden space 65536K, 100% used [0x000000076ab00000,0x000000076eb00000,0x000000076eb00000)
  from space 10752K, 99% used [0x000000076f580000,0x000000076fff4d90,0x0000000770000000)
  to   space 10752K, 0% used [0x000000076eb00000,0x000000076eb00000,0x000000076f580000)
 ParOldGen       total 175104K, used 6720K [0x00000006c0000000, 0x00000006cab00000, 0x000000076ab00000)
  object space 175104K, 3% used [0x00000006c0000000,0x00000006c0690280,0x00000006cab00000)
 Metaspace       used 19185K, capacity 19411K, committed 19712K, reserved 1067008K
  class space    used 1891K, capacity 1984K, committed 2048K, reserved 1048576K
Event: 58.516 GC heap after
Heap after GC invocations=5 (full 0):
 PSYoungGen      total 74752K, used 10707K [0x000000076ab00000, 0x0000000770980000, 0x00000007c0000000)
  eden space 64000K, 0% used [0x000000076ab00000,0x000000076ab00000,0x000000076e980000)
  from space 10752K, 99% used [0x000000076eb00000,0x000000076f574db0,0x000000076f580000)
  to   space 16384K, 0% used [0x000000076f980000,0x000000076f980000,0x0000000770980000)
 ParOldGen       total 175104K, used 6728K [0x00000006c0000000, 0x00000006cab00000, 0x000000076ab00000)
  object space 175104K, 3% used [0x00000006c0000000,0x00000006c0692280,0x00000006cab00000)
 Metaspace       used 19185K, capacity 19411K, committed 19712K, reserved 1067008K
  class space    used 1891K, capacity 1984K, committed 2048K, reserved 1048576K
}
Event: 75.758 GC heap before
{Heap before GC invocations=6 (full 0):
 PSYoungGen      total 74752K, used 74707K [0x000000076ab00000, 0x0000000770980000, 0x00000007c0000000)
  eden space 64000K, 100% used [0x000000076ab00000,0x000000076e980000,0x000000076e980000)
  from space 10752K, 99% used [0x000000076eb00000,0x000000076f574db0,0x000000076f580000)
  to   space 16384K, 0% used [0x000000076f980000,0x000000076f980000,0x0000000770980000)
 ParOldGen       total 175104K, used 6728K [0x00000006c0000000, 0x00000006cab00000, 0x000000076ab00000)
  object space 175104K, 3% used [0x00000006c0000000,0x00000006c0692280,0x00000006cab00000)
 Metaspace       used 19185K, capacity 19411K, committed 19712K, reserved 1067008K
  class space    used 1891K, capacity 1984K, committed 2048K, reserved 1048576K
Event: 75.766 GC heap after
Heap after GC invocations=6 (full 0):
 PSYoungGen      total 76288K, used 10755K [0x000000076ab00000, 0x0000000770700000, 0x00000007c0000000)
  eden space 62464K, 0% used [0x000000076ab00000,0x000000076ab00000,0x000000076e800000)
  from space 13824K, 77% used [0x000000076f980000,0x0000000770400da0,0x0000000770700000)
  to   space 15872K, 0% used [0x000000076e800000,0x000000076e800000,0x000000076f780000)
 ParOldGen       total 175104K, used 6736K [0x00000006c0000000, 0x00000006cab00000, 0x000000076ab00000)
  object space 175104K, 3% used [0x00000006c0000000,0x00000006c0694280,0x00000006cab00000)
 Metaspace       used 19185K, capacity 19411K, committed 19712K, reserved 1067008K
  class space    used 1891K, capacity 1984K, committed 2048K, reserved 1048576K
}
Event: 92.245 GC heap before
{Heap before GC invocations=7 (full 0):
 PSYoungGen      total 76288K, used 73219K [0x000000076ab00000, 0x0000000770700000, 0x00000007c0000000)
  eden space 62464K, 100% used [0x000000076ab00000,0x000000076e800000,0x000000076e800000)
  from space 13824K, 77% used [0x000000076f980000,0x0000000770400da0,0x0000000770700000)
  to   space 15872K, 0% used [0x000000076e800000,0x000000076e800000,0x000000076f780000)
 ParOldGen       total 175104K, used 6736K [0x00000006c0000000, 0x00000006cab00000, 0x000000076ab00000)
  object space 175104K, 3% used [0x00000006c0000000,0x00000006c0694280,0x00000006cab00000)
 Metaspace       used 19209K, capacity 19411K, committed 19712K, reserved 1067008K
  class space    used 1891K, capacity 1984K, committed 2048K, reserved 1048576K
Event: 92.255 GC heap after
Heap after GC invocations=7 (full 0):
 PSYoungGen      total 77312K, used 256K [0x000000076ab00000, 0x0000000770a00000, 0x00000007c0000000)
  eden space 61440K, 0% used [0x000000076ab00000,0x000000076ab00000,0x000000076e700000)
  from space 15872K, 1% used [0x000000076e800000,0x000000076e840000,0x000000076f780000)
  to   space 17920K, 0% used [0x000000076f880000,0x000000076f880000,0x0000000770a00000)
 ParOldGen       total 175104K, used 17314K [0x00000006c0000000, 0x00000006cab00000, 0x000000076ab00000)
  object space 175104K, 9% used [0x00000006c0000000,0x00000006c10e89f0,0x00000006cab00000)
 Metaspace       used 19209K, capacity 19411K, committed 19712K, reserved 1067008K
  class space    used 1891K, capacity 1984K, committed 2048K, reserved 1048576K
}

Deoptimization events (10 events):
Event: 97.043 Thread 0x00007fc0ac17a000 Uncommon trap: reason=unstable_if action=reinterpret pc=0x000000010da468bc method=java.util.HashMap.putVal(ILjava/lang/Object;Ljava/lang/Object;ZZ)Ljava/lang/Object; @ 81
Event: 97.044 Thread 0x00007fc0ac1df800 Uncommon trap: reason=class_check action=maybe_recompile pc=0x000000010db30c64 method=java.awt.Component.getGraphics()Ljava/awt/Graphics; @ 114
Event: 97.044 Thread 0x00007fc0ac198000 Uncommon trap: reason=class_check action=maybe_recompile pc=0x000000010db1f4bc method=java.awt.event.InvocationEvent.dispatch()V @ 11
Event: 97.045 Thread 0x00007fc0ae0b1800 Uncommon trap: reason=class_check action=maybe_recompile pc=0x000000010db10000 method=com.jogamp.common.util.RunnableTask.run()V @ 24
Event: 97.046 Thread 0x00007fc0ae0b1800 Uncommon trap: reason=unstable_if action=reinterpret pc=0x000000010d8845bc method=jogamp.nativewindow.macosx.OSXUtil.RunOnMainThread(ZZLjava/lang/Runnable;)V @ 3
Event: 97.054 Thread 0x00007fc0ac198000 Uncommon trap: reason=unstable_if action=reinterpret pc=0x000000010d787b98 method=jogamp.opengl.GLContextImpl.release(Z)V @ 161
Event: 97.057 Thread 0x00007fc0ac198000 Uncommon trap: reason=unstable_if action=reinterpret pc=0x000000010da3c244 method=java.security.AccessControlContext.optimize()Ljava/security/AccessControlContext; @ 233
Event: 97.058 Thread 0x00007fc0ac1df800 Uncommon trap: reason=class_check action=maybe_recompile pc=0x000000010db30c64 method=java.awt.Component.getGraphics()Ljava/awt/Graphics; @ 114
Event: 97.058 Thread 0x00007fc0ae0b1800 Uncommon trap: reason=class_check action=maybe_recompile pc=0x000000010db10000 method=com.jogamp.common.util.RunnableTask.run()V @ 24
Event: 97.058 Thread 0x00007fc0ac198000 Uncommon trap: reason=class_check action=maybe_recompile pc=0x000000010db1f4bc method=java.awt.event.InvocationEvent.dispatch()V @ 11

Internal exceptions (10 events):
Event: 0.143 Thread 0x00007fc0ac808800 Exception <a 'java/lang/NoSuchFieldError': method resolution failed> (0x000000076ada9408) thrown at [/Users/java_re/workspace/8-2-build-macosx-x86_64/jdk8u111/7883/hotspot/src/share/vm/prims/methodHandles.cpp, line 1146]
Event: 0.145 Thread 0x00007fc0ac808800 Exception <a 'java/lang/NoSuchFieldError': method resolution failed> (0x000000076adb6bd8) thrown at [/Users/java_re/workspace/8-2-build-macosx-x86_64/jdk8u111/7883/hotspot/src/share/vm/prims/methodHandles.cpp, line 1146]
Event: 0.328 Thread 0x00007fc0ac808800 Exception <a 'java/io/FileNotFoundException'> (0x000000076ae32278) thrown at [/Users/java_re/workspace/8-2-build-macosx-x86_64/jdk8u111/7883/hotspot/src/share/vm/prims/jni.cpp, line 709]
Event: 0.328 Thread 0x00007fc0ac808800 Exception <a 'java/io/FileNotFoundException'> (0x000000076ae32de0) thrown at [/Users/java_re/workspace/8-2-build-macosx-x86_64/jdk8u111/7883/hotspot/src/share/vm/prims/jni.cpp, line 709]
Event: 0.457 Thread 0x00007fc0ac808800 Exception <a 'java/io/FileNotFoundException'> (0x000000076aed0aa0) thrown at [/Users/java_re/workspace/8-2-build-macosx-x86_64/jdk8u111/7883/hotspot/src/share/vm/prims/jni.cpp, line 709]
Event: 2.158 Thread 0x00007fc0ae9b3800 Exception <a 'java/lang/UnsatisfiedLinkError': com.jogamp.common.util.JarUtil.fixNativeLibAttribs(Ljava/lang/String;)Z> (0x000000076c516e88) thrown at [/Users/java_re/workspace/8-2-build-macosx-x86_64/jdk8u111/7883/hotspot/src/share/vm/prims/nativeLookup.
Event: 3.185 Thread 0x00007fc0ac198000 Exception <a 'java/io/FileNotFoundException'> (0x000000076d7710f0) thrown at [/Users/java_re/workspace/8-2-build-macosx-x86_64/jdk8u111/7883/hotspot/src/share/vm/prims/jni.cpp, line 709]
Event: 3.186 Thread 0x00007fc0ac198000 Exception <a 'java/io/FileNotFoundException'> (0x000000076d77a2a0) thrown at [/Users/java_re/workspace/8-2-build-macosx-x86_64/jdk8u111/7883/hotspot/src/share/vm/prims/jni.cpp, line 709]
Event: 3.186 Thread 0x00007fc0ac198000 Implicit null exception at 0x000000010d524cb6 to 0x000000010d525081
Event: 3.679 Thread 0x00007fc0ae82d800 Exception <a 'java/lang/NullPointerException'> (0x000000076ad15420) thrown at [/Users/java_re/workspace/8-2-build-macosx-x86_64/jdk8u111/7883/hotspot/src/share/vm/interpreter/linkResolver.cpp, line 1178]

Events (10 events):
Event: 97.058 Thread 0x00007fc0ac1df800 Uncommon trap: trap_request=0xffffffde fr.pc=0x000000010db30c64
Event: 97.058 loading class java/awt/Window$1DisposeAction done
Event: 97.058 Thread 0x00007fc0ac1df800 DEOPT PACKING pc=0x000000010db30c64 sp=0x00007000104bfc70
Event: 97.058 Thread 0x00007fc0ac1df800 DEOPT UNPACKING pc=0x000000010d381229 sp=0x00007000104bfc70 mode 2
Event: 97.058 Thread 0x00007fc0ae0b1800 Uncommon trap: trap_request=0xffffffde fr.pc=0x000000010db10000
Event: 97.058 Thread 0x00007fc0ae0b1800 DEOPT PACKING pc=0x000000010db10000 sp=0x00007ffee59a9450
Event: 97.058 Thread 0x00007fc0ae0b1800 DEOPT UNPACKING pc=0x000000010d381229 sp=0x00007ffee59a93f8 mode 2
Event: 97.058 Thread 0x00007fc0ac198000 Uncommon trap: trap_request=0xffffffde fr.pc=0x000000010db1f4bc
Event: 97.058 Thread 0x00007fc0ac198000 DEOPT PACKING pc=0x000000010db1f4bc sp=0x00007000106c5f90
Event: 97.058 Thread 0x00007fc0ac198000 DEOPT UNPACKING pc=0x000000010d381229 sp=0x00007000106c5e18 mode 2


Dynamic libraries:
0x0000000021436000 	/System/Library/Frameworks/Cocoa.framework/Versions/A/Cocoa
0x0000000021436000 	/System/Library/Frameworks/Security.framework/Versions/A/Security
0x0000000021436000 	/System/Library/Frameworks/ApplicationServices.framework/Versions/A/ApplicationServices
0x0000000021436000 	/usr/lib/libz.1.dylib
0x0000000021436000 	/usr/lib/libSystem.B.dylib
0x0000000021436000 	/usr/lib/libobjc.A.dylib
0x0000000021436000 	/System/Library/Frameworks/CoreFoundation.framework/Versions/A/CoreFoundation
0x0000000021436000 	/System/Library/Frameworks/Foundation.framework/Versions/C/Foundation
0x0000000021436000 	/System/Library/Frameworks/AppKit.framework/Versions/C/AppKit
0x0000000021436000 	/System/Library/Frameworks/CoreData.framework/Versions/A/CoreData
0x0000000021436000 	/System/Library/PrivateFrameworks/RemoteViewServices.framework/Versions/A/RemoteViewServices
0x0000000021436000 	/System/Library/PrivateFrameworks/UIFoundation.framework/Versions/A/UIFoundation
0x0000000021436000 	/System/Library/PrivateFrameworks/XCTTargetBootstrap.framework/Versions/A/XCTTargetBootstrap
0x0000000021436000 	/System/Library/PrivateFrameworks/IconServices.framework/Versions/A/IconServices
0x0000000021436000 	/System/Library/Frameworks/Metal.framework/Versions/A/Metal
0x0000000021436000 	/System/Library/PrivateFrameworks/DesktopServicesPriv.framework/Versions/A/DesktopServicesPriv
0x0000000021436000 	/usr/lib/libenergytrace.dylib
0x0000000021436000 	/System/Library/PrivateFrameworks/SkyLight.framework/Versions/A/SkyLight
0x0000000021436000 	/System/Library/Frameworks/CoreGraphics.framework/Versions/A/CoreGraphics
0x0000000021436000 	/System/Library/Frameworks/Accelerate.framework/Versions/A/Accelerate
0x0000000021436000 	/System/Library/Frameworks/IOSurface.framework/Versions/A/IOSurface
0x0000000021436000 	/System/Library/PrivateFrameworks/DFRFoundation.framework/Versions/A/DFRFoundation
0x0000000021436000 	/System/Library/Frameworks/AudioToolbox.framework/Versions/A/AudioToolbox
0x0000000021436000 	/System/Library/Frameworks/AudioUnit.framework/Versions/A/AudioUnit
0x0000000021436000 	/System/Library/PrivateFrameworks/DataDetectorsCore.framework/Versions/A/DataDetectorsCore
0x0000000021436000 	/System/Library/Frameworks/Carbon.framework/Versions/A/Frameworks/HIToolbox.framework/Versions/A/HIToolbox
0x0000000021436000 	/usr/lib/libicucore.A.dylib
0x0000000021436000 	/System/Library/Frameworks/QuartzCore.framework/Versions/A/QuartzCore
0x0000000021436000 	/System/Library/Frameworks/Carbon.framework/Versions/A/Frameworks/SpeechRecognition.framework/Versions/A/SpeechRecognition
0x0000000021436000 	/usr/lib/libauto.dylib
0x0000000021436000 	/usr/lib/libxml2.2.dylib
0x0000000021436000 	/System/Library/PrivateFrameworks/CoreUI.framework/Versions/A/CoreUI
0x0000000021436000 	/System/Library/Frameworks/CoreAudio.framework/Versions/A/CoreAudio
0x0000000021436000 	/System/Library/Frameworks/DiskArbitration.framework/Versions/A/DiskArbitration
0x0000000021436000 	/usr/lib/liblangid.dylib
0x0000000021436000 	/System/Library/PrivateFrameworks/MultitouchSupport.framework/Versions/A/MultitouchSupport
0x0000000021436000 	/System/Library/Frameworks/IOKit.framework/Versions/A/IOKit
0x0000000021436000 	/usr/lib/libDiagnosticMessagesClient.dylib
0x0000000021436000 	/System/Library/Frameworks/CoreServices.framework/Versions/A/CoreServices
0x0000000021436000 	/System/Library/PrivateFrameworks/PerformanceAnalysis.framework/Versions/A/PerformanceAnalysis
0x0000000021436000 	/System/Library/Frameworks/OpenGL.framework/Versions/A/OpenGL
0x0000000021436000 	/System/Library/Frameworks/ColorSync.framework/Versions/A/ColorSync
0x0000000021436000 	/System/Library/Frameworks/CoreImage.framework/Versions/A/CoreImage
0x0000000021436000 	/System/Library/Frameworks/CoreText.framework/Versions/A/CoreText
0x0000000021436000 	/System/Library/Frameworks/ImageIO.framework/Versions/A/ImageIO
0x0000000021436000 	/System/Library/PrivateFrameworks/Backup.framework/Versions/A/Backup
0x0000000021436000 	/usr/lib/libarchive.2.dylib
0x0000000021436000 	/System/Library/Frameworks/CFNetwork.framework/Versions/A/CFNetwork
0x0000000021436000 	/System/Library/Frameworks/SystemConfiguration.framework/Versions/A/SystemConfiguration
0x0000000021436000 	/usr/lib/libCRFSuite.dylib
0x0000000021436000 	/usr/lib/libc++.1.dylib
0x0000000021436000 	/usr/lib/libc++abi.dylib
0x0000000021436000 	/usr/lib/system/libcache.dylib
0x0000000021436000 	/usr/lib/system/libcommonCrypto.dylib
0x0000000021436000 	/usr/lib/system/libcompiler_rt.dylib
0x0000000021436000 	/usr/lib/system/libcopyfile.dylib
0x0000000021436000 	/usr/lib/system/libcorecrypto.dylib
0x0000000021436000 	/usr/lib/system/libdispatch.dylib
0x0000000021436000 	/usr/lib/system/libdyld.dylib
0x0000000021436000 	/usr/lib/system/libkeymgr.dylib
0x0000000021436000 	/usr/lib/system/liblaunch.dylib
0x0000000021436000 	/usr/lib/system/libmacho.dylib
0x0000000021436000 	/usr/lib/system/libquarantine.dylib
0x0000000021436000 	/usr/lib/system/libremovefile.dylib
0x0000000021436000 	/usr/lib/system/libsystem_asl.dylib
0x0000000021436000 	/usr/lib/system/libsystem_blocks.dylib
0x0000000021436000 	/usr/lib/system/libsystem_c.dylib
0x0000000021436000 	/usr/lib/system/libsystem_configuration.dylib
0x0000000021436000 	/usr/lib/system/libsystem_coreservices.dylib
0x0000000021436000 	/usr/lib/system/libsystem_darwin.dylib
0x0000000021436000 	/usr/lib/system/libsystem_dnssd.dylib
0x0000000021436000 	/usr/lib/system/libsystem_info.dylib
0x0000000021436000 	/usr/lib/system/libsystem_m.dylib
0x0000000021436000 	/usr/lib/system/libsystem_malloc.dylib
0x0000000021436000 	/usr/lib/system/libsystem_networkextension.dylib
0x0000000021436000 	/usr/lib/system/libsystem_notify.dylib
0x0000000021436000 	/usr/lib/system/libsystem_sandbox.dylib
0x0000000021436000 	/usr/lib/system/libsystem_secinit.dylib
0x0000000021436000 	/usr/lib/system/libsystem_kernel.dylib
0x0000000021436000 	/usr/lib/system/libsystem_platform.dylib
0x0000000021436000 	/usr/lib/system/libsystem_pthread.dylib
0x0000000021436000 	/usr/lib/system/libsystem_symptoms.dylib
0x0000000021436000 	/usr/lib/system/libsystem_trace.dylib
0x0000000021436000 	/usr/lib/system/libunwind.dylib
0x0000000021436000 	/usr/lib/system/libxpc.dylib
0x0000000021436000 	/usr/lib/libbsm.0.dylib
0x0000000021436000 	/usr/lib/system/libkxld.dylib
0x0000000021436000 	/System/Library/PrivateFrameworks/AppleFSCompression.framework/Versions/A/AppleFSCompression
0x0000000021436000 	/usr/lib/libOpenScriptingUtil.dylib
0x0000000021436000 	/usr/lib/libcoretls.dylib
0x0000000021436000 	/usr/lib/libcoretls_cfhelpers.dylib
0x0000000021436000 	/usr/lib/libpam.2.dylib
0x0000000021436000 	/usr/lib/libsqlite3.dylib
0x0000000021436000 	/usr/lib/libxar.1.dylib
0x0000000021436000 	/usr/lib/libbz2.1.0.dylib
0x0000000021436000 	/usr/lib/liblzma.5.dylib
0x0000000021436000 	/usr/lib/libnetwork.dylib
0x0000000021436000 	/usr/lib/libapple_nghttp2.dylib
0x0000000021436000 	/usr/lib/libpcap.A.dylib
0x0000000021436000 	/System/Library/Frameworks/CoreServices.framework/Versions/A/Frameworks/FSEvents.framework/Versions/A/FSEvents
0x0000000021436000 	/System/Library/Frameworks/CoreServices.framework/Versions/A/Frameworks/CarbonCore.framework/Versions/A/CarbonCore
0x0000000021436000 	/System/Library/Frameworks/CoreServices.framework/Versions/A/Frameworks/Metadata.framework/Versions/A/Metadata
0x0000000021436000 	/System/Library/Frameworks/CoreServices.framework/Versions/A/Frameworks/OSServices.framework/Versions/A/OSServices
0x0000000021436000 	/System/Library/Frameworks/CoreServices.framework/Versions/A/Frameworks/SearchKit.framework/Versions/A/SearchKit
0x0000000021436000 	/System/Library/Frameworks/CoreServices.framework/Versions/A/Frameworks/AE.framework/Versions/A/AE
0x0000000021436000 	/System/Library/Frameworks/CoreServices.framework/Versions/A/Frameworks/LaunchServices.framework/Versions/A/LaunchServices
0x0000000021436000 	/System/Library/Frameworks/CoreServices.framework/Versions/A/Frameworks/DictionaryServices.framework/Versions/A/DictionaryServices
0x0000000021436000 	/System/Library/Frameworks/CoreServices.framework/Versions/A/Frameworks/SharedFileList.framework/Versions/A/SharedFileList
0x0000000021436000 	/System/Library/Frameworks/NetFS.framework/Versions/A/NetFS
0x0000000021436000 	/System/Library/PrivateFrameworks/NetAuth.framework/Versions/A/NetAuth
0x0000000021436000 	/System/Library/PrivateFrameworks/login.framework/Versions/A/Frameworks/loginsupport.framework/Versions/A/loginsupport
0x0000000021436000 	/System/Library/PrivateFrameworks/TCC.framework/Versions/A/TCC
0x0000000021436000 	/System/Library/PrivateFrameworks/CoreNLP.framework/Versions/A/CoreNLP
0x0000000021436000 	/System/Library/PrivateFrameworks/MetadataUtilities.framework/Versions/A/MetadataUtilities
0x0000000021436000 	/usr/lib/libmecabra.dylib
0x0000000021436000 	/System/Library/Frameworks/ApplicationServices.framework/Versions/A/Frameworks/ATS.framework/Versions/A/ATS
0x0000000021436000 	/System/Library/Frameworks/ApplicationServices.framework/Versions/A/Frameworks/ColorSyncLegacy.framework/Versions/A/ColorSyncLegacy
0x0000000021436000 	/System/Library/Frameworks/ApplicationServices.framework/Versions/A/Frameworks/HIServices.framework/Versions/A/HIServices
0x0000000021436000 	/System/Library/Frameworks/ApplicationServices.framework/Versions/A/Frameworks/LangAnalysis.framework/Versions/A/LangAnalysis
0x0000000021436000 	/System/Library/Frameworks/ApplicationServices.framework/Versions/A/Frameworks/PrintCore.framework/Versions/A/PrintCore
0x0000000021436000 	/System/Library/Frameworks/ApplicationServices.framework/Versions/A/Frameworks/QD.framework/Versions/A/QD
0x0000000021436000 	/System/Library/Frameworks/ApplicationServices.framework/Versions/A/Frameworks/SpeechSynthesis.framework/Versions/A/SpeechSynthesis
0x0000000021436000 	/usr/lib/libcompression.dylib
0x0000000021436000 	/System/Library/Frameworks/CoreDisplay.framework/Versions/A/CoreDisplay
0x0000000021436000 	/System/Library/Frameworks/MetalPerformanceShaders.framework/Versions/A/MetalPerformanceShaders
0x0000000021436000 	/System/Library/Frameworks/Accelerate.framework/Versions/A/Frameworks/vImage.framework/Versions/A/vImage
0x0000000021436000 	/System/Library/Frameworks/Accelerate.framework/Versions/A/Frameworks/vecLib.framework/Versions/A/vecLib
0x0000000021436000 	/System/Library/Frameworks/Accelerate.framework/Versions/A/Frameworks/vecLib.framework/Versions/A/libvMisc.dylib
0x0000000021436000 	/System/Library/Frameworks/Accelerate.framework/Versions/A/Frameworks/vecLib.framework/Versions/A/libvDSP.dylib
0x0000000021436000 	/System/Library/Frameworks/Accelerate.framework/Versions/A/Frameworks/vecLib.framework/Versions/A/libBLAS.dylib
0x0000000021436000 	/System/Library/Frameworks/Accelerate.framework/Versions/A/Frameworks/vecLib.framework/Versions/A/libLAPACK.dylib
0x0000000021436000 	/System/Library/Frameworks/Accelerate.framework/Versions/A/Frameworks/vecLib.framework/Versions/A/libLinearAlgebra.dylib
0x0000000021436000 	/System/Library/Frameworks/Accelerate.framework/Versions/A/Frameworks/vecLib.framework/Versions/A/libSparseBLAS.dylib
0x0000000021436000 	/System/Library/Frameworks/Accelerate.framework/Versions/A/Frameworks/vecLib.framework/Versions/A/libQuadrature.dylib
0x0000000021436000 	/System/Library/Frameworks/Accelerate.framework/Versions/A/Frameworks/vecLib.framework/Versions/A/libBNNS.dylib
0x0000000021436000 	/System/Library/Frameworks/Accelerate.framework/Versions/A/Frameworks/vecLib.framework/Versions/A/libSparse.dylib
0x0000000021436000 	/System/Library/PrivateFrameworks/GPUWrangler.framework/Versions/A/GPUWrangler
0x0000000021436000 	/System/Library/PrivateFrameworks/IOAccelerator.framework/Versions/A/IOAccelerator
0x0000000021436000 	/System/Library/PrivateFrameworks/IOPresentment.framework/Versions/A/IOPresentment
0x0000000021436000 	/System/Library/PrivateFrameworks/DSExternalDisplay.framework/Versions/A/DSExternalDisplay
0x0000000021436000 	/System/Library/Frameworks/OpenGL.framework/Versions/A/Libraries/libCoreFSCache.dylib
0x0000000021436000 	/System/Library/Frameworks/MetalPerformanceShaders.framework/Frameworks/MPSCore.framework/Versions/A/MPSCore
0x0000000021436000 	/System/Library/Frameworks/MetalPerformanceShaders.framework/Frameworks/MPSImage.framework/Versions/A/MPSImage
0x0000000021436000 	/System/Library/Frameworks/MetalPerformanceShaders.framework/Frameworks/MPSNeuralNetwork.framework/Versions/A/MPSNeuralNetwork
0x0000000021436000 	/System/Library/Frameworks/MetalPerformanceShaders.framework/Frameworks/MPSMatrix.framework/Versions/A/MPSMatrix
0x0000000021436000 	/System/Library/Frameworks/MetalPerformanceShaders.framework/Frameworks/MPSRayIntersector.framework/Versions/A/MPSRayIntersector
0x0000000021436000 	/System/Library/PrivateFrameworks/MetalTools.framework/Versions/A/MetalTools
0x0000000021436000 	/System/Library/PrivateFrameworks/AggregateDictionary.framework/Versions/A/AggregateDictionary
0x0000000021436000 	/usr/lib/libMobileGestalt.dylib
0x0000000021436000 	/System/Library/Frameworks/CoreVideo.framework/Versions/A/CoreVideo
0x0000000021436000 	/System/Library/PrivateFrameworks/GraphVisualizer.framework/Versions/A/GraphVisualizer
0x0000000021436000 	/System/Library/PrivateFrameworks/FaceCore.framework/Versions/A/FaceCore
0x0000000021436000 	/System/Library/Frameworks/OpenCL.framework/Versions/A/OpenCL
0x0000000021436000 	/usr/lib/libFosl_dynamic.dylib
0x0000000021436000 	/System/Library/PrivateFrameworks/OTSVG.framework/Versions/A/OTSVG
0x0000000021436000 	/System/Library/Frameworks/ApplicationServices.framework/Versions/A/Frameworks/ATS.framework/Versions/A/Resources/libFontParser.dylib
0x0000000021436000 	/System/Library/Frameworks/ApplicationServices.framework/Versions/A/Frameworks/ATS.framework/Versions/A/Resources/libFontRegistry.dylib
0x0000000021436000 	/System/Library/Frameworks/ImageIO.framework/Versions/A/Resources/libJPEG.dylib
0x0000000021436000 	/System/Library/Frameworks/ImageIO.framework/Versions/A/Resources/libTIFF.dylib
0x0000000021436000 	/System/Library/Frameworks/ImageIO.framework/Versions/A/Resources/libPng.dylib
0x0000000021436000 	/System/Library/Frameworks/ImageIO.framework/Versions/A/Resources/libGIF.dylib
0x0000000021436000 	/System/Library/Frameworks/ImageIO.framework/Versions/A/Resources/libJP2.dylib
0x0000000021436000 	/System/Library/Frameworks/ImageIO.framework/Versions/A/Resources/libRadiance.dylib
0x0000000021436000 	/System/Library/PrivateFrameworks/AppleJPEG.framework/Versions/A/AppleJPEG
0x0000000021436000 	/System/Library/Frameworks/OpenGL.framework/Versions/A/Libraries/libGFXShared.dylib
0x0000000021436000 	/System/Library/Frameworks/OpenGL.framework/Versions/A/Libraries/libGLU.dylib
0x0000000021436000 	/System/Library/Frameworks/OpenGL.framework/Versions/A/Libraries/libGL.dylib
0x0000000021436000 	/System/Library/Frameworks/OpenGL.framework/Versions/A/Libraries/libGLImage.dylib
0x0000000021436000 	/System/Library/Frameworks/OpenGL.framework/Versions/A/Libraries/libCVMSPluginSupport.dylib
0x0000000021436000 	/System/Library/Frameworks/OpenGL.framework/Versions/A/Libraries/libCoreVMClient.dylib
0x0000000021436000 	/usr/lib/libcups.2.dylib
0x0000000021436000 	/System/Library/Frameworks/Kerberos.framework/Versions/A/Kerberos
0x0000000021436000 	/System/Library/Frameworks/GSS.framework/Versions/A/GSS
0x0000000021436000 	/usr/lib/libresolv.9.dylib
0x0000000021436000 	/usr/lib/libiconv.2.dylib
0x0000000021436000 	/System/Library/PrivateFrameworks/Heimdal.framework/Versions/A/Heimdal
0x0000000021436000 	/usr/lib/libheimdal-asn1.dylib
0x0000000021436000 	/System/Library/Frameworks/OpenDirectory.framework/Versions/A/OpenDirectory
0x0000000021436000 	/System/Library/PrivateFrameworks/CommonAuth.framework/Versions/A/CommonAuth
0x0000000021436000 	/System/Library/Frameworks/OpenDirectory.framework/Versions/A/Frameworks/CFOpenDirectory.framework/Versions/A/CFOpenDirectory
0x0000000021436000 	/System/Library/Frameworks/SecurityFoundation.framework/Versions/A/SecurityFoundation
0x0000000021436000 	/System/Library/PrivateFrameworks/APFS.framework/Versions/A/APFS
0x0000000021436000 	/usr/lib/libutil.dylib
0x0000000021436000 	/usr/lib/libcharset.1.dylib
0x0000000021436000 	/System/Library/PrivateFrameworks/AppleSauce.framework/Versions/A/AppleSauce
0x0000000021436000 	/System/Library/PrivateFrameworks/AssertionServices.framework/Versions/A/AssertionServices
0x0000000021436000 	/System/Library/PrivateFrameworks/BaseBoard.framework/Versions/A/BaseBoard
0x0000000021436000 	/usr/lib/libmecab.1.0.0.dylib
0x0000000021436000 	/usr/lib/libgermantok.dylib
0x0000000021436000 	/usr/lib/libThaiTokenizer.dylib
0x0000000021436000 	/usr/lib/libChineseTokenizer.dylib
0x0000000021436000 	/System/Library/PrivateFrameworks/LanguageModeling.framework/Versions/A/LanguageModeling
0x0000000021436000 	/System/Library/PrivateFrameworks/CoreEmoji.framework/Versions/A/CoreEmoji
0x0000000021436000 	/System/Library/PrivateFrameworks/Lexicon.framework/Versions/A/Lexicon
0x0000000021436000 	/System/Library/PrivateFrameworks/LinguisticData.framework/Versions/A/LinguisticData
0x0000000021436000 	/usr/lib/libcmph.dylib
0x0000000021436000 	/System/Library/Frameworks/ServiceManagement.framework/Versions/A/ServiceManagement
0x0000000021436000 	/System/Library/PrivateFrameworks/BackgroundTaskManagement.framework/Versions/A/BackgroundTaskManagement
0x0000000021436000 	/usr/lib/libxslt.1.dylib
0x0000000021436000 	/System/Library/Frameworks/Carbon.framework/Versions/A/Frameworks/Ink.framework/Versions/A/Ink
0x0000000021436000 	/System/Library/PrivateFrameworks/TextureIO.framework/Versions/A/TextureIO
0x0000000021436000 	/usr/lib/libate.dylib
0x0000000021436000 	/System/Library/PrivateFrameworks/CrashReporterSupport.framework/Versions/A/CrashReporterSupport
0x0000000021436000 	/System/Library/PrivateFrameworks/Sharing.framework/Versions/A/Sharing
0x0000000021436000 	/System/Library/PrivateFrameworks/AuthKit.framework/Versions/A/AuthKit
0x0000000021436000 	/System/Library/PrivateFrameworks/Apple80211.framework/Versions/A/Apple80211
0x0000000021436000 	/System/Library/PrivateFrameworks/CoreUtils.framework/Versions/A/CoreUtils
0x0000000021436000 	/System/Library/Frameworks/CoreWLAN.framework/Versions/A/CoreWLAN
0x0000000021436000 	/System/Library/Frameworks/IOBluetooth.framework/Versions/A/IOBluetooth
0x0000000021436000 	/System/Library/PrivateFrameworks/ProtocolBuffer.framework/Versions/A/ProtocolBuffer
0x0000000021436000 	/System/Library/PrivateFrameworks/MobileKeyBag.framework/Versions/A/MobileKeyBag
0x0000000021436000 	/System/Library/PrivateFrameworks/CorePhoneNumbers.framework/Versions/A/CorePhoneNumbers
0x0000000021436000 	/System/Library/PrivateFrameworks/AppleIDAuthSupport.framework/Versions/A/AppleIDAuthSupport
0x0000000021436000 	/System/Library/PrivateFrameworks/KeychainCircle.framework/Versions/A/KeychainCircle
0x0000000021436000 	/System/Library/PrivateFrameworks/ROCKit.framework/Versions/A/ROCKit
0x0000000021436000 	/System/Library/PrivateFrameworks/CoreWiFi.framework/Versions/A/CoreWiFi
0x0000000021436000 	/System/Library/Frameworks/CoreBluetooth.framework/Versions/A/CoreBluetooth
0x0000000021436000 	/System/Library/PrivateFrameworks/DebugSymbols.framework/Versions/A/DebugSymbols
0x0000000021436000 	/System/Library/PrivateFrameworks/CoreSymbolication.framework/Versions/A/CoreSymbolication
0x0000000021436000 	/System/Library/PrivateFrameworks/Symbolication.framework/Versions/A/Symbolication
0x0000000021436000 	/System/Library/PrivateFrameworks/SpeechRecognitionCore.framework/Versions/A/SpeechRecognitionCore
0x000000010b400000 	/Library/Java/JavaVirtualMachines/jdk1.8.0_111.jdk/Contents/Home/jre/lib/server/libjvm.dylib
0x0000000021436000 	/usr/lib/libstdc++.6.dylib
0x000000010a281000 	/Library/Java/JavaVirtualMachines/jdk1.8.0_111.jdk/Contents/Home/jre/lib/libverify.dylib
0x000000010a28f000 	/Library/Java/JavaVirtualMachines/jdk1.8.0_111.jdk/Contents/Home/jre/lib/libjava.dylib
0x000000010a30e000 	/Library/Java/JavaVirtualMachines/jdk1.8.0_111.jdk/Contents/Home/jre/lib/libzip.dylib
0x0000000021436000 	/System/Library/Frameworks/JavaVM.framework/Versions/A/Frameworks/JavaRuntimeSupport.framework/Versions/A/JavaRuntimeSupport
0x0000000021436000 	/System/Library/Frameworks/JavaVM.framework/Versions/A/Frameworks/JavaNativeFoundation.framework/Versions/A/JavaNativeFoundation
0x0000000021436000 	/System/Library/Frameworks/JavaVM.framework/Versions/A/JavaVM
0x0000000021436000 	/System/Library/Frameworks/Carbon.framework/Versions/A/Carbon
0x0000000021436000 	/System/Library/PrivateFrameworks/JavaLaunching.framework/Versions/A/JavaLaunching
0x0000000021436000 	/System/Library/Frameworks/Carbon.framework/Versions/A/Frameworks/CommonPanels.framework/Versions/A/CommonPanels
0x0000000021436000 	/System/Library/Frameworks/Carbon.framework/Versions/A/Frameworks/Help.framework/Versions/A/Help
0x0000000021436000 	/System/Library/Frameworks/Carbon.framework/Versions/A/Frameworks/ImageCapture.framework/Versions/A/ImageCapture
0x0000000021436000 	/System/Library/Frameworks/Carbon.framework/Versions/A/Frameworks/OpenScripting.framework/Versions/A/OpenScripting
0x0000000021436000 	/System/Library/Frameworks/Carbon.framework/Versions/A/Frameworks/Print.framework/Versions/A/Print
0x0000000021436000 	/System/Library/Frameworks/Carbon.framework/Versions/A/Frameworks/SecurityHI.framework/Versions/A/SecurityHI
0x0000000128e56000 	/Library/Java/JavaVirtualMachines/jdk1.8.0_111.jdk/Contents/Home/jre/lib/libawt.dylib
0x0000000128efe000 	/Library/Java/JavaVirtualMachines/jdk1.8.0_111.jdk/Contents/Home/jre/lib/./libmlib_image.dylib
0x0000000128fca000 	/Library/Java/JavaVirtualMachines/jdk1.8.0_111.jdk/Contents/Home/jre/lib/libawt_lwawt.dylib
0x000000012907f000 	/Library/Java/JavaVirtualMachines/jdk1.8.0_111.jdk/Contents/Home/jre/lib/./libosxapp.dylib
0x0000000021436000 	/System/Library/Frameworks/ExceptionHandling.framework/Versions/A/ExceptionHandling
0x0000000021436000 	/System/Library/PrivateFrameworks/CoreServicesInternal.framework/Versions/A/CoreServicesInternal
0x0000000021436000 	/System/Library/CoreServices/RawCamera.bundle/Contents/MacOS/RawCamera
0x0000000021436000 	/System/Library/PrivateFrameworks/MobileAsset.framework/Versions/A/MobileAsset
0x0000000021436000 	/System/Library/PrivateFrameworks/StreamingZip.framework/Versions/A/StreamingZip
0x0000000021436000 	/System/Library/Frameworks/MediaToolbox.framework/Versions/A/MediaToolbox
0x0000000021436000 	/System/Library/PrivateFrameworks/CoreAVCHD.framework/Versions/A/CoreAVCHD
0x0000000021436000 	/System/Library/Frameworks/MediaAccessibility.framework/Versions/A/MediaAccessibility
0x0000000021436000 	/System/Library/PrivateFrameworks/Mangrove.framework/Versions/A/Mangrove
0x0000000021436000 	/System/Library/Frameworks/CoreMedia.framework/Versions/A/CoreMedia
0x0000000021436000 	/System/Library/Frameworks/VideoToolbox.framework/Versions/A/VideoToolbox
0x0000000021436000 	/System/Library/PrivateFrameworks/CoreAUC.framework/Versions/A/CoreAUC
0x0000000021436000 	/usr/lib/libspindump.dylib
0x0000000021436000 	/System/Library/PrivateFrameworks/AppleVA.framework/Versions/A/AppleVA
0x0000000021436000 	/System/Library/Frameworks/Accelerate.framework/Versions/A/Frameworks/vImage.framework/Versions/A/Libraries/libCGInterfaces.dylib
0x0000000021436000 	/System/Library/Frameworks/ApplicationServices.framework/Versions/A/Frameworks/ATS.framework/Versions/A/Resources/libTrueTypeScaler.dylib
0x0000000021436000 	/System/Library/Extensions/AppleIntelHD5000GraphicsMTLDriver.bundle/Contents/MacOS/AppleIntelHD5000GraphicsMTLDriver
0x0000000021436000 	/System/Library/PrivateFrameworks/GPUCompiler.framework/Versions/3902/Libraries/libmetal_timestamp.dylib
0x0000000021436000 	/System/Library/PrivateFrameworks/FamilyControls.framework/Versions/A/FamilyControls
0x0000000021436000 	/System/Library/PrivateFrameworks/CommerceKit.framework/Versions/A/Frameworks/CommerceCore.framework/Versions/A/CommerceCore
0x0000000021436000 	/System/Library/PrivateFrameworks/SystemAdministration.framework/Versions/A/SystemAdministration
0x0000000021436000 	/System/Library/PrivateFrameworks/AppContainer.framework/Versions/A/AppContainer
0x0000000021436000 	/System/Library/PrivateFrameworks/AppSandbox.framework/Versions/A/AppSandbox
0x0000000021436000 	/System/Library/PrivateFrameworks/SecCodeWrapper.framework/Versions/A/SecCodeWrapper
0x0000000021436000 	/usr/lib/libsandbox.1.dylib
0x0000000021436000 	/usr/lib/libMatch.1.dylib
0x0000000021436000 	/System/Library/PrivateFrameworks/DiskManagement.framework/Versions/A/DiskManagement
0x0000000021436000 	/System/Library/Frameworks/DirectoryService.framework/Versions/A/DirectoryService
0x0000000021436000 	/System/Library/PrivateFrameworks/DiskImages.framework/Versions/A/DiskImages
0x0000000021436000 	/System/Library/PrivateFrameworks/LoginUIKit.framework/Versions/A/Frameworks/LoginUICore.framework/Versions/A/LoginUICore
0x0000000021436000 	/usr/lib/libCoreStorage.dylib
0x0000000021436000 	/usr/lib/libcsfde.dylib
0x0000000021436000 	/usr/lib/libodfde.dylib
0x0000000021436000 	/System/Library/PrivateFrameworks/MediaKit.framework/Versions/A/MediaKit
0x0000000021436000 	/System/Library/Frameworks/DiscRecording.framework/Versions/A/DiscRecording
0x0000000021436000 	/System/Library/PrivateFrameworks/EFILogin.framework/Versions/A/EFILogin
0x0000000021436000 	/System/Library/PrivateFrameworks/ProtectedCloudStorage.framework/Versions/A/ProtectedCloudStorage
0x0000000021436000 	/usr/lib/libcurl.4.dylib
0x0000000021436000 	/usr/lib/libcrypto.42.dylib
0x0000000021436000 	/usr/lib/libssl.44.dylib
0x0000000021436000 	/System/Library/Frameworks/LDAP.framework/Versions/A/LDAP
0x0000000021436000 	/System/Library/PrivateFrameworks/TrustEvaluationAgent.framework/Versions/A/TrustEvaluationAgent
0x0000000021436000 	/usr/lib/libsasl2.2.dylib
0x0000000021436000 	/System/Library/PrivateFrameworks/CoreDaemon.framework/Versions/B/CoreDaemon
0x0000000021436000 	/System/Library/PrivateFrameworks/AppleSRP.framework/Versions/A/AppleSRP
0x0000000021436000 	/System/Library/PrivateFrameworks/ViewBridge.framework/Versions/A/ViewBridge
0x0000000021436000 	/System/Library/Frameworks/OpenGL.framework/Versions/A/Resources/GLEngine.bundle/GLEngine
0x0000000021436000 	/System/Library/Frameworks/OpenGL.framework/Versions/A/Libraries/libGLProgrammability.dylib
0x0000000021436000 	/System/Library/Extensions/AppleIntelHD5000GraphicsGLDriver.bundle/Contents/MacOS/AppleIntelHD5000GraphicsGLDriver
0x0000000021436000 	/System/Library/PrivateFrameworks/GPUSupport.framework/Versions/A/Libraries/libGPUSupportMercury.dylib
0x0000000021436000 	/System/Library/Frameworks/OpenGL.framework/Versions/A/Resources/GLRendererFloat.bundle/GLRendererFloat
0x0000000021436000 	/System/Library/Frameworks/OpenCL.framework/Versions/A/Libraries/libcldcpuengine.dylib
0x0000000021436000 	/usr/lib/libcrypto.35.dylib
0x000000012c4d3000 	/Library/Java/JavaVirtualMachines/jdk1.8.0_111.jdk/Contents/Home/jre/lib/libfontmanager.dylib
0x000000012c53a000 	/usr/lib/libobjc-trampolines.dylib
0x000000012dadf000 	/Library/Java/JavaVirtualMachines/jdk1.8.0_111.jdk/Contents/Home/jre/lib/libosxui.dylib
0x000000012e79e000 	/Library/Java/JavaVirtualMachines/jdk1.8.0_111.jdk/Contents/Home/jre/lib/libnet.dylib
0x000000012e5b2000 	/Library/Java/JavaVirtualMachines/jdk1.8.0_111.jdk/Contents/Home/jre/lib/libnio.dylib
0x000000012a8f0000 	/private/var/folders/_p/b5qcm4c96mngd1b05mm2b76c0000gp/T/jogamp_0000/file_cache/jln6610373217747957228/jln6185563325646668803/libgluegen-rt.jnilib
0x000000012a8f5000 	/private/var/folders/_p/b5qcm4c96mngd1b05mm2b76c0000gp/T/jogamp_0000/file_cache/jln6610373217747957228/jln6185563325646668803/libnativewindow_awt.jnilib
0x000000012a8f8000 	/Library/Java/JavaVirtualMachines/jdk1.8.0_111.jdk/Contents/Home/jre/lib/libjawt.dylib
0x000000012a8fb000 	/private/var/folders/_p/b5qcm4c96mngd1b05mm2b76c0000gp/T/jogamp_0000/file_cache/jln6610373217747957228/jln6185563325646668803/libnativewindow_macosx.jnilib
0x00000001693d4000 	/private/var/folders/_p/b5qcm4c96mngd1b05mm2b76c0000gp/T/jogamp_0000/file_cache/jln6610373217747957228/jln6185563325646668803/libjogl_desktop.jnilib
0x00000001695dc000 	/Library/Java/JavaVirtualMachines/jdk1.8.0_111.jdk/Contents/Home/jre/lib/libjpeg.dylib

VM Arguments:
jvm_args: -Djava.security.policy=java.policy.applet -Dfile.encoding=UTF-8 
java_command: sun.applet.AppletViewer module1.HelloWorld1559984033064.html
java_class_path (initial): /Users/bosen/Library/Mobile Documents/com~apple~CloudDocs/Coursera_OOP/UCSDUnfoldingMaps/build:/Users/bosen/Library/Mobile Documents/com~apple~CloudDocs/Coursera_OOP/UCSDUnfoldingMaps/lib/core.jar:/Users/bosen/Library/Mobile Documents/com~apple~CloudDocs/Coursera_OOP/UCSDUnfoldingMaps/lib/gluegen-rt.jar:/Users/bosen/Library/Mobile Documents/com~apple~CloudDocs/Coursera_OOP/UCSDUnfoldingMaps/lib/jogl-all.jar:/Users/bosen/Library/Mobile Documents/com~apple~CloudDocs/Coursera_OOP/UCSDUnfoldingMaps/lib/log4j-1.2.15.jar:/Users/bosen/Library/Mobile Documents/com~apple~CloudDocs/Coursera_OOP/UCSDUnfoldingMaps/lib/sqlite-jdbc-3.7.2.jar:/Users/bosen/Library/Mobile Documents/com~apple~CloudDocs/Coursera_OOP/UCSDUnfoldingMaps/lib/json4processing.jar:/Users/bosen/Library/Mobile Documents/com~apple~CloudDocs/Coursera_OOP/UCSDUnfoldingMaps/lib/libTUIO.jar:/Users/bosen/Library/Mobile Documents/com~apple~CloudDocs/Coursera_OOP/UCSDUnfoldingMaps/lib/unfolding.0.9.7-uscd.jar
Launcher Type: SUN_STANDARD

Environment Variables:
PATH=/usr/bin:/bin:/usr/sbin:/sbin
SHELL=/bin/bash

Signal Handlers:
SIGSEGV: [libjvm.dylib+0x5b03ed], sa_mask[0]=11111111011111110111111111111111, sa_flags=SA_ONSTACK|SA_RESTART|SA_SIGINFO
SIGBUS: [libjvm.dylib+0x5b03ed], sa_mask[0]=11111111011111110111111111111111, sa_flags=SA_RESTART|SA_SIGINFO
SIGFPE: [libjvm.dylib+0x48711c], sa_mask[0]=11111111011111110111111111111111, sa_flags=SA_RESTART|SA_SIGINFO
SIGPIPE: [libjvm.dylib+0x48711c], sa_mask[0]=11111111011111110111111111111111, sa_flags=SA_RESTART|SA_SIGINFO
SIGXFSZ: [libjvm.dylib+0x48711c], sa_mask[0]=11111111011111110111111111111111, sa_flags=SA_RESTART|SA_SIGINFO
SIGILL: [libjvm.dylib+0x48711c], sa_mask[0]=11111111011111110111111111111111, sa_flags=SA_RESTART|SA_SIGINFO
SIGUSR1: SIG_DFL, sa_mask[0]=00000000000000000000000000000000, sa_flags=none
SIGUSR2: [libjvm.dylib+0x486c3a], sa_mask[0]=00100000000000000000000000000000, sa_flags=SA_RESTART|SA_SIGINFO
SIGHUP: [libjvm.dylib+0x485211], sa_mask[0]=11111111011111110111111111111111, sa_flags=SA_RESTART|SA_SIGINFO
SIGINT: [libjvm.dylib+0x485211], sa_mask[0]=11111111011111110111111111111111, sa_flags=SA_RESTART|SA_SIGINFO
SIGTERM: [libjvm.dylib+0x485211], sa_mask[0]=11111111011111110111111111111111, sa_flags=SA_RESTART|SA_SIGINFO
SIGQUIT: [libjvm.dylib+0x485211], sa_mask[0]=11111111011111110111111111111111, sa_flags=SA_RESTART|SA_SIGINFO


---------------  S Y S T E M  ---------------

OS:Bsduname:Darwin 18.2.0 Darwin Kernel Version 18.2.0: Fri Oct  5 19:41:49 PDT 2018; root:xnu-4903.221.2~2/RELEASE_X86_64 x86_64
rlimit: STACK 8192k, CORE 0k, NPROC 1418, NOFILE 10240, AS infinity
load average:2.33 2.00 1.95

CPU:total 8 (4 cores per cpu, 2 threads per core) family 6 model 70 stepping 1, cmov, cx8, fxsr, mmx, sse, sse2, sse3, ssse3, sse4.1, sse4.2, popcnt, avx, avx2, aes, clmul, erms, lzcnt, ht, tsc, tscinvbit, bmi1, bmi2

Memory: 4k page, physical 16777216k(4110384k free)

/proc/meminfo:


vm_info: Java HotSpot(TM) 64-Bit Server VM (25.111-b14) for bsd-amd64 JRE (1.8.0_111-b14), built on Sep 22 2016 15:31:41 by "java_re" with gcc 4.2.1 (Based on Apple Inc. build 5658) (LLVM build 2336.11.00)

time: Sat Jun  8 16:55:30 2019
elapsed time: 97 seconds (0d 0h 1m 37s)

