#
# A fatal error has been detected by the Java Runtime Environment:
#
#  SIGSEGV (0xb) at pc=0x00007fff777e0f17, pid=12457, tid=0x0000000000000307
#
# JRE version: Java(TM) SE Runtime Environment (8.0_111-b14) (build 1.8.0_111-b14)
# Java VM: Java HotSpot(TM) 64-Bit Server VM (25.111-b14 mixed mode bsd-amd64 compressed oops)
# Problematic frame:
# C  [libobjc.A.dylib+0x8f17]  _class_initialize+0x25
#
# Failed to write core dump. Core dumps have been disabled. To enable core dumping, try "ulimit -c unlimited" before starting Java again
#
# If you would like to submit a bug report, please visit:
#   http://bugreport.java.com/bugreport/crash.jsp
# The crash happened outside the Java Virtual Machine in native code.
# See problematic frame for where to report the bug.
#

---------------  T H R E A D  ---------------

Current thread (0x00007fc5958d8000):  JavaThread "AWT-AppKit" daemon [_thread_in_native, id=775, stack(0x00007ffeea23b000,0x00007ffeeaa3b000)]

siginfo: si_signo: 11 (SIGSEGV), si_code: 1 (SEGV_MAPERR), si_addr: 0x00000000000007e8

Registers:
RAX=0x00007fffa4131ef8, RBX=0x00007ffffffffff8, RCX=0x0000000000000000, RDX=0x00007fc59b357f50
RSP=0x00007ffeeaa35f80, RBP=0x00007ffeeaa35fb0, RSI=0x00007fc59b357f50, RDI=0x00007fffa4131ef8
R8 =0x0000000000000000, R9 =0x0000000000000001, R10=0x00007fffa4131ef8, R11=0x00007fff4bac52cc
R12=0x00007fffa4131ef8, R13=0x00007fff49824a0b, R14=0x00000000000007c8, R15=0x00007fc59b357f50
RIP=0x00007fff777e0f17, EFLAGS=0x0000000000010202, ERR=0x0000000000000004
  TRAPNO=0x000000000000000e

Top of Stack: (sp=0x00007ffeeaa35f80)
0x00007ffeeaa35f80:   00007fffa4131ef8 00007fc595404280
0x00007ffeeaa35f90:   00007fffa4131ef8 00007fff49824a0b
0x00007ffeeaa35fa0:   0000000000000001 00007fc59b357f50
0x00007ffeeaa35fb0:   00007ffeeaa36010 00007fff777e0a19
0x00007ffeeaa35fc0:   00007ffeeaa360e0 fd00000070001004
0x00007ffeeaa35fd0:   00007ffeeaa3ffff 000000000000003f
0x00007ffeeaa35fe0:   00000001eaa35ff8 0000000125875450
0x00007ffeeaa35ff0:   0000000000000000 00000001681205a8
0x00007ffeeaa36000:   0000000125875440 00007fc5958d8000
0x00007ffeeaa36010:   00007ffeeaa360e0 00007fff777e0494
0x00007ffeeaa36020:   00007fc597500000 00000000597500f7
0x00007ffeeaa36030:   0000000000000001 0000000000000000
0x00007ffeeaa36040:   00007fff49824a0b 00007fc59b357f50
0x00007ffeeaa36050:   00007fc59b725570 00000001244a5000
0x00007ffeeaa36060:   0000000000000000 0000000000000000
0x00007ffeeaa36070:   00000000000000ff 0000000000000000
0x00007ffeeaa36080:   0000000000000000 0000000000000000
0x00007ffeeaa36090:   6f63616d5f747761 534f63614d5f7873
0x00007ffeeaa360a0:   534f63614d5f7873 6e69575457414a58
0x00007ffeeaa360b0:   00000000c41f8000 0000000000000000
0x00007ffeeaa360c0:   0000000044480000 0000000000000000
0x00007ffeeaa360d0:   80000000c41f8000 0000000000000000
0x00007ffeeaa360e0:   00007ffeeaa361a0 0000000125873157
0x00007ffeeaa360f0:   00007ffeeaa36140 0000000000000003
0x00007ffeeaa36100:   00007ffeeaa36120 00000001071e87be
0x00007ffeeaa36110:   00000001681205a8 00000001681205a8
0x00007ffeeaa36120:   00007fc59b725570 00000001258756a0
0x00007ffeeaa36130:   0000000125875710 00007fffa40efca8
0x00007ffeeaa36140:   00007fffa57e5e48 0000000125875450
0x00007ffeeaa36150:   0000000125875690 00007fc59b725570
0x00007ffeeaa36160:   00007fc59b357f50 00007fc597122510
0x00007ffeeaa36170:   00007fc59b725570 00007fc59b357f50 

Instructions: (pc=0x00007fff777e0f17)
0x00007fff777e0ef7:   57 41 56 41 55 41 54 53 50 49 89 fc 48 bb f8 ff
0x00007fff777e0f07:   ff ff ff 7f 00 00 4d 8b 74 24 08 4d 85 f6 74 2b
0x00007fff777e0f17:   49 8b 46 20 48 21 d8 48 8b 48 08 f6 01 01 75 0d
0x00007fff777e0f27:   49 8b 06 48 21 d8 48 8b 40 20 48 21 d8 f6 40 03 

Register to memory mapping:

RAX=0x00007fffa4131ef8: __block_literal_global.67+0x4ba0 in /System/Library/Frameworks/CoreFoundation.framework/Versions/A/CoreFoundation at 0x00007fff4b6a1000
RBX=0x00007ffffffffff8 is an unknown value
RCX=0x0000000000000000 is an unknown value
RDX=0x00007fc59b357f50 is an unknown value
RSP=0x00007ffeeaa35f80 is pointing into the stack for thread: 0x00007fc5958d8000
RBP=0x00007ffeeaa35fb0 is pointing into the stack for thread: 0x00007fc5958d8000
RSI=0x00007fc59b357f50 is an unknown value
RDI=0x00007fffa4131ef8: __block_literal_global.67+0x4ba0 in /System/Library/Frameworks/CoreFoundation.framework/Versions/A/CoreFoundation at 0x00007fff4b6a1000
R8 =0x0000000000000000 is an unknown value
R9 =0x0000000000000001 is an unknown value
R10=0x00007fffa4131ef8: __block_literal_global.67+0x4ba0 in /System/Library/Frameworks/CoreFoundation.framework/Versions/A/CoreFoundation at 0x00007fff4b6a1000
R11=0x00007fff4bac52cc: _XMLPlistAppendDataUsingBase64.__CFPLDataEncodeTable+0x9c9cc in /System/Library/Frameworks/CoreFoundation.framework/Versions/A/CoreFoundation at 0x00007fff4b6a1000
R12=0x00007fffa4131ef8: __block_literal_global.67+0x4ba0 in /System/Library/Frameworks/CoreFoundation.framework/Versions/A/CoreFoundation at 0x00007fff4b6a1000
R13=0x00007fff49824a0b: GCC_except_table7+0x9eaf in /System/Library/Frameworks/AppKit.framework/Versions/C/AppKit at 0x00007fff48c16000
R14=0x00000000000007c8 is an unknown value
R15=0x00007fc59b357f50 is an unknown value


Stack: [0x00007ffeea23b000,0x00007ffeeaa3b000],  sp=0x00007ffeeaa35f80,  free space=8171k
Native frames: (J=compiled Java code, j=interpreted, Vv=VM code, C=native code)
C  [libobjc.A.dylib+0x8f17]  _class_initialize+0x25
C  [libobjc.A.dylib+0x8a19]  lookUpImpOrForward+0xee
C  [libobjc.A.dylib+0x8494]  _objc_msgSend_uncached+0x44
C  [libnativewindow_macosx.jnilib+0x5157]  Java_jogamp_nativewindow_jawt_macosx_MacOSXJAWTWindow_UnsetJAWTRootSurfaceLayer0+0xe7
j  jogamp.nativewindow.jawt.macosx.MacOSXJAWTWindow.UnsetJAWTRootSurfaceLayer0(JJ)V+0
j  jogamp.nativewindow.jawt.macosx.MacOSXJAWTWindow.access$200(JJ)V+2
j  jogamp.nativewindow.jawt.macosx.MacOSXJAWTWindow$1.run()V+38
J 1867 C1 com.jogamp.common.util.RunnableTask.run()V (345 bytes) @ 0x0000000108580634 [0x00000001085804a0+0x194]
v  ~StubRoutines::call_stub
V  [libjvm.dylib+0x2ecf8a]
V  [libjvm.dylib+0x324119]
V  [libjvm.dylib+0x3168e7]
C  [libnativewindow_macosx.jnilib+0x5326]  Java_jogamp_nativewindow_jawt_macosx_MacOSXJAWTWindow_UnsetJAWTRootSurfaceLayer0+0x2b6
C  [Foundation+0xb1abb]  __NSThreadPerformPerform+0x147
C  [CoreFoundation+0x58155]  __CFRUNLOOP_IS_CALLING_OUT_TO_A_SOURCE0_PERFORM_FUNCTION__+0x11
C  [CoreFoundation+0x580fb]  __CFRunLoopDoSource0+0x6c
C  [CoreFoundation+0x3bbed]  __CFRunLoopDoSources0+0x11b
C  [CoreFoundation+0x3b13e]  __CFRunLoopRun+0x4c3
C  [CoreFoundation+0x3aa28]  CFRunLoopRunSpecific+0x1cf
C  [HIToolbox+0xab35]  RunCurrentEventLoopInMode+0x125
C  [HIToolbox+0xa774]  ReceiveNextEventCommon+0x173
C  [HIToolbox+0xa5e8]  _BlockUntilNextEventMatchingListInModeWithFilter+0x40
C  [AppKit+0x1aeb7]  _DPSNextEvent+0x3e5
C  [AppKit+0x19c56]  -[NSApplication(NSEvent) _nextEventMatchingEventMask:untilDate:inMode:dequeue:]+0x552
C  [libosxapp.dylib+0x23aa]  -[NSApplicationAWT nextEventMatchingMask:untilDate:inMode:dequeue:]+0x7c
C  [AppKit+0x13cb9]  -[NSApplication run]+0x2bb
C  [libosxapp.dylib+0x214d]  +[NSApplicationAWT runAWTLoopWithApp:]+0x9c
C  [libawt_lwawt.dylib+0x444b3]  -[AWTStarter starter:]+0x389
C  [Foundation+0xb1abb]  __NSThreadPerformPerform+0x147
C  [CoreFoundation+0x58155]  __CFRUNLOOP_IS_CALLING_OUT_TO_A_SOURCE0_PERFORM_FUNCTION__+0x11
C  [CoreFoundation+0x580fb]  __CFRunLoopDoSource0+0x6c
C  [CoreFoundation+0x3bb95]  __CFRunLoopDoSources0+0xc3
C  [CoreFoundation+0x3b13e]  __CFRunLoopRun+0x4c3
C  [CoreFoundation+0x3aa28]  CFRunLoopRunSpecific+0x1cf
C  [java+0x6465]  CreateExecutionEnvironment+0x367
C  [java+0x218c]  JLI_Launch+0x7a0
C  [java+0x84c2]  main+0x65
C  [java+0x19e4]  start+0x34
C  0x0000000000000007

Java frames: (J=compiled Java code, j=interpreted, Vv=VM code)
j  jogamp.nativewindow.jawt.macosx.MacOSXJAWTWindow.UnsetJAWTRootSurfaceLayer0(JJ)V+0
j  jogamp.nativewindow.jawt.macosx.MacOSXJAWTWindow.access$200(JJ)V+2
j  jogamp.nativewindow.jawt.macosx.MacOSXJAWTWindow$1.run()V+38
J 1867 C1 com.jogamp.common.util.RunnableTask.run()V (345 bytes) @ 0x0000000108580634 [0x00000001085804a0+0x194]
v  ~StubRoutines::call_stub

---------------  P R O C E S S  ---------------

Java Threads: ( => current thread )
  0x00007fc5984dd000 JavaThread "Thread-28" [_thread_blocked, id=48819, stack(0x0000700005e96000,0x0000700005f96000)]
  0x00007fc595803800 JavaThread "AWT-EventQueue-1" [_thread_in_native, id=68923, stack(0x0000700005d10000,0x0000700005e10000)]
  0x00007fc597992000 JavaThread "DestroyJavaVM" [_thread_blocked, id=9731, stack(0x0000700003fad000,0x00007000040ad000)]
  0x00007fc597932800 JavaThread "AWT-EventQueue-0" [_thread_blocked, id=73223, stack(0x0000700005b0a000,0x0000700005c0a000)]
  0x00007fc597927800 JavaThread "Java2D Disposer" daemon [_thread_blocked, id=75535, stack(0x0000700005881000,0x0000700005981000)]
  0x00007fc5978da000 JavaThread "Java2D Queue Flusher" daemon [_thread_blocked, id=79119, stack(0x000070000577e000,0x000070000587e000)]
  0x00007fc5980cb000 JavaThread "AWT-Shutdown" [_thread_blocked, id=37927, stack(0x00007000052e6000,0x00007000053e6000)]
=>0x00007fc5958d8000 JavaThread "AWT-AppKit" daemon [_thread_in_native, id=775, stack(0x00007ffeea23b000,0x00007ffeeaa3b000)]
  0x00007fc596030800 JavaThread "Service Thread" daemon [_thread_blocked, id=16899, stack(0x00007000050e0000,0x00007000051e0000)]
  0x00007fc599001000 JavaThread "C1 CompilerThread3" daemon [_thread_blocked, id=17155, stack(0x0000700004fdd000,0x00007000050dd000)]
  0x00007fc597857000 JavaThread "C2 CompilerThread2" daemon [_thread_blocked, id=17411, stack(0x0000700004eda000,0x0000700004fda000)]
  0x00007fc597856800 JavaThread "C2 CompilerThread1" daemon [_thread_blocked, id=17667, stack(0x0000700004dd7000,0x0000700004ed7000)]
  0x00007fc597832000 JavaThread "C2 CompilerThread0" daemon [_thread_blocked, id=18179, stack(0x0000700004cd4000,0x0000700004dd4000)]
  0x00007fc598003000 JavaThread "Signal Dispatcher" daemon [_thread_blocked, id=18691, stack(0x0000700004bd1000,0x0000700004cd1000)]
  0x00007fc595807000 JavaThread "Finalizer" daemon [_thread_blocked, id=19715, stack(0x0000700004ace000,0x0000700004bce000)]
  0x00007fc595806000 JavaThread "Reference Handler" daemon [_thread_blocked, id=13059, stack(0x00007000049cb000,0x0000700004acb000)]

Other Threads:
  0x00007fc596013800 VMThread [stack: 0x00007000048c8000,0x00007000049c8000] [id=12803]
  0x00007fc59800c800 WatcherThread [stack: 0x00007000051e3000,0x00007000052e3000] [id=16387]

VM state:not at safepoint (normal execution)

VM Mutex/Monitor currently owned by a thread: None

Heap:
 PSYoungGen      total 76288K, used 55504K [0x000000076ab00000, 0x0000000770000000, 0x00000007c0000000)
  eden space 65536K, 68% used [0x000000076ab00000,0x000000076d6bb470,0x000000076eb00000)
  from space 10752K, 99% used [0x000000076eb00000,0x000000076f578de0,0x000000076f580000)
  to   space 10752K, 0% used [0x000000076f580000,0x000000076f580000,0x0000000770000000)
 ParOldGen       total 175104K, used 7349K [0x00000006c0000000, 0x00000006cab00000, 0x000000076ab00000)
  object space 175104K, 4% used [0x00000006c0000000,0x00000006c072d480,0x00000006cab00000)
 Metaspace       used 19610K, capacity 19809K, committed 19968K, reserved 1067008K
  class space    used 1934K, capacity 1989K, committed 2048K, reserved 1048576K

Card table byte_map: [0x000000010664c000,0x0000000106e4d000] byte_map_base: 0x000000010304c000

Marking Bits: (ParMarkBitMap*) 0x00000001078e5d20
 Begin Bits: [0x00000001174ed000, 0x000000011b4ed000)
 End Bits:   [0x000000011b4ed000, 0x000000011f4ed000)

Polling page: 0x00000001051f4000

CodeCache: size=245760Kb used=7786Kb max_used=7796Kb free=237973Kb
 bounds [0x0000000107f97000, 0x0000000108747000, 0x0000000116f97000]
 total_blobs=3042 nmethods=2164 adapters=791
 compilation: enabled

Compilation events (10 events):
Event: 33.027 Thread 0x00007fc599001000 nmethod 2316 0x0000000108732a90 code [0x0000000108732be0, 0x0000000108732cf0]
Event: 33.027 Thread 0x00007fc599001000 2317       3       sun.java2d.pipe.RenderBuffer::putFloat (26 bytes)
Event: 33.027 Thread 0x00007fc599001000 nmethod 2317 0x00000001087326d0 code [0x0000000108732840, 0x00000001087329d0]
Event: 33.027 Thread 0x00007fc597857000 2319  s    4       sun.misc.URLClassPath::getNextLoader (88 bytes)
Event: 33.027 Thread 0x00007fc599001000 2320  s!   2       sun.misc.URLClassPath::getLoader (197 bytes)
Event: 33.028 Thread 0x00007fc597832000 nmethod 2315 0x0000000108735310 code [0x0000000108735460, 0x0000000108735598]
Event: 33.030 Thread 0x00007fc599001000 nmethod 2320 0x0000000108738450 code [0x0000000108738740, 0x0000000108739e68]
Event: 33.034 Thread 0x00007fc597857000 nmethod 2319 0x0000000108734510 code [0x0000000108734680, 0x0000000108734df8]
Event: 33.044 Thread 0x00007fc599001000 2321       3       sun.misc.JarIndex::get (49 bytes)
Event: 33.044 Thread 0x00007fc599001000 nmethod 2321 0x000000010873c450 code [0x000000010873c620, 0x000000010873ce98]

GC Heap History (6 events):
Event: 3.640 GC heap before
{Heap before GC invocations=1 (full 0):
 PSYoungGen      total 76288K, used 65536K [0x000000076ab00000, 0x0000000770000000, 0x00000007c0000000)
  eden space 65536K, 100% used [0x000000076ab00000,0x000000076eb00000,0x000000076eb00000)
  from space 10752K, 0% used [0x000000076f580000,0x000000076f580000,0x0000000770000000)
  to   space 10752K, 0% used [0x000000076eb00000,0x000000076eb00000,0x000000076f580000)
 ParOldGen       total 175104K, used 0K [0x00000006c0000000, 0x00000006cab00000, 0x000000076ab00000)
  object space 175104K, 0% used [0x00000006c0000000,0x00000006c0000000,0x00000006cab00000)
 Metaspace       used 18528K, capacity 18689K, committed 18944K, reserved 1067008K
  class space    used 1892K, capacity 1957K, committed 2048K, reserved 1048576K
Event: 3.651 GC heap after
Heap after GC invocations=1 (full 0):
 PSYoungGen      total 76288K, used 10729K [0x000000076ab00000, 0x0000000770000000, 0x00000007c0000000)
  eden space 65536K, 0% used [0x000000076ab00000,0x000000076ab00000,0x000000076eb00000)
  from space 10752K, 99% used [0x000000076eb00000,0x000000076f57a6a8,0x000000076f580000)
  to   space 10752K, 0% used [0x000000076f580000,0x000000076f580000,0x0000000770000000)
 ParOldGen       total 175104K, used 2307K [0x00000006c0000000, 0x00000006cab00000, 0x000000076ab00000)
  object space 175104K, 1% used [0x00000006c0000000,0x00000006c0240d78,0x00000006cab00000)
 Metaspace       used 18528K, capacity 18689K, committed 18944K, reserved 1067008K
  class space    used 1892K, capacity 1957K, committed 2048K, reserved 1048576K
}
Event: 5.458 GC heap before
{Heap before GC invocations=2 (full 0):
 PSYoungGen      total 76288K, used 76265K [0x000000076ab00000, 0x0000000770000000, 0x00000007c0000000)
  eden space 65536K, 100% used [0x000000076ab00000,0x000000076eb00000,0x000000076eb00000)
  from space 10752K, 99% used [0x000000076eb00000,0x000000076f57a6a8,0x000000076f580000)
  to   space 10752K, 0% used [0x000000076f580000,0x000000076f580000,0x0000000770000000)
 ParOldGen       total 175104K, used 2307K [0x00000006c0000000, 0x00000006cab00000, 0x000000076ab00000)
  object space 175104K, 1% used [0x00000006c0000000,0x00000006c0240d78,0x00000006cab00000)
 Metaspace       used 19023K, capacity 19233K, committed 19456K, reserved 1067008K
  class space    used 1910K, capacity 1989K, committed 2048K, reserved 1048576K
Event: 5.470 GC heap after
Heap after GC invocations=2 (full 0):
 PSYoungGen      total 76288K, used 10739K [0x000000076ab00000, 0x0000000770000000, 0x00000007c0000000)
  eden space 65536K, 0% used [0x000000076ab00000,0x000000076ab00000,0x000000076eb00000)
  from space 10752K, 99% used [0x000000076f580000,0x000000076fffcdd0,0x0000000770000000)
  to   space 10752K, 0% used [0x000000076eb00000,0x000000076eb00000,0x000000076f580000)
 ParOldGen       total 175104K, used 7325K [0x00000006c0000000, 0x00000006cab00000, 0x000000076ab00000)
  object space 175104K, 4% used [0x00000006c0000000,0x00000006c0727480,0x00000006cab00000)
 Metaspace       used 19023K, capacity 19233K, committed 19456K, reserved 1067008K
  class space    used 1910K, capacity 1989K, committed 2048K, reserved 1048576K
}
Event: 21.761 GC heap before
{Heap before GC invocations=3 (full 0):
 PSYoungGen      total 76288K, used 76275K [0x000000076ab00000, 0x0000000770000000, 0x00000007c0000000)
  eden space 65536K, 100% used [0x000000076ab00000,0x000000076eb00000,0x000000076eb00000)
  from space 10752K, 99% used [0x000000076f580000,0x000000076fffcdd0,0x0000000770000000)
  to   space 10752K, 0% used [0x000000076eb00000,0x000000076eb00000,0x000000076f580000)
 ParOldGen       total 175104K, used 7325K [0x00000006c0000000, 0x00000006cab00000, 0x000000076ab00000)
  object space 175104K, 4% used [0x00000006c0000000,0x00000006c0727480,0x00000006cab00000)
 Metaspace       used 19464K, capacity 19681K, committed 19968K, reserved 1067008K
  class space    used 1910K, capacity 1989K, committed 2048K, reserved 1048576K
Event: 21.769 GC heap after
Heap after GC invocations=3 (full 0):
 PSYoungGen      total 76288K, used 10723K [0x000000076ab00000, 0x0000000770000000, 0x00000007c0000000)
  eden space 65536K, 0% used [0x000000076ab00000,0x000000076ab00000,0x000000076eb00000)
  from space 10752K, 99% used [0x000000076eb00000,0x000000076f578de0,0x000000076f580000)
  to   space 10752K, 0% used [0x000000076f580000,0x000000076f580000,0x0000000770000000)
 ParOldGen       total 175104K, used 7349K [0x00000006c0000000, 0x00000006cab00000, 0x000000076ab00000)
  object space 175104K, 4% used [0x00000006c0000000,0x00000006c072d480,0x00000006cab00000)
 Metaspace       used 19464K, capacity 19681K, committed 19968K, reserved 1067008K
  class space    used 1910K, capacity 1989K, committed 2048K, reserved 1048576K
}

Deoptimization events (10 events):
Event: 1.995 Thread 0x00007fc5981be800 Uncommon trap: reason=unstable_if action=reinterpret pc=0x0000000108158d80 method=java.lang.String.toLowerCase(Ljava/util/Locale;)Ljava/lang/String; @ 85
Event: 2.202 Thread 0x00007fc59623f000 Uncommon trap: reason=unstable_if action=reinterpret pc=0x00000001081ed258 method=java.lang.String.indexOf([CII[CIII)I @ 3
Event: 2.202 Thread 0x00007fc59623f000 Uncommon trap: reason=unstable_if action=reinterpret pc=0x00000001081d4c18 method=java.lang.String.indexOf([CII[CIII)I @ 3
Event: 2.202 Thread 0x00007fc59623f000 Uncommon trap: reason=unstable_if action=reinterpret pc=0x00000001081498e0 method=java.lang.String.indexOf([CII[CIII)I @ 3
Event: 3.239 Thread 0x00007fc595803800 Uncommon trap: reason=unstable_if action=reinterpret pc=0x0000000108135998 method=java.lang.AbstractStringBuilder.append(Ljava/lang/String;)Ljava/lang/AbstractStringBuilder; @ 1
Event: 3.809 Thread 0x00007fc595803800 Uncommon trap: reason=unstable_if action=reinterpret pc=0x00000001083f98ac method=java.lang.StrictMath.floorOrCeil(DDDD)D @ 115
Event: 27.573 Thread 0x00007fc5958d8000 Uncommon trap: reason=unstable_if action=reinterpret pc=0x00000001085e0b44 method=java.util.HashMap.putVal(ILjava/lang/Object;Ljava/lang/Object;ZZ)Ljava/lang/Object; @ 81
Event: 32.993 Thread 0x00007fc595803800 Uncommon trap: reason=unstable_if action=reinterpret pc=0x0000000108512f68 method=com.jogamp.common.util.VersionNumber.compareTo(Lcom/jogamp/common/util/VersionNumber;)I @ 21
Event: 32.994 Thread 0x00007fc595803800 Uncommon trap: reason=unstable_if action=reinterpret pc=0x000000010870dbe8 method=java.awt.EventQueue.getPriority(Ljava/awt/AWTEvent;)I @ 22
Event: 32.995 Thread 0x00007fc595803800 Uncommon trap: reason=unstable_if action=reinterpret pc=0x00000001087284c8 method=java.awt.EventQueue.uncacheEQItem(Lsun/awt/EventQueueItem;)V @ 23

Internal exceptions (10 events):
Event: 0.147 Thread 0x00007fc595803800 Exception <a 'java/lang/NoSuchFieldError': method resolution failed> (0x000000076ada9408) thrown at [/Users/java_re/workspace/8-2-build-macosx-x86_64/jdk8u111/7883/hotspot/src/share/vm/prims/methodHandles.cpp, line 1146]
Event: 0.149 Thread 0x00007fc595803800 Exception <a 'java/lang/NoSuchFieldError': method resolution failed> (0x000000076adb6bd8) thrown at [/Users/java_re/workspace/8-2-build-macosx-x86_64/jdk8u111/7883/hotspot/src/share/vm/prims/methodHandles.cpp, line 1146]
Event: 0.329 Thread 0x00007fc595803800 Exception <a 'java/io/FileNotFoundException'> (0x000000076ae32278) thrown at [/Users/java_re/workspace/8-2-build-macosx-x86_64/jdk8u111/7883/hotspot/src/share/vm/prims/jni.cpp, line 709]
Event: 0.329 Thread 0x00007fc595803800 Exception <a 'java/io/FileNotFoundException'> (0x000000076ae32de0) thrown at [/Users/java_re/workspace/8-2-build-macosx-x86_64/jdk8u111/7883/hotspot/src/share/vm/prims/jni.cpp, line 709]
Event: 0.443 Thread 0x00007fc595803800 Exception <a 'java/io/FileNotFoundException'> (0x000000076aed0aa0) thrown at [/Users/java_re/workspace/8-2-build-macosx-x86_64/jdk8u111/7883/hotspot/src/share/vm/prims/jni.cpp, line 709]
Event: 2.224 Thread 0x00007fc59623f000 Exception <a 'java/lang/UnsatisfiedLinkError': com.jogamp.common.util.JarUtil.fixNativeLibAttribs(Ljava/lang/String;)Z> (0x000000076c515de8) thrown at [/Users/java_re/workspace/8-2-build-macosx-x86_64/jdk8u111/7883/hotspot/src/share/vm/prims/nativeLookup.
Event: 3.238 Thread 0x00007fc595803800 Exception <a 'java/io/FileNotFoundException'> (0x000000076d8cdd48) thrown at [/Users/java_re/workspace/8-2-build-macosx-x86_64/jdk8u111/7883/hotspot/src/share/vm/prims/jni.cpp, line 709]
Event: 3.239 Thread 0x00007fc595803800 Exception <a 'java/io/FileNotFoundException'> (0x000000076d8d6f08) thrown at [/Users/java_re/workspace/8-2-build-macosx-x86_64/jdk8u111/7883/hotspot/src/share/vm/prims/jni.cpp, line 709]
Event: 3.239 Thread 0x00007fc595803800 Implicit null exception at 0x00000001081355b6 to 0x0000000108135981
Event: 3.653 Thread 0x00007fc595807000 Exception <a 'java/lang/NullPointerException'> (0x000000076ad11fe8) thrown at [/Users/java_re/workspace/8-2-build-macosx-x86_64/jdk8u111/7883/hotspot/src/share/vm/interpreter/linkResolver.cpp, line 1178]

Events (10 events):
Event: 33.046 loading class java/awt/LightweightDispatcher$2 done
Event: 33.046 loading class java/awt/event/AWTEventListenerProxy
Event: 33.046 loading class java/awt/event/AWTEventListenerProxy done
Event: 33.046 Executing VM operation: Deoptimize
Event: 33.046 Executing VM operation: Deoptimize done
Event: 33.046 loading class java/awt/Toolkit$ToolkitEventMulticaster
Event: 33.046 loading class java/awt/Toolkit$ToolkitEventMulticaster done
Event: 33.047 Thread 0x00007fc5960c7800 Thread exited: 0x00007fc5960c7800
Event: 33.047 loading class java/awt/Window$1DisposeAction
Event: 33.047 loading class java/awt/Window$1DisposeAction done


Dynamic libraries:
0x0000000021436000 	/System/Library/Frameworks/Cocoa.framework/Versions/A/Cocoa
0x0000000021436000 	/System/Library/Frameworks/Security.framework/Versions/A/Security
0x0000000021436000 	/System/Library/Frameworks/ApplicationServices.framework/Versions/A/ApplicationServices
0x0000000021436000 	/usr/lib/libz.1.dylib
0x0000000021436000 	/usr/lib/libSystem.B.dylib
0x0000000021436000 	/usr/lib/libobjc.A.dylib
0x0000000021436000 	/System/Library/Frameworks/CoreFoundation.framework/Versions/A/CoreFoundation
0x0000000021436000 	/System/Library/Frameworks/Foundation.framework/Versions/C/Foundation
0x0000000021436000 	/System/Library/Frameworks/AppKit.framework/Versions/C/AppKit
0x0000000021436000 	/System/Library/Frameworks/CoreData.framework/Versions/A/CoreData
0x0000000021436000 	/System/Library/PrivateFrameworks/RemoteViewServices.framework/Versions/A/RemoteViewServices
0x0000000021436000 	/System/Library/PrivateFrameworks/UIFoundation.framework/Versions/A/UIFoundation
0x0000000021436000 	/System/Library/PrivateFrameworks/XCTTargetBootstrap.framework/Versions/A/XCTTargetBootstrap
0x0000000021436000 	/System/Library/PrivateFrameworks/IconServices.framework/Versions/A/IconServices
0x0000000021436000 	/System/Library/Frameworks/Metal.framework/Versions/A/Metal
0x0000000021436000 	/System/Library/PrivateFrameworks/DesktopServicesPriv.framework/Versions/A/DesktopServicesPriv
0x0000000021436000 	/usr/lib/libenergytrace.dylib
0x0000000021436000 	/System/Library/PrivateFrameworks/SkyLight.framework/Versions/A/SkyLight
0x0000000021436000 	/System/Library/Frameworks/CoreGraphics.framework/Versions/A/CoreGraphics
0x0000000021436000 	/System/Library/Frameworks/Accelerate.framework/Versions/A/Accelerate
0x0000000021436000 	/System/Library/Frameworks/IOSurface.framework/Versions/A/IOSurface
0x0000000021436000 	/System/Library/PrivateFrameworks/DFRFoundation.framework/Versions/A/DFRFoundation
0x0000000021436000 	/System/Library/Frameworks/AudioToolbox.framework/Versions/A/AudioToolbox
0x0000000021436000 	/System/Library/Frameworks/AudioUnit.framework/Versions/A/AudioUnit
0x0000000021436000 	/System/Library/PrivateFrameworks/DataDetectorsCore.framework/Versions/A/DataDetectorsCore
0x0000000021436000 	/System/Library/Frameworks/Carbon.framework/Versions/A/Frameworks/HIToolbox.framework/Versions/A/HIToolbox
0x0000000021436000 	/usr/lib/libicucore.A.dylib
0x0000000021436000 	/System/Library/Frameworks/QuartzCore.framework/Versions/A/QuartzCore
0x0000000021436000 	/System/Library/Frameworks/Carbon.framework/Versions/A/Frameworks/SpeechRecognition.framework/Versions/A/SpeechRecognition
0x0000000021436000 	/usr/lib/libauto.dylib
0x0000000021436000 	/usr/lib/libxml2.2.dylib
0x0000000021436000 	/System/Library/PrivateFrameworks/CoreUI.framework/Versions/A/CoreUI
0x0000000021436000 	/System/Library/Frameworks/CoreAudio.framework/Versions/A/CoreAudio
0x0000000021436000 	/System/Library/Frameworks/DiskArbitration.framework/Versions/A/DiskArbitration
0x0000000021436000 	/usr/lib/liblangid.dylib
0x0000000021436000 	/System/Library/PrivateFrameworks/MultitouchSupport.framework/Versions/A/MultitouchSupport
0x0000000021436000 	/System/Library/Frameworks/IOKit.framework/Versions/A/IOKit
0x0000000021436000 	/usr/lib/libDiagnosticMessagesClient.dylib
0x0000000021436000 	/System/Library/Frameworks/CoreServices.framework/Versions/A/CoreServices
0x0000000021436000 	/System/Library/PrivateFrameworks/PerformanceAnalysis.framework/Versions/A/PerformanceAnalysis
0x0000000021436000 	/System/Library/Frameworks/OpenGL.framework/Versions/A/OpenGL
0x0000000021436000 	/System/Library/Frameworks/ColorSync.framework/Versions/A/ColorSync
0x0000000021436000 	/System/Library/Frameworks/CoreImage.framework/Versions/A/CoreImage
0x0000000021436000 	/System/Library/Frameworks/CoreText.framework/Versions/A/CoreText
0x0000000021436000 	/System/Library/Frameworks/ImageIO.framework/Versions/A/ImageIO
0x0000000021436000 	/System/Library/PrivateFrameworks/Backup.framework/Versions/A/Backup
0x0000000021436000 	/usr/lib/libarchive.2.dylib
0x0000000021436000 	/System/Library/Frameworks/CFNetwork.framework/Versions/A/CFNetwork
0x0000000021436000 	/System/Library/Frameworks/SystemConfiguration.framework/Versions/A/SystemConfiguration
0x0000000021436000 	/usr/lib/libCRFSuite.dylib
0x0000000021436000 	/usr/lib/libc++.1.dylib
0x0000000021436000 	/usr/lib/libc++abi.dylib
0x0000000021436000 	/usr/lib/system/libcache.dylib
0x0000000021436000 	/usr/lib/system/libcommonCrypto.dylib
0x0000000021436000 	/usr/lib/system/libcompiler_rt.dylib
0x0000000021436000 	/usr/lib/system/libcopyfile.dylib
0x0000000021436000 	/usr/lib/system/libcorecrypto.dylib
0x0000000021436000 	/usr/lib/system/libdispatch.dylib
0x0000000021436000 	/usr/lib/system/libdyld.dylib
0x0000000021436000 	/usr/lib/system/libkeymgr.dylib
0x0000000021436000 	/usr/lib/system/liblaunch.dylib
0x0000000021436000 	/usr/lib/system/libmacho.dylib
0x0000000021436000 	/usr/lib/system/libquarantine.dylib
0x0000000021436000 	/usr/lib/system/libremovefile.dylib
0x0000000021436000 	/usr/lib/system/libsystem_asl.dylib
0x0000000021436000 	/usr/lib/system/libsystem_blocks.dylib
0x0000000021436000 	/usr/lib/system/libsystem_c.dylib
0x0000000021436000 	/usr/lib/system/libsystem_configuration.dylib
0x0000000021436000 	/usr/lib/system/libsystem_coreservices.dylib
0x0000000021436000 	/usr/lib/system/libsystem_darwin.dylib
0x0000000021436000 	/usr/lib/system/libsystem_dnssd.dylib
0x0000000021436000 	/usr/lib/system/libsystem_info.dylib
0x0000000021436000 	/usr/lib/system/libsystem_m.dylib
0x0000000021436000 	/usr/lib/system/libsystem_malloc.dylib
0x0000000021436000 	/usr/lib/system/libsystem_networkextension.dylib
0x0000000021436000 	/usr/lib/system/libsystem_notify.dylib
0x0000000021436000 	/usr/lib/system/libsystem_sandbox.dylib
0x0000000021436000 	/usr/lib/system/libsystem_secinit.dylib
0x0000000021436000 	/usr/lib/system/libsystem_kernel.dylib
0x0000000021436000 	/usr/lib/system/libsystem_platform.dylib
0x0000000021436000 	/usr/lib/system/libsystem_pthread.dylib
0x0000000021436000 	/usr/lib/system/libsystem_symptoms.dylib
0x0000000021436000 	/usr/lib/system/libsystem_trace.dylib
0x0000000021436000 	/usr/lib/system/libunwind.dylib
0x0000000021436000 	/usr/lib/system/libxpc.dylib
0x0000000021436000 	/usr/lib/libbsm.0.dylib
0x0000000021436000 	/usr/lib/system/libkxld.dylib
0x0000000021436000 	/System/Library/PrivateFrameworks/AppleFSCompression.framework/Versions/A/AppleFSCompression
0x0000000021436000 	/usr/lib/libOpenScriptingUtil.dylib
0x0000000021436000 	/usr/lib/libcoretls.dylib
0x0000000021436000 	/usr/lib/libcoretls_cfhelpers.dylib
0x0000000021436000 	/usr/lib/libpam.2.dylib
0x0000000021436000 	/usr/lib/libsqlite3.dylib
0x0000000021436000 	/usr/lib/libxar.1.dylib
0x0000000021436000 	/usr/lib/libbz2.1.0.dylib
0x0000000021436000 	/usr/lib/liblzma.5.dylib
0x0000000021436000 	/usr/lib/libnetwork.dylib
0x0000000021436000 	/usr/lib/libapple_nghttp2.dylib
0x0000000021436000 	/usr/lib/libpcap.A.dylib
0x0000000021436000 	/System/Library/Frameworks/CoreServices.framework/Versions/A/Frameworks/FSEvents.framework/Versions/A/FSEvents
0x0000000021436000 	/System/Library/Frameworks/CoreServices.framework/Versions/A/Frameworks/CarbonCore.framework/Versions/A/CarbonCore
0x0000000021436000 	/System/Library/Frameworks/CoreServices.framework/Versions/A/Frameworks/Metadata.framework/Versions/A/Metadata
0x0000000021436000 	/System/Library/Frameworks/CoreServices.framework/Versions/A/Frameworks/OSServices.framework/Versions/A/OSServices
0x0000000021436000 	/System/Library/Frameworks/CoreServices.framework/Versions/A/Frameworks/SearchKit.framework/Versions/A/SearchKit
0x0000000021436000 	/System/Library/Frameworks/CoreServices.framework/Versions/A/Frameworks/AE.framework/Versions/A/AE
0x0000000021436000 	/System/Library/Frameworks/CoreServices.framework/Versions/A/Frameworks/LaunchServices.framework/Versions/A/LaunchServices
0x0000000021436000 	/System/Library/Frameworks/CoreServices.framework/Versions/A/Frameworks/DictionaryServices.framework/Versions/A/DictionaryServices
0x0000000021436000 	/System/Library/Frameworks/CoreServices.framework/Versions/A/Frameworks/SharedFileList.framework/Versions/A/SharedFileList
0x0000000021436000 	/System/Library/Frameworks/NetFS.framework/Versions/A/NetFS
0x0000000021436000 	/System/Library/PrivateFrameworks/NetAuth.framework/Versions/A/NetAuth
0x0000000021436000 	/System/Library/PrivateFrameworks/login.framework/Versions/A/Frameworks/loginsupport.framework/Versions/A/loginsupport
0x0000000021436000 	/System/Library/PrivateFrameworks/TCC.framework/Versions/A/TCC
0x0000000021436000 	/System/Library/PrivateFrameworks/CoreNLP.framework/Versions/A/CoreNLP
0x0000000021436000 	/System/Library/PrivateFrameworks/MetadataUtilities.framework/Versions/A/MetadataUtilities
0x0000000021436000 	/usr/lib/libmecabra.dylib
0x0000000021436000 	/System/Library/Frameworks/ApplicationServices.framework/Versions/A/Frameworks/ATS.framework/Versions/A/ATS
0x0000000021436000 	/System/Library/Frameworks/ApplicationServices.framework/Versions/A/Frameworks/ColorSyncLegacy.framework/Versions/A/ColorSyncLegacy
0x0000000021436000 	/System/Library/Frameworks/ApplicationServices.framework/Versions/A/Frameworks/HIServices.framework/Versions/A/HIServices
0x0000000021436000 	/System/Library/Frameworks/ApplicationServices.framework/Versions/A/Frameworks/LangAnalysis.framework/Versions/A/LangAnalysis
0x0000000021436000 	/System/Library/Frameworks/ApplicationServices.framework/Versions/A/Frameworks/PrintCore.framework/Versions/A/PrintCore
0x0000000021436000 	/System/Library/Frameworks/ApplicationServices.framework/Versions/A/Frameworks/QD.framework/Versions/A/QD
0x0000000021436000 	/System/Library/Frameworks/ApplicationServices.framework/Versions/A/Frameworks/SpeechSynthesis.framework/Versions/A/SpeechSynthesis
0x0000000021436000 	/usr/lib/libcompression.dylib
0x0000000021436000 	/System/Library/Frameworks/CoreDisplay.framework/Versions/A/CoreDisplay
0x0000000021436000 	/System/Library/Frameworks/MetalPerformanceShaders.framework/Versions/A/MetalPerformanceShaders
0x0000000021436000 	/System/Library/Frameworks/Accelerate.framework/Versions/A/Frameworks/vImage.framework/Versions/A/vImage
0x0000000021436000 	/System/Library/Frameworks/Accelerate.framework/Versions/A/Frameworks/vecLib.framework/Versions/A/vecLib
0x0000000021436000 	/System/Library/Frameworks/Accelerate.framework/Versions/A/Frameworks/vecLib.framework/Versions/A/libvMisc.dylib
0x0000000021436000 	/System/Library/Frameworks/Accelerate.framework/Versions/A/Frameworks/vecLib.framework/Versions/A/libvDSP.dylib
0x0000000021436000 	/System/Library/Frameworks/Accelerate.framework/Versions/A/Frameworks/vecLib.framework/Versions/A/libBLAS.dylib
0x0000000021436000 	/System/Library/Frameworks/Accelerate.framework/Versions/A/Frameworks/vecLib.framework/Versions/A/libLAPACK.dylib
0x0000000021436000 	/System/Library/Frameworks/Accelerate.framework/Versions/A/Frameworks/vecLib.framework/Versions/A/libLinearAlgebra.dylib
0x0000000021436000 	/System/Library/Frameworks/Accelerate.framework/Versions/A/Frameworks/vecLib.framework/Versions/A/libSparseBLAS.dylib
0x0000000021436000 	/System/Library/Frameworks/Accelerate.framework/Versions/A/Frameworks/vecLib.framework/Versions/A/libQuadrature.dylib
0x0000000021436000 	/System/Library/Frameworks/Accelerate.framework/Versions/A/Frameworks/vecLib.framework/Versions/A/libBNNS.dylib
0x0000000021436000 	/System/Library/Frameworks/Accelerate.framework/Versions/A/Frameworks/vecLib.framework/Versions/A/libSparse.dylib
0x0000000021436000 	/System/Library/PrivateFrameworks/GPUWrangler.framework/Versions/A/GPUWrangler
0x0000000021436000 	/System/Library/PrivateFrameworks/IOAccelerator.framework/Versions/A/IOAccelerator
0x0000000021436000 	/System/Library/PrivateFrameworks/IOPresentment.framework/Versions/A/IOPresentment
0x0000000021436000 	/System/Library/PrivateFrameworks/DSExternalDisplay.framework/Versions/A/DSExternalDisplay
0x0000000021436000 	/System/Library/Frameworks/OpenGL.framework/Versions/A/Libraries/libCoreFSCache.dylib
0x0000000021436000 	/System/Library/Frameworks/MetalPerformanceShaders.framework/Frameworks/MPSCore.framework/Versions/A/MPSCore
0x0000000021436000 	/System/Library/Frameworks/MetalPerformanceShaders.framework/Frameworks/MPSImage.framework/Versions/A/MPSImage
0x0000000021436000 	/System/Library/Frameworks/MetalPerformanceShaders.framework/Frameworks/MPSNeuralNetwork.framework/Versions/A/MPSNeuralNetwork
0x0000000021436000 	/System/Library/Frameworks/MetalPerformanceShaders.framework/Frameworks/MPSMatrix.framework/Versions/A/MPSMatrix
0x0000000021436000 	/System/Library/Frameworks/MetalPerformanceShaders.framework/Frameworks/MPSRayIntersector.framework/Versions/A/MPSRayIntersector
0x0000000021436000 	/System/Library/PrivateFrameworks/MetalTools.framework/Versions/A/MetalTools
0x0000000021436000 	/System/Library/PrivateFrameworks/AggregateDictionary.framework/Versions/A/AggregateDictionary
0x0000000021436000 	/usr/lib/libMobileGestalt.dylib
0x0000000021436000 	/System/Library/Frameworks/CoreVideo.framework/Versions/A/CoreVideo
0x0000000021436000 	/System/Library/PrivateFrameworks/GraphVisualizer.framework/Versions/A/GraphVisualizer
0x0000000021436000 	/System/Library/PrivateFrameworks/FaceCore.framework/Versions/A/FaceCore
0x0000000021436000 	/System/Library/Frameworks/OpenCL.framework/Versions/A/OpenCL
0x0000000021436000 	/usr/lib/libFosl_dynamic.dylib
0x0000000021436000 	/System/Library/PrivateFrameworks/OTSVG.framework/Versions/A/OTSVG
0x0000000021436000 	/System/Library/Frameworks/ApplicationServices.framework/Versions/A/Frameworks/ATS.framework/Versions/A/Resources/libFontParser.dylib
0x0000000021436000 	/System/Library/Frameworks/ApplicationServices.framework/Versions/A/Frameworks/ATS.framework/Versions/A/Resources/libFontRegistry.dylib
0x0000000021436000 	/System/Library/Frameworks/ImageIO.framework/Versions/A/Resources/libJPEG.dylib
0x0000000021436000 	/System/Library/Frameworks/ImageIO.framework/Versions/A/Resources/libTIFF.dylib
0x0000000021436000 	/System/Library/Frameworks/ImageIO.framework/Versions/A/Resources/libPng.dylib
0x0000000021436000 	/System/Library/Frameworks/ImageIO.framework/Versions/A/Resources/libGIF.dylib
0x0000000021436000 	/System/Library/Frameworks/ImageIO.framework/Versions/A/Resources/libJP2.dylib
0x0000000021436000 	/System/Library/Frameworks/ImageIO.framework/Versions/A/Resources/libRadiance.dylib
0x0000000021436000 	/System/Library/PrivateFrameworks/AppleJPEG.framework/Versions/A/AppleJPEG
0x0000000021436000 	/System/Library/Frameworks/OpenGL.framework/Versions/A/Libraries/libGFXShared.dylib
0x0000000021436000 	/System/Library/Frameworks/OpenGL.framework/Versions/A/Libraries/libGLU.dylib
0x0000000021436000 	/System/Library/Frameworks/OpenGL.framework/Versions/A/Libraries/libGL.dylib
0x0000000021436000 	/System/Library/Frameworks/OpenGL.framework/Versions/A/Libraries/libGLImage.dylib
0x0000000021436000 	/System/Library/Frameworks/OpenGL.framework/Versions/A/Libraries/libCVMSPluginSupport.dylib
0x0000000021436000 	/System/Library/Frameworks/OpenGL.framework/Versions/A/Libraries/libCoreVMClient.dylib
0x0000000021436000 	/usr/lib/libcups.2.dylib
0x0000000021436000 	/System/Library/Frameworks/Kerberos.framework/Versions/A/Kerberos
0x0000000021436000 	/System/Library/Frameworks/GSS.framework/Versions/A/GSS
0x0000000021436000 	/usr/lib/libresolv.9.dylib
0x0000000021436000 	/usr/lib/libiconv.2.dylib
0x0000000021436000 	/System/Library/PrivateFrameworks/Heimdal.framework/Versions/A/Heimdal
0x0000000021436000 	/usr/lib/libheimdal-asn1.dylib
0x0000000021436000 	/System/Library/Frameworks/OpenDirectory.framework/Versions/A/OpenDirectory
0x0000000021436000 	/System/Library/PrivateFrameworks/CommonAuth.framework/Versions/A/CommonAuth
0x0000000021436000 	/System/Library/Frameworks/OpenDirectory.framework/Versions/A/Frameworks/CFOpenDirectory.framework/Versions/A/CFOpenDirectory
0x0000000021436000 	/System/Library/Frameworks/SecurityFoundation.framework/Versions/A/SecurityFoundation
0x0000000021436000 	/System/Library/PrivateFrameworks/APFS.framework/Versions/A/APFS
0x0000000021436000 	/usr/lib/libutil.dylib
0x0000000021436000 	/usr/lib/libcharset.1.dylib
0x0000000021436000 	/System/Library/PrivateFrameworks/AppleSauce.framework/Versions/A/AppleSauce
0x0000000021436000 	/System/Library/PrivateFrameworks/AssertionServices.framework/Versions/A/AssertionServices
0x0000000021436000 	/System/Library/PrivateFrameworks/BaseBoard.framework/Versions/A/BaseBoard
0x0000000021436000 	/usr/lib/libmecab.1.0.0.dylib
0x0000000021436000 	/usr/lib/libgermantok.dylib
0x0000000021436000 	/usr/lib/libThaiTokenizer.dylib
0x0000000021436000 	/usr/lib/libChineseTokenizer.dylib
0x0000000021436000 	/System/Library/PrivateFrameworks/LanguageModeling.framework/Versions/A/LanguageModeling
0x0000000021436000 	/System/Library/PrivateFrameworks/CoreEmoji.framework/Versions/A/CoreEmoji
0x0000000021436000 	/System/Library/PrivateFrameworks/Lexicon.framework/Versions/A/Lexicon
0x0000000021436000 	/System/Library/PrivateFrameworks/LinguisticData.framework/Versions/A/LinguisticData
0x0000000021436000 	/usr/lib/libcmph.dylib
0x0000000021436000 	/System/Library/Frameworks/ServiceManagement.framework/Versions/A/ServiceManagement
0x0000000021436000 	/System/Library/PrivateFrameworks/BackgroundTaskManagement.framework/Versions/A/BackgroundTaskManagement
0x0000000021436000 	/usr/lib/libxslt.1.dylib
0x0000000021436000 	/System/Library/Frameworks/Carbon.framework/Versions/A/Frameworks/Ink.framework/Versions/A/Ink
0x0000000021436000 	/System/Library/PrivateFrameworks/TextureIO.framework/Versions/A/TextureIO
0x0000000021436000 	/usr/lib/libate.dylib
0x0000000021436000 	/System/Library/PrivateFrameworks/CrashReporterSupport.framework/Versions/A/CrashReporterSupport
0x0000000021436000 	/System/Library/PrivateFrameworks/Sharing.framework/Versions/A/Sharing
0x0000000021436000 	/System/Library/PrivateFrameworks/AuthKit.framework/Versions/A/AuthKit
0x0000000021436000 	/System/Library/PrivateFrameworks/Apple80211.framework/Versions/A/Apple80211
0x0000000021436000 	/System/Library/PrivateFrameworks/CoreUtils.framework/Versions/A/CoreUtils
0x0000000021436000 	/System/Library/Frameworks/CoreWLAN.framework/Versions/A/CoreWLAN
0x0000000021436000 	/System/Library/Frameworks/IOBluetooth.framework/Versions/A/IOBluetooth
0x0000000021436000 	/System/Library/PrivateFrameworks/ProtocolBuffer.framework/Versions/A/ProtocolBuffer
0x0000000021436000 	/System/Library/PrivateFrameworks/MobileKeyBag.framework/Versions/A/MobileKeyBag
0x0000000021436000 	/System/Library/PrivateFrameworks/CorePhoneNumbers.framework/Versions/A/CorePhoneNumbers
0x0000000021436000 	/System/Library/PrivateFrameworks/AppleIDAuthSupport.framework/Versions/A/AppleIDAuthSupport
0x0000000021436000 	/System/Library/PrivateFrameworks/KeychainCircle.framework/Versions/A/KeychainCircle
0x0000000021436000 	/System/Library/PrivateFrameworks/ROCKit.framework/Versions/A/ROCKit
0x0000000021436000 	/System/Library/PrivateFrameworks/CoreWiFi.framework/Versions/A/CoreWiFi
0x0000000021436000 	/System/Library/Frameworks/CoreBluetooth.framework/Versions/A/CoreBluetooth
0x0000000021436000 	/System/Library/PrivateFrameworks/DebugSymbols.framework/Versions/A/DebugSymbols
0x0000000021436000 	/System/Library/PrivateFrameworks/CoreSymbolication.framework/Versions/A/CoreSymbolication
0x0000000021436000 	/System/Library/PrivateFrameworks/Symbolication.framework/Versions/A/Symbolication
0x0000000021436000 	/System/Library/PrivateFrameworks/SpeechRecognitionCore.framework/Versions/A/SpeechRecognitionCore
0x0000000106ff6000 	/Library/Java/JavaVirtualMachines/jdk1.8.0_111.jdk/Contents/Home/jre/lib/server/libjvm.dylib
0x0000000021436000 	/usr/lib/libstdc++.6.dylib
0x0000000106200000 	/Library/Java/JavaVirtualMachines/jdk1.8.0_111.jdk/Contents/Home/jre/lib/libverify.dylib
0x000000010620e000 	/Library/Java/JavaVirtualMachines/jdk1.8.0_111.jdk/Contents/Home/jre/lib/libjava.dylib
0x0000000106283000 	/Library/Java/JavaVirtualMachines/jdk1.8.0_111.jdk/Contents/Home/jre/lib/libzip.dylib
0x0000000021436000 	/System/Library/Frameworks/JavaVM.framework/Versions/A/Frameworks/JavaRuntimeSupport.framework/Versions/A/JavaRuntimeSupport
0x0000000021436000 	/System/Library/Frameworks/JavaVM.framework/Versions/A/Frameworks/JavaNativeFoundation.framework/Versions/A/JavaNativeFoundation
0x0000000021436000 	/System/Library/Frameworks/JavaVM.framework/Versions/A/JavaVM
0x0000000021436000 	/System/Library/Frameworks/Carbon.framework/Versions/A/Carbon
0x0000000021436000 	/System/Library/PrivateFrameworks/JavaLaunching.framework/Versions/A/JavaLaunching
0x0000000021436000 	/System/Library/Frameworks/Carbon.framework/Versions/A/Frameworks/CommonPanels.framework/Versions/A/CommonPanels
0x0000000021436000 	/System/Library/Frameworks/Carbon.framework/Versions/A/Frameworks/Help.framework/Versions/A/Help
0x0000000021436000 	/System/Library/Frameworks/Carbon.framework/Versions/A/Frameworks/ImageCapture.framework/Versions/A/ImageCapture
0x0000000021436000 	/System/Library/Frameworks/Carbon.framework/Versions/A/Frameworks/OpenScripting.framework/Versions/A/OpenScripting
0x0000000021436000 	/System/Library/Frameworks/Carbon.framework/Versions/A/Frameworks/Print.framework/Versions/A/Print
0x0000000021436000 	/System/Library/Frameworks/Carbon.framework/Versions/A/Frameworks/SecurityHI.framework/Versions/A/SecurityHI
0x0000000123db8000 	/Library/Java/JavaVirtualMachines/jdk1.8.0_111.jdk/Contents/Home/jre/lib/libawt.dylib
0x0000000123e60000 	/Library/Java/JavaVirtualMachines/jdk1.8.0_111.jdk/Contents/Home/jre/lib/./libmlib_image.dylib
0x0000000123f2c000 	/Library/Java/JavaVirtualMachines/jdk1.8.0_111.jdk/Contents/Home/jre/lib/libawt_lwawt.dylib
0x0000000123fe1000 	/Library/Java/JavaVirtualMachines/jdk1.8.0_111.jdk/Contents/Home/jre/lib/./libosxapp.dylib
0x0000000021436000 	/System/Library/Frameworks/ExceptionHandling.framework/Versions/A/ExceptionHandling
0x0000000021436000 	/System/Library/PrivateFrameworks/CoreServicesInternal.framework/Versions/A/CoreServicesInternal
0x0000000021436000 	/System/Library/CoreServices/RawCamera.bundle/Contents/MacOS/RawCamera
0x0000000021436000 	/System/Library/PrivateFrameworks/MobileAsset.framework/Versions/A/MobileAsset
0x0000000021436000 	/System/Library/PrivateFrameworks/StreamingZip.framework/Versions/A/StreamingZip
0x0000000021436000 	/System/Library/Frameworks/MediaToolbox.framework/Versions/A/MediaToolbox
0x0000000021436000 	/System/Library/PrivateFrameworks/CoreAVCHD.framework/Versions/A/CoreAVCHD
0x0000000021436000 	/System/Library/Frameworks/MediaAccessibility.framework/Versions/A/MediaAccessibility
0x0000000021436000 	/System/Library/PrivateFrameworks/Mangrove.framework/Versions/A/Mangrove
0x0000000021436000 	/System/Library/Frameworks/CoreMedia.framework/Versions/A/CoreMedia
0x0000000021436000 	/System/Library/Frameworks/VideoToolbox.framework/Versions/A/VideoToolbox
0x0000000021436000 	/System/Library/PrivateFrameworks/CoreAUC.framework/Versions/A/CoreAUC
0x0000000021436000 	/usr/lib/libspindump.dylib
0x0000000021436000 	/System/Library/PrivateFrameworks/AppleVA.framework/Versions/A/AppleVA
0x0000000021436000 	/System/Library/Frameworks/Accelerate.framework/Versions/A/Frameworks/vImage.framework/Versions/A/Libraries/libCGInterfaces.dylib
0x0000000021436000 	/System/Library/Frameworks/ApplicationServices.framework/Versions/A/Frameworks/ATS.framework/Versions/A/Resources/libTrueTypeScaler.dylib
0x0000000021436000 	/System/Library/Extensions/AppleIntelHD5000GraphicsMTLDriver.bundle/Contents/MacOS/AppleIntelHD5000GraphicsMTLDriver
0x0000000021436000 	/System/Library/PrivateFrameworks/GPUCompiler.framework/Versions/3902/Libraries/libmetal_timestamp.dylib
0x0000000021436000 	/System/Library/PrivateFrameworks/FamilyControls.framework/Versions/A/FamilyControls
0x0000000021436000 	/System/Library/PrivateFrameworks/CommerceKit.framework/Versions/A/Frameworks/CommerceCore.framework/Versions/A/CommerceCore
0x0000000021436000 	/System/Library/PrivateFrameworks/SystemAdministration.framework/Versions/A/SystemAdministration
0x0000000021436000 	/System/Library/PrivateFrameworks/AppContainer.framework/Versions/A/AppContainer
0x0000000021436000 	/System/Library/PrivateFrameworks/AppSandbox.framework/Versions/A/AppSandbox
0x0000000021436000 	/System/Library/PrivateFrameworks/SecCodeWrapper.framework/Versions/A/SecCodeWrapper
0x0000000021436000 	/usr/lib/libsandbox.1.dylib
0x0000000021436000 	/usr/lib/libMatch.1.dylib
0x0000000021436000 	/System/Library/PrivateFrameworks/DiskManagement.framework/Versions/A/DiskManagement
0x0000000021436000 	/System/Library/Frameworks/DirectoryService.framework/Versions/A/DirectoryService
0x0000000021436000 	/System/Library/PrivateFrameworks/DiskImages.framework/Versions/A/DiskImages
0x0000000021436000 	/System/Library/PrivateFrameworks/LoginUIKit.framework/Versions/A/Frameworks/LoginUICore.framework/Versions/A/LoginUICore
0x0000000021436000 	/usr/lib/libCoreStorage.dylib
0x0000000021436000 	/usr/lib/libcsfde.dylib
0x0000000021436000 	/usr/lib/libodfde.dylib
0x0000000021436000 	/System/Library/PrivateFrameworks/MediaKit.framework/Versions/A/MediaKit
0x0000000021436000 	/System/Library/Frameworks/DiscRecording.framework/Versions/A/DiscRecording
0x0000000021436000 	/System/Library/PrivateFrameworks/EFILogin.framework/Versions/A/EFILogin
0x0000000021436000 	/System/Library/PrivateFrameworks/ProtectedCloudStorage.framework/Versions/A/ProtectedCloudStorage
0x0000000021436000 	/usr/lib/libcurl.4.dylib
0x0000000021436000 	/usr/lib/libcrypto.42.dylib
0x0000000021436000 	/usr/lib/libssl.44.dylib
0x0000000021436000 	/System/Library/Frameworks/LDAP.framework/Versions/A/LDAP
0x0000000021436000 	/System/Library/PrivateFrameworks/TrustEvaluationAgent.framework/Versions/A/TrustEvaluationAgent
0x0000000021436000 	/usr/lib/libsasl2.2.dylib
0x0000000021436000 	/System/Library/PrivateFrameworks/CoreDaemon.framework/Versions/B/CoreDaemon
0x0000000021436000 	/System/Library/PrivateFrameworks/AppleSRP.framework/Versions/A/AppleSRP
0x0000000021436000 	/System/Library/PrivateFrameworks/ViewBridge.framework/Versions/A/ViewBridge
0x0000000021436000 	/System/Library/Frameworks/OpenGL.framework/Versions/A/Resources/GLEngine.bundle/GLEngine
0x0000000021436000 	/System/Library/Frameworks/OpenGL.framework/Versions/A/Libraries/libGLProgrammability.dylib
0x0000000021436000 	/System/Library/Extensions/AppleIntelHD5000GraphicsGLDriver.bundle/Contents/MacOS/AppleIntelHD5000GraphicsGLDriver
0x0000000021436000 	/System/Library/PrivateFrameworks/GPUSupport.framework/Versions/A/Libraries/libGPUSupportMercury.dylib
0x0000000021436000 	/System/Library/Frameworks/OpenGL.framework/Versions/A/Resources/GLRendererFloat.bundle/GLRendererFloat
0x0000000021436000 	/System/Library/Frameworks/OpenCL.framework/Versions/A/Libraries/libcldcpuengine.dylib
0x0000000021436000 	/usr/lib/libcrypto.35.dylib
0x0000000127437000 	/Library/Java/JavaVirtualMachines/jdk1.8.0_111.jdk/Contents/Home/jre/lib/libfontmanager.dylib
0x000000012749e000 	/usr/lib/libobjc-trampolines.dylib
0x0000000128a43000 	/Library/Java/JavaVirtualMachines/jdk1.8.0_111.jdk/Contents/Home/jre/lib/libosxui.dylib
0x0000000129700000 	/Library/Java/JavaVirtualMachines/jdk1.8.0_111.jdk/Contents/Home/jre/lib/libnet.dylib
0x0000000129514000 	/Library/Java/JavaVirtualMachines/jdk1.8.0_111.jdk/Contents/Home/jre/lib/libnio.dylib
0x0000000125863000 	/private/var/folders/_p/b5qcm4c96mngd1b05mm2b76c0000gp/T/jogamp_0000/file_cache/jln7044036869864081497/jln2125516394679046636/libgluegen-rt.jnilib
0x0000000125868000 	/private/var/folders/_p/b5qcm4c96mngd1b05mm2b76c0000gp/T/jogamp_0000/file_cache/jln7044036869864081497/jln2125516394679046636/libnativewindow_awt.jnilib
0x000000012586b000 	/Library/Java/JavaVirtualMachines/jdk1.8.0_111.jdk/Contents/Home/jre/lib/libjawt.dylib
0x000000012586e000 	/private/var/folders/_p/b5qcm4c96mngd1b05mm2b76c0000gp/T/jogamp_0000/file_cache/jln7044036869864081497/jln2125516394679046636/libnativewindow_macosx.jnilib
0x0000000167fc0000 	/private/var/folders/_p/b5qcm4c96mngd1b05mm2b76c0000gp/T/jogamp_0000/file_cache/jln7044036869864081497/jln2125516394679046636/libjogl_desktop.jnilib
0x000000016bf1b000 	/Library/Java/JavaVirtualMachines/jdk1.8.0_111.jdk/Contents/Home/jre/lib/libjpeg.dylib
0x0000000021436000 	/System/Library/PrivateFrameworks/login.framework/Versions/A/login

VM Arguments:
jvm_args: -Djava.security.policy=java.policy.applet -Dfile.encoding=UTF-8 
java_command: sun.applet.AppletViewer module1.HelloWorld1559983898536.html
java_class_path (initial): /Users/bosen/Library/Mobile Documents/com~apple~CloudDocs/Coursera_OOP/UCSDUnfoldingMaps/build:/Users/bosen/Library/Mobile Documents/com~apple~CloudDocs/Coursera_OOP/UCSDUnfoldingMaps/lib/core.jar:/Users/bosen/Library/Mobile Documents/com~apple~CloudDocs/Coursera_OOP/UCSDUnfoldingMaps/lib/gluegen-rt.jar:/Users/bosen/Library/Mobile Documents/com~apple~CloudDocs/Coursera_OOP/UCSDUnfoldingMaps/lib/jogl-all.jar:/Users/bosen/Library/Mobile Documents/com~apple~CloudDocs/Coursera_OOP/UCSDUnfoldingMaps/lib/log4j-1.2.15.jar:/Users/bosen/Library/Mobile Documents/com~apple~CloudDocs/Coursera_OOP/UCSDUnfoldingMaps/lib/sqlite-jdbc-3.7.2.jar:/Users/bosen/Library/Mobile Documents/com~apple~CloudDocs/Coursera_OOP/UCSDUnfoldingMaps/lib/json4processing.jar:/Users/bosen/Library/Mobile Documents/com~apple~CloudDocs/Coursera_OOP/UCSDUnfoldingMaps/lib/libTUIO.jar:/Users/bosen/Library/Mobile Documents/com~apple~CloudDocs/Coursera_OOP/UCSDUnfoldingMaps/lib/unfolding.0.9.7-uscd.jar
Launcher Type: SUN_STANDARD

Environment Variables:
PATH=/usr/bin:/bin:/usr/sbin:/sbin
SHELL=/bin/bash

Signal Handlers:
SIGSEGV: [libjvm.dylib+0x5b03ed], sa_mask[0]=11111111011111110111111111111111, sa_flags=SA_ONSTACK|SA_RESTART|SA_SIGINFO
SIGBUS: [libjvm.dylib+0x5b03ed], sa_mask[0]=11111111011111110111111111111111, sa_flags=SA_RESTART|SA_SIGINFO
SIGFPE: [libjvm.dylib+0x48711c], sa_mask[0]=11111111011111110111111111111111, sa_flags=SA_RESTART|SA_SIGINFO
SIGPIPE: [libjvm.dylib+0x48711c], sa_mask[0]=11111111011111110111111111111111, sa_flags=SA_RESTART|SA_SIGINFO
SIGXFSZ: [libjvm.dylib+0x48711c], sa_mask[0]=11111111011111110111111111111111, sa_flags=SA_RESTART|SA_SIGINFO
SIGILL: [libjvm.dylib+0x48711c], sa_mask[0]=11111111011111110111111111111111, sa_flags=SA_RESTART|SA_SIGINFO
SIGUSR1: SIG_DFL, sa_mask[0]=00000000000000000000000000000000, sa_flags=none
SIGUSR2: [libjvm.dylib+0x486c3a], sa_mask[0]=00100000000000000000000000000000, sa_flags=SA_RESTART|SA_SIGINFO
SIGHUP: [libjvm.dylib+0x485211], sa_mask[0]=11111111011111110111111111111111, sa_flags=SA_RESTART|SA_SIGINFO
SIGINT: [libjvm.dylib+0x485211], sa_mask[0]=11111111011111110111111111111111, sa_flags=SA_RESTART|SA_SIGINFO
SIGTERM: [libjvm.dylib+0x485211], sa_mask[0]=11111111011111110111111111111111, sa_flags=SA_RESTART|SA_SIGINFO
SIGQUIT: [libjvm.dylib+0x485211], sa_mask[0]=11111111011111110111111111111111, sa_flags=SA_RESTART|SA_SIGINFO


---------------  S Y S T E M  ---------------

OS:Bsduname:Darwin 18.2.0 Darwin Kernel Version 18.2.0: Fri Oct  5 19:41:49 PDT 2018; root:xnu-4903.221.2~2/RELEASE_X86_64 x86_64
rlimit: STACK 8192k, CORE 0k, NPROC 1418, NOFILE 10240, AS infinity
load average:1.86 1.87 1.92

CPU:total 8 (4 cores per cpu, 2 threads per core) family 6 model 70 stepping 1, cmov, cx8, fxsr, mmx, sse, sse2, sse3, ssse3, sse4.1, sse4.2, popcnt, avx, avx2, aes, clmul, erms, lzcnt, ht, tsc, tscinvbit, bmi1, bmi2

Memory: 4k page, physical 16777216k(233888k free)

/proc/meminfo:


vm_info: Java HotSpot(TM) 64-Bit Server VM (25.111-b14) for bsd-amd64 JRE (1.8.0_111-b14), built on Sep 22 2016 15:31:41 by "java_re" with gcc 4.2.1 (Based on Apple Inc. build 5658) (LLVM build 2336.11.00)

time: Sat Jun  8 16:52:11 2019
elapsed time: 33 seconds (0d 0h 0m 33s)

